The target system is: Darwin -  - armv7
The host system is: Darwin - 15.6.0 - x86_64
Compiling the C compiler identification source file "CMakeCCompilerId.c" succeeded.
Compiler: /Applications/Xcode.app/Contents/Developer/Toolchains/XcodeDefault.xctoolchain/usr/bin/clang 
Build flags: ;-miphoneos-version-min=8.0;-DTARGET_OS_IPHONE=1;-D__IOS;-fms-extensions;-mcpu=cortex-a8;-fembed-bitcode
Id flags: -c

The output was:
0
clang: warning: argument unused during compilation: '-mcpu=cortex-a8'


Compilation of the C compiler identification source "CMakeCCompilerId.c" produced "CMakeCCompilerId.o"

The C compiler identification is AppleClang, found in "/Users/syzn/Documents/Official_Linphone/linphone-iphone/WORK/ios-armv7/Build/bellesip/CMakeFiles/3.7.2/CompilerIdC/CMakeCCompilerId.o"

Compiling the CXX compiler identification source file "CMakeCXXCompilerId.cpp" succeeded.
Compiler: /Applications/Xcode.app/Contents/Developer/Toolchains/XcodeDefault.xctoolchain/usr/bin/clang++ 
Build flags: ;-miphoneos-version-min=8.0;-DTARGET_OS_IPHONE=1;-D__IOS;-fms-extensions;-mcpu=cortex-a8;-fembed-bitcode;;-stdlib=libc++
Id flags: -c

The output was:
0
clang: warning: argument unused during compilation: '-mcpu=cortex-a8'


Compilation of the CXX compiler identification source "CMakeCXXCompilerId.cpp" produced "CMakeCXXCompilerId.o"

The CXX compiler identification is AppleClang, found in "/Users/syzn/Documents/Official_Linphone/linphone-iphone/WORK/ios-armv7/Build/bellesip/CMakeFiles/3.7.2/CompilerIdCXX/CMakeCXXCompilerId.o"

Determining if the C compiler works passed with the following output:
Change Dir: /Users/syzn/Documents/Official_Linphone/linphone-iphone/WORK/ios-armv7/Build/bellesip/CMakeFiles/CMakeTmp

Run Build Command:"/usr/bin/make" "cmTC_397b5/fast"
/Applications/Xcode.app/Contents/Developer/usr/bin/make -f CMakeFiles/cmTC_397b5.dir/build.make CMakeFiles/cmTC_397b5.dir/build
Building C object CMakeFiles/cmTC_397b5.dir/testCCompiler.c.o
/Applications/Xcode.app/Contents/Developer/Toolchains/XcodeDefault.xctoolchain/usr/bin/clang  --target=armv7-apple-darwin   -miphoneos-version-min=8.0 -DTARGET_OS_IPHONE=1 -D__IOS -fms-extensions -mcpu=cortex-a8 -fembed-bitcode  -arch armv7 -isysroot /Applications/Xcode.app/Contents/Developer/Platforms/iPhoneOS.platform/Developer/SDKs/iPhoneOS10.2.sdk   -o CMakeFiles/cmTC_397b5.dir/testCCompiler.c.o   -c /Users/syzn/Documents/Official_Linphone/linphone-iphone/WORK/ios-armv7/Build/bellesip/CMakeFiles/CMakeTmp/testCCompiler.c
Linking C executable cmTC_397b5
/usr/local/Cellar/cmake/3.7.2/bin/cmake -E cmake_link_script CMakeFiles/cmTC_397b5.dir/link.txt --verbose=1
/Applications/Xcode.app/Contents/Developer/Toolchains/XcodeDefault.xctoolchain/usr/bin/clang  --target=armv7-apple-darwin  -miphoneos-version-min=8.0 -DTARGET_OS_IPHONE=1 -D__IOS -fms-extensions -mcpu=cortex-a8 -fembed-bitcode  -arch armv7 -isysroot /Applications/Xcode.app/Contents/Developer/Platforms/iPhoneOS.platform/Developer/SDKs/iPhoneOS10.2.sdk -Wl,-headerpad_max_install_names   CMakeFiles/cmTC_397b5.dir/testCCompiler.c.o  -o cmTC_397b5  
ld: warning: -headerpad_max_install_names is ignored when used with -bitcode_bundle (Xcode setting ENABLE_BITCODE=YES)


Detecting C compiler ABI info compiled with the following output:
Change Dir: /Users/syzn/Documents/Official_Linphone/linphone-iphone/WORK/ios-armv7/Build/bellesip/CMakeFiles/CMakeTmp

Run Build Command:"/usr/bin/make" "cmTC_e7f9d/fast"
/Applications/Xcode.app/Contents/Developer/usr/bin/make -f CMakeFiles/cmTC_e7f9d.dir/build.make CMakeFiles/cmTC_e7f9d.dir/build
Building C object CMakeFiles/cmTC_e7f9d.dir/CMakeCCompilerABI.c.o
/Applications/Xcode.app/Contents/Developer/Toolchains/XcodeDefault.xctoolchain/usr/bin/clang  --target=armv7-apple-darwin   -miphoneos-version-min=8.0 -DTARGET_OS_IPHONE=1 -D__IOS -fms-extensions -mcpu=cortex-a8 -fembed-bitcode  -arch armv7 -isysroot /Applications/Xcode.app/Contents/Developer/Platforms/iPhoneOS.platform/Developer/SDKs/iPhoneOS10.2.sdk   -o CMakeFiles/cmTC_e7f9d.dir/CMakeCCompilerABI.c.o   -c /usr/local/Cellar/cmake/3.7.2/share/cmake/Modules/CMakeCCompilerABI.c
Linking C executable cmTC_e7f9d
/usr/local/Cellar/cmake/3.7.2/bin/cmake -E cmake_link_script CMakeFiles/cmTC_e7f9d.dir/link.txt --verbose=1
/Applications/Xcode.app/Contents/Developer/Toolchains/XcodeDefault.xctoolchain/usr/bin/clang  --target=armv7-apple-darwin  -miphoneos-version-min=8.0 -DTARGET_OS_IPHONE=1 -D__IOS -fms-extensions -mcpu=cortex-a8 -fembed-bitcode  -arch armv7 -isysroot /Applications/Xcode.app/Contents/Developer/Platforms/iPhoneOS.platform/Developer/SDKs/iPhoneOS10.2.sdk -Wl,-headerpad_max_install_names  -v -Wl,-v CMakeFiles/cmTC_e7f9d.dir/CMakeCCompilerABI.c.o  -o cmTC_e7f9d   
Apple LLVM version 8.0.0 (clang-800.0.42.1)
Target: arm-apple-darwin
Thread model: posix
InstalledDir: /Applications/Xcode.app/Contents/Developer/Toolchains/XcodeDefault.xctoolchain/usr/bin
 "/Applications/Xcode.app/Contents/Developer/Toolchains/XcodeDefault.xctoolchain/usr/bin/ld" -demangle -dynamic -arch armv7 -iphoneos_version_min 8.0.0 -bitcode_bundle -syslibroot /Applications/Xcode.app/Contents/Developer/Platforms/iPhoneOS.platform/Developer/SDKs/iPhoneOS10.2.sdk -o cmTC_e7f9d -headerpad_max_install_names -v CMakeFiles/cmTC_e7f9d.dir/CMakeCCompilerABI.c.o -lSystem /Applications/Xcode.app/Contents/Developer/Toolchains/XcodeDefault.xctoolchain/usr/bin/../lib/clang/8.0.0/lib/darwin/libclang_rt.ios.a
@(#)PROGRAM:ld  PROJECT:ld64-274.2
configured to support archs: armv6 armv7 armv7s arm64 i386 x86_64 x86_64h armv6m armv7k armv7m armv7em (tvOS)
Library search paths:
	/Applications/Xcode.app/Contents/Developer/Platforms/iPhoneOS.platform/Developer/SDKs/iPhoneOS10.2.sdk/usr/lib
Framework search paths:
	/Applications/Xcode.app/Contents/Developer/Platforms/iPhoneOS.platform/Developer/SDKs/iPhoneOS10.2.sdk/System/Library/Frameworks/
ld: warning: -headerpad_max_install_names is ignored when used with -bitcode_bundle (Xcode setting ENABLE_BITCODE=YES)


Parsed C implicit link information from above output:
  link line regex: [^( *|.*[/\])(ld|([^/\]+-)?ld|collect2)[^/\]*( |$)]
  ignore line: [Change Dir: /Users/syzn/Documents/Official_Linphone/linphone-iphone/WORK/ios-armv7/Build/bellesip/CMakeFiles/CMakeTmp]
  ignore line: []
  ignore line: [Run Build Command:"/usr/bin/make" "cmTC_e7f9d/fast"]
  ignore line: [/Applications/Xcode.app/Contents/Developer/usr/bin/make -f CMakeFiles/cmTC_e7f9d.dir/build.make CMakeFiles/cmTC_e7f9d.dir/build]
  ignore line: [Building C object CMakeFiles/cmTC_e7f9d.dir/CMakeCCompilerABI.c.o]
  ignore line: [/Applications/Xcode.app/Contents/Developer/Toolchains/XcodeDefault.xctoolchain/usr/bin/clang  --target=armv7-apple-darwin   -miphoneos-version-min=8.0 -DTARGET_OS_IPHONE=1 -D__IOS -fms-extensions -mcpu=cortex-a8 -fembed-bitcode  -arch armv7 -isysroot /Applications/Xcode.app/Contents/Developer/Platforms/iPhoneOS.platform/Developer/SDKs/iPhoneOS10.2.sdk   -o CMakeFiles/cmTC_e7f9d.dir/CMakeCCompilerABI.c.o   -c /usr/local/Cellar/cmake/3.7.2/share/cmake/Modules/CMakeCCompilerABI.c]
  ignore line: [Linking C executable cmTC_e7f9d]
  ignore line: [/usr/local/Cellar/cmake/3.7.2/bin/cmake -E cmake_link_script CMakeFiles/cmTC_e7f9d.dir/link.txt --verbose=1]
  ignore line: [/Applications/Xcode.app/Contents/Developer/Toolchains/XcodeDefault.xctoolchain/usr/bin/clang  --target=armv7-apple-darwin  -miphoneos-version-min=8.0 -DTARGET_OS_IPHONE=1 -D__IOS -fms-extensions -mcpu=cortex-a8 -fembed-bitcode  -arch armv7 -isysroot /Applications/Xcode.app/Contents/Developer/Platforms/iPhoneOS.platform/Developer/SDKs/iPhoneOS10.2.sdk -Wl,-headerpad_max_install_names  -v -Wl,-v CMakeFiles/cmTC_e7f9d.dir/CMakeCCompilerABI.c.o  -o cmTC_e7f9d   ]
  ignore line: [Apple LLVM version 8.0.0 (clang-800.0.42.1)]
  ignore line: [Target: arm-apple-darwin]
  ignore line: [Thread model: posix]
  ignore line: [InstalledDir: /Applications/Xcode.app/Contents/Developer/Toolchains/XcodeDefault.xctoolchain/usr/bin]
  link line: [ "/Applications/Xcode.app/Contents/Developer/Toolchains/XcodeDefault.xctoolchain/usr/bin/ld" -demangle -dynamic -arch armv7 -iphoneos_version_min 8.0.0 -bitcode_bundle -syslibroot /Applications/Xcode.app/Contents/Developer/Platforms/iPhoneOS.platform/Developer/SDKs/iPhoneOS10.2.sdk -o cmTC_e7f9d -headerpad_max_install_names -v CMakeFiles/cmTC_e7f9d.dir/CMakeCCompilerABI.c.o -lSystem /Applications/Xcode.app/Contents/Developer/Toolchains/XcodeDefault.xctoolchain/usr/bin/../lib/clang/8.0.0/lib/darwin/libclang_rt.ios.a]
    arg [/Applications/Xcode.app/Contents/Developer/Toolchains/XcodeDefault.xctoolchain/usr/bin/ld] ==> ignore
    arg [-demangle] ==> ignore
    arg [-dynamic] ==> ignore
    arg [-arch] ==> ignore
    arg [armv7] ==> ignore
    arg [-iphoneos_version_min] ==> ignore
    arg [8.0.0] ==> ignore
    arg [-bitcode_bundle] ==> ignore
    arg [-syslibroot] ==> ignore
    arg [/Applications/Xcode.app/Contents/Developer/Platforms/iPhoneOS.platform/Developer/SDKs/iPhoneOS10.2.sdk] ==> ignore
    arg [-o] ==> ignore
    arg [cmTC_e7f9d] ==> ignore
    arg [-headerpad_max_install_names] ==> ignore
    arg [-v] ==> ignore
    arg [CMakeFiles/cmTC_e7f9d.dir/CMakeCCompilerABI.c.o] ==> ignore
    arg [-lSystem] ==> lib [System]
    arg [/Applications/Xcode.app/Contents/Developer/Toolchains/XcodeDefault.xctoolchain/usr/bin/../lib/clang/8.0.0/lib/darwin/libclang_rt.ios.a] ==> lib [/Applications/Xcode.app/Contents/Developer/Toolchains/XcodeDefault.xctoolchain/usr/bin/../lib/clang/8.0.0/lib/darwin/libclang_rt.ios.a]
  Library search paths: [;/Applications/Xcode.app/Contents/Developer/Platforms/iPhoneOS.platform/Developer/SDKs/iPhoneOS10.2.sdk/usr/lib]
  Framework search paths: [;/Applications/Xcode.app/Contents/Developer/Platforms/iPhoneOS.platform/Developer/SDKs/iPhoneOS10.2.sdk/System/Library/Frameworks/]
  remove lib [System]
  remove lib [/Applications/Xcode.app/Contents/Developer/Toolchains/XcodeDefault.xctoolchain/usr/bin/../lib/clang/8.0.0/lib/darwin/libclang_rt.ios.a]
  collapse library dir [/Applications/Xcode.app/Contents/Developer/Platforms/iPhoneOS.platform/Developer/SDKs/iPhoneOS10.2.sdk/usr/lib] ==> [/Applications/Xcode.app/Contents/Developer/Platforms/iPhoneOS.platform/Developer/SDKs/iPhoneOS10.2.sdk/usr/lib]
  collapse framework dir [/Applications/Xcode.app/Contents/Developer/Platforms/iPhoneOS.platform/Developer/SDKs/iPhoneOS10.2.sdk/System/Library/Frameworks/] ==> [/Applications/Xcode.app/Contents/Developer/Platforms/iPhoneOS.platform/Developer/SDKs/iPhoneOS10.2.sdk/System/Library/Frameworks]
  implicit libs: []
  implicit dirs: [/Applications/Xcode.app/Contents/Developer/Platforms/iPhoneOS.platform/Developer/SDKs/iPhoneOS10.2.sdk/usr/lib]
  implicit fwks: [/Applications/Xcode.app/Contents/Developer/Platforms/iPhoneOS.platform/Developer/SDKs/iPhoneOS10.2.sdk/System/Library/Frameworks]




Detecting C [-std=c11] compiler features compiled with the following output:
Change Dir: /Users/syzn/Documents/Official_Linphone/linphone-iphone/WORK/ios-armv7/Build/bellesip/CMakeFiles/CMakeTmp

Run Build Command:"/usr/bin/make" "cmTC_a79dc/fast"
/Applications/Xcode.app/Contents/Developer/usr/bin/make -f CMakeFiles/cmTC_a79dc.dir/build.make CMakeFiles/cmTC_a79dc.dir/build
Building C object CMakeFiles/cmTC_a79dc.dir/feature_tests.c.o
/Applications/Xcode.app/Contents/Developer/Toolchains/XcodeDefault.xctoolchain/usr/bin/clang  --target=armv7-apple-darwin   -miphoneos-version-min=8.0 -DTARGET_OS_IPHONE=1 -D__IOS -fms-extensions -mcpu=cortex-a8 -fembed-bitcode  -arch armv7 -isysroot /Applications/Xcode.app/Contents/Developer/Platforms/iPhoneOS.platform/Developer/SDKs/iPhoneOS10.2.sdk   -std=c11 -o CMakeFiles/cmTC_a79dc.dir/feature_tests.c.o   -c /Users/syzn/Documents/Official_Linphone/linphone-iphone/WORK/ios-armv7/Build/bellesip/CMakeFiles/feature_tests.c
Linking C executable cmTC_a79dc
/usr/local/Cellar/cmake/3.7.2/bin/cmake -E cmake_link_script CMakeFiles/cmTC_a79dc.dir/link.txt --verbose=1
/Applications/Xcode.app/Contents/Developer/Toolchains/XcodeDefault.xctoolchain/usr/bin/clang  --target=armv7-apple-darwin  -miphoneos-version-min=8.0 -DTARGET_OS_IPHONE=1 -D__IOS -fms-extensions -mcpu=cortex-a8 -fembed-bitcode  -arch armv7 -isysroot /Applications/Xcode.app/Contents/Developer/Platforms/iPhoneOS.platform/Developer/SDKs/iPhoneOS10.2.sdk -Wl,-headerpad_max_install_names   CMakeFiles/cmTC_a79dc.dir/feature_tests.c.o  -o cmTC_a79dc  
ld: warning: -headerpad_max_install_names is ignored when used with -bitcode_bundle (Xcode setting ENABLE_BITCODE=YES)


    Feature record: C_FEATURE:1c_function_prototypes
    Feature record: C_FEATURE:1c_restrict
    Feature record: C_FEATURE:1c_static_assert
    Feature record: C_FEATURE:1c_variadic_macros


Detecting C [-std=c99] compiler features compiled with the following output:
Change Dir: /Users/syzn/Documents/Official_Linphone/linphone-iphone/WORK/ios-armv7/Build/bellesip/CMakeFiles/CMakeTmp

Run Build Command:"/usr/bin/make" "cmTC_5bd43/fast"
/Applications/Xcode.app/Contents/Developer/usr/bin/make -f CMakeFiles/cmTC_5bd43.dir/build.make CMakeFiles/cmTC_5bd43.dir/build
Building C object CMakeFiles/cmTC_5bd43.dir/feature_tests.c.o
/Applications/Xcode.app/Contents/Developer/Toolchains/XcodeDefault.xctoolchain/usr/bin/clang  --target=armv7-apple-darwin   -miphoneos-version-min=8.0 -DTARGET_OS_IPHONE=1 -D__IOS -fms-extensions -mcpu=cortex-a8 -fembed-bitcode  -arch armv7 -isysroot /Applications/Xcode.app/Contents/Developer/Platforms/iPhoneOS.platform/Developer/SDKs/iPhoneOS10.2.sdk   -std=c99 -o CMakeFiles/cmTC_5bd43.dir/feature_tests.c.o   -c /Users/syzn/Documents/Official_Linphone/linphone-iphone/WORK/ios-armv7/Build/bellesip/CMakeFiles/feature_tests.c
Linking C executable cmTC_5bd43
/usr/local/Cellar/cmake/3.7.2/bin/cmake -E cmake_link_script CMakeFiles/cmTC_5bd43.dir/link.txt --verbose=1
/Applications/Xcode.app/Contents/Developer/Toolchains/XcodeDefault.xctoolchain/usr/bin/clang  --target=armv7-apple-darwin  -miphoneos-version-min=8.0 -DTARGET_OS_IPHONE=1 -D__IOS -fms-extensions -mcpu=cortex-a8 -fembed-bitcode  -arch armv7 -isysroot /Applications/Xcode.app/Contents/Developer/Platforms/iPhoneOS.platform/Developer/SDKs/iPhoneOS10.2.sdk -Wl,-headerpad_max_install_names   CMakeFiles/cmTC_5bd43.dir/feature_tests.c.o  -o cmTC_5bd43  
ld: warning: -headerpad_max_install_names is ignored when used with -bitcode_bundle (Xcode setting ENABLE_BITCODE=YES)


    Feature record: C_FEATURE:1c_function_prototypes
    Feature record: C_FEATURE:1c_restrict
    Feature record: C_FEATURE:0c_static_assert
    Feature record: C_FEATURE:1c_variadic_macros


Detecting C [-std=c90] compiler features compiled with the following output:
Change Dir: /Users/syzn/Documents/Official_Linphone/linphone-iphone/WORK/ios-armv7/Build/bellesip/CMakeFiles/CMakeTmp

Run Build Command:"/usr/bin/make" "cmTC_f27fb/fast"
/Applications/Xcode.app/Contents/Developer/usr/bin/make -f CMakeFiles/cmTC_f27fb.dir/build.make CMakeFiles/cmTC_f27fb.dir/build
Building C object CMakeFiles/cmTC_f27fb.dir/feature_tests.c.o
/Applications/Xcode.app/Contents/Developer/Toolchains/XcodeDefault.xctoolchain/usr/bin/clang  --target=armv7-apple-darwin   -miphoneos-version-min=8.0 -DTARGET_OS_IPHONE=1 -D__IOS -fms-extensions -mcpu=cortex-a8 -fembed-bitcode  -arch armv7 -isysroot /Applications/Xcode.app/Contents/Developer/Platforms/iPhoneOS.platform/Developer/SDKs/iPhoneOS10.2.sdk   -std=c90 -o CMakeFiles/cmTC_f27fb.dir/feature_tests.c.o   -c /Users/syzn/Documents/Official_Linphone/linphone-iphone/WORK/ios-armv7/Build/bellesip/CMakeFiles/feature_tests.c
Linking C executable cmTC_f27fb
/usr/local/Cellar/cmake/3.7.2/bin/cmake -E cmake_link_script CMakeFiles/cmTC_f27fb.dir/link.txt --verbose=1
/Applications/Xcode.app/Contents/Developer/Toolchains/XcodeDefault.xctoolchain/usr/bin/clang  --target=armv7-apple-darwin  -miphoneos-version-min=8.0 -DTARGET_OS_IPHONE=1 -D__IOS -fms-extensions -mcpu=cortex-a8 -fembed-bitcode  -arch armv7 -isysroot /Applications/Xcode.app/Contents/Developer/Platforms/iPhoneOS.platform/Developer/SDKs/iPhoneOS10.2.sdk -Wl,-headerpad_max_install_names   CMakeFiles/cmTC_f27fb.dir/feature_tests.c.o  -o cmTC_f27fb  
ld: warning: -headerpad_max_install_names is ignored when used with -bitcode_bundle (Xcode setting ENABLE_BITCODE=YES)


    Feature record: C_FEATURE:1c_function_prototypes
    Feature record: C_FEATURE:0c_restrict
    Feature record: C_FEATURE:0c_static_assert
    Feature record: C_FEATURE:0c_variadic_macros
Determining if the CXX compiler works passed with the following output:
Change Dir: /Users/syzn/Documents/Official_Linphone/linphone-iphone/WORK/ios-armv7/Build/bellesip/CMakeFiles/CMakeTmp

Run Build Command:"/usr/bin/make" "cmTC_450fe/fast"
/Applications/Xcode.app/Contents/Developer/usr/bin/make -f CMakeFiles/cmTC_450fe.dir/build.make CMakeFiles/cmTC_450fe.dir/build
Building CXX object CMakeFiles/cmTC_450fe.dir/testCXXCompiler.cxx.o
/Applications/Xcode.app/Contents/Developer/Toolchains/XcodeDefault.xctoolchain/usr/bin/clang++  --target=armv7-apple-darwin    -miphoneos-version-min=8.0 -DTARGET_OS_IPHONE=1 -D__IOS -fms-extensions -mcpu=cortex-a8 -fembed-bitcode  -stdlib=libc++  -arch armv7 -isysroot /Applications/Xcode.app/Contents/Developer/Platforms/iPhoneOS.platform/Developer/SDKs/iPhoneOS10.2.sdk   -o CMakeFiles/cmTC_450fe.dir/testCXXCompiler.cxx.o -c /Users/syzn/Documents/Official_Linphone/linphone-iphone/WORK/ios-armv7/Build/bellesip/CMakeFiles/CMakeTmp/testCXXCompiler.cxx
Linking CXX executable cmTC_450fe
/usr/local/Cellar/cmake/3.7.2/bin/cmake -E cmake_link_script CMakeFiles/cmTC_450fe.dir/link.txt --verbose=1
/Applications/Xcode.app/Contents/Developer/Toolchains/XcodeDefault.xctoolchain/usr/bin/clang++  --target=armv7-apple-darwin   -miphoneos-version-min=8.0 -DTARGET_OS_IPHONE=1 -D__IOS -fms-extensions -mcpu=cortex-a8 -fembed-bitcode  -stdlib=libc++  -arch armv7 -isysroot /Applications/Xcode.app/Contents/Developer/Platforms/iPhoneOS.platform/Developer/SDKs/iPhoneOS10.2.sdk -Wl,-headerpad_max_install_names   CMakeFiles/cmTC_450fe.dir/testCXXCompiler.cxx.o  -o cmTC_450fe  
ld: warning: -headerpad_max_install_names is ignored when used with -bitcode_bundle (Xcode setting ENABLE_BITCODE=YES)


Detecting CXX compiler ABI info compiled with the following output:
Change Dir: /Users/syzn/Documents/Official_Linphone/linphone-iphone/WORK/ios-armv7/Build/bellesip/CMakeFiles/CMakeTmp

Run Build Command:"/usr/bin/make" "cmTC_f8b91/fast"
/Applications/Xcode.app/Contents/Developer/usr/bin/make -f CMakeFiles/cmTC_f8b91.dir/build.make CMakeFiles/cmTC_f8b91.dir/build
Building CXX object CMakeFiles/cmTC_f8b91.dir/CMakeCXXCompilerABI.cpp.o
/Applications/Xcode.app/Contents/Developer/Toolchains/XcodeDefault.xctoolchain/usr/bin/clang++  --target=armv7-apple-darwin    -miphoneos-version-min=8.0 -DTARGET_OS_IPHONE=1 -D__IOS -fms-extensions -mcpu=cortex-a8 -fembed-bitcode  -stdlib=libc++  -arch armv7 -isysroot /Applications/Xcode.app/Contents/Developer/Platforms/iPhoneOS.platform/Developer/SDKs/iPhoneOS10.2.sdk   -o CMakeFiles/cmTC_f8b91.dir/CMakeCXXCompilerABI.cpp.o -c /usr/local/Cellar/cmake/3.7.2/share/cmake/Modules/CMakeCXXCompilerABI.cpp
Linking CXX executable cmTC_f8b91
/usr/local/Cellar/cmake/3.7.2/bin/cmake -E cmake_link_script CMakeFiles/cmTC_f8b91.dir/link.txt --verbose=1
/Applications/Xcode.app/Contents/Developer/Toolchains/XcodeDefault.xctoolchain/usr/bin/clang++  --target=armv7-apple-darwin   -miphoneos-version-min=8.0 -DTARGET_OS_IPHONE=1 -D__IOS -fms-extensions -mcpu=cortex-a8 -fembed-bitcode  -stdlib=libc++  -arch armv7 -isysroot /Applications/Xcode.app/Contents/Developer/Platforms/iPhoneOS.platform/Developer/SDKs/iPhoneOS10.2.sdk -Wl,-headerpad_max_install_names  -v -Wl,-v CMakeFiles/cmTC_f8b91.dir/CMakeCXXCompilerABI.cpp.o  -o cmTC_f8b91   
Apple LLVM version 8.0.0 (clang-800.0.42.1)
Target: arm-apple-darwin
Thread model: posix
InstalledDir: /Applications/Xcode.app/Contents/Developer/Toolchains/XcodeDefault.xctoolchain/usr/bin
 "/Applications/Xcode.app/Contents/Developer/Toolchains/XcodeDefault.xctoolchain/usr/bin/ld" -demangle -dynamic -arch armv7 -iphoneos_version_min 8.0.0 -bitcode_bundle -syslibroot /Applications/Xcode.app/Contents/Developer/Platforms/iPhoneOS.platform/Developer/SDKs/iPhoneOS10.2.sdk -o cmTC_f8b91 -headerpad_max_install_names -v CMakeFiles/cmTC_f8b91.dir/CMakeCXXCompilerABI.cpp.o -lc++ -lSystem /Applications/Xcode.app/Contents/Developer/Toolchains/XcodeDefault.xctoolchain/usr/bin/../lib/clang/8.0.0/lib/darwin/libclang_rt.ios.a
@(#)PROGRAM:ld  PROJECT:ld64-274.2
configured to support archs: armv6 armv7 armv7s arm64 i386 x86_64 x86_64h armv6m armv7k armv7m armv7em (tvOS)
Library search paths:
	/Applications/Xcode.app/Contents/Developer/Platforms/iPhoneOS.platform/Developer/SDKs/iPhoneOS10.2.sdk/usr/lib
Framework search paths:
	/Applications/Xcode.app/Contents/Developer/Platforms/iPhoneOS.platform/Developer/SDKs/iPhoneOS10.2.sdk/System/Library/Frameworks/
ld: warning: -headerpad_max_install_names is ignored when used with -bitcode_bundle (Xcode setting ENABLE_BITCODE=YES)


Parsed CXX implicit link information from above output:
  link line regex: [^( *|.*[/\])(ld|([^/\]+-)?ld|collect2)[^/\]*( |$)]
  ignore line: [Change Dir: /Users/syzn/Documents/Official_Linphone/linphone-iphone/WORK/ios-armv7/Build/bellesip/CMakeFiles/CMakeTmp]
  ignore line: []
  ignore line: [Run Build Command:"/usr/bin/make" "cmTC_f8b91/fast"]
  ignore line: [/Applications/Xcode.app/Contents/Developer/usr/bin/make -f CMakeFiles/cmTC_f8b91.dir/build.make CMakeFiles/cmTC_f8b91.dir/build]
  ignore line: [Building CXX object CMakeFiles/cmTC_f8b91.dir/CMakeCXXCompilerABI.cpp.o]
  ignore line: [/Applications/Xcode.app/Contents/Developer/Toolchains/XcodeDefault.xctoolchain/usr/bin/clang++  --target=armv7-apple-darwin    -miphoneos-version-min=8.0 -DTARGET_OS_IPHONE=1 -D__IOS -fms-extensions -mcpu=cortex-a8 -fembed-bitcode  -stdlib=libc++  -arch armv7 -isysroot /Applications/Xcode.app/Contents/Developer/Platforms/iPhoneOS.platform/Developer/SDKs/iPhoneOS10.2.sdk   -o CMakeFiles/cmTC_f8b91.dir/CMakeCXXCompilerABI.cpp.o -c /usr/local/Cellar/cmake/3.7.2/share/cmake/Modules/CMakeCXXCompilerABI.cpp]
  ignore line: [Linking CXX executable cmTC_f8b91]
  ignore line: [/usr/local/Cellar/cmake/3.7.2/bin/cmake -E cmake_link_script CMakeFiles/cmTC_f8b91.dir/link.txt --verbose=1]
  ignore line: [/Applications/Xcode.app/Contents/Developer/Toolchains/XcodeDefault.xctoolchain/usr/bin/clang++  --target=armv7-apple-darwin   -miphoneos-version-min=8.0 -DTARGET_OS_IPHONE=1 -D__IOS -fms-extensions -mcpu=cortex-a8 -fembed-bitcode  -stdlib=libc++  -arch armv7 -isysroot /Applications/Xcode.app/Contents/Developer/Platforms/iPhoneOS.platform/Developer/SDKs/iPhoneOS10.2.sdk -Wl,-headerpad_max_install_names  -v -Wl,-v CMakeFiles/cmTC_f8b91.dir/CMakeCXXCompilerABI.cpp.o  -o cmTC_f8b91   ]
  ignore line: [Apple LLVM version 8.0.0 (clang-800.0.42.1)]
  ignore line: [Target: arm-apple-darwin]
  ignore line: [Thread model: posix]
  ignore line: [InstalledDir: /Applications/Xcode.app/Contents/Developer/Toolchains/XcodeDefault.xctoolchain/usr/bin]
  link line: [ "/Applications/Xcode.app/Contents/Developer/Toolchains/XcodeDefault.xctoolchain/usr/bin/ld" -demangle -dynamic -arch armv7 -iphoneos_version_min 8.0.0 -bitcode_bundle -syslibroot /Applications/Xcode.app/Contents/Developer/Platforms/iPhoneOS.platform/Developer/SDKs/iPhoneOS10.2.sdk -o cmTC_f8b91 -headerpad_max_install_names -v CMakeFiles/cmTC_f8b91.dir/CMakeCXXCompilerABI.cpp.o -lc++ -lSystem /Applications/Xcode.app/Contents/Developer/Toolchains/XcodeDefault.xctoolchain/usr/bin/../lib/clang/8.0.0/lib/darwin/libclang_rt.ios.a]
    arg [/Applications/Xcode.app/Contents/Developer/Toolchains/XcodeDefault.xctoolchain/usr/bin/ld] ==> ignore
    arg [-demangle] ==> ignore
    arg [-dynamic] ==> ignore
    arg [-arch] ==> ignore
    arg [armv7] ==> ignore
    arg [-iphoneos_version_min] ==> ignore
    arg [8.0.0] ==> ignore
    arg [-bitcode_bundle] ==> ignore
    arg [-syslibroot] ==> ignore
    arg [/Applications/Xcode.app/Contents/Developer/Platforms/iPhoneOS.platform/Developer/SDKs/iPhoneOS10.2.sdk] ==> ignore
    arg [-o] ==> ignore
    arg [cmTC_f8b91] ==> ignore
    arg [-headerpad_max_install_names] ==> ignore
    arg [-v] ==> ignore
    arg [CMakeFiles/cmTC_f8b91.dir/CMakeCXXCompilerABI.cpp.o] ==> ignore
    arg [-lc++] ==> lib [c++]
    arg [-lSystem] ==> lib [System]
    arg [/Applications/Xcode.app/Contents/Developer/Toolchains/XcodeDefault.xctoolchain/usr/bin/../lib/clang/8.0.0/lib/darwin/libclang_rt.ios.a] ==> lib [/Applications/Xcode.app/Contents/Developer/Toolchains/XcodeDefault.xctoolchain/usr/bin/../lib/clang/8.0.0/lib/darwin/libclang_rt.ios.a]
  Library search paths: [;/Applications/Xcode.app/Contents/Developer/Platforms/iPhoneOS.platform/Developer/SDKs/iPhoneOS10.2.sdk/usr/lib]
  Framework search paths: [;/Applications/Xcode.app/Contents/Developer/Platforms/iPhoneOS.platform/Developer/SDKs/iPhoneOS10.2.sdk/System/Library/Frameworks/]
  remove lib [System]
  remove lib [/Applications/Xcode.app/Contents/Developer/Toolchains/XcodeDefault.xctoolchain/usr/bin/../lib/clang/8.0.0/lib/darwin/libclang_rt.ios.a]
  collapse library dir [/Applications/Xcode.app/Contents/Developer/Platforms/iPhoneOS.platform/Developer/SDKs/iPhoneOS10.2.sdk/usr/lib] ==> [/Applications/Xcode.app/Contents/Developer/Platforms/iPhoneOS.platform/Developer/SDKs/iPhoneOS10.2.sdk/usr/lib]
  collapse framework dir [/Applications/Xcode.app/Contents/Developer/Platforms/iPhoneOS.platform/Developer/SDKs/iPhoneOS10.2.sdk/System/Library/Frameworks/] ==> [/Applications/Xcode.app/Contents/Developer/Platforms/iPhoneOS.platform/Developer/SDKs/iPhoneOS10.2.sdk/System/Library/Frameworks]
  implicit libs: [c++]
  implicit dirs: [/Applications/Xcode.app/Contents/Developer/Platforms/iPhoneOS.platform/Developer/SDKs/iPhoneOS10.2.sdk/usr/lib]
  implicit fwks: [/Applications/Xcode.app/Contents/Developer/Platforms/iPhoneOS.platform/Developer/SDKs/iPhoneOS10.2.sdk/System/Library/Frameworks]




Detecting CXX [-std=c++14] compiler features compiled with the following output:
Change Dir: /Users/syzn/Documents/Official_Linphone/linphone-iphone/WORK/ios-armv7/Build/bellesip/CMakeFiles/CMakeTmp

Run Build Command:"/usr/bin/make" "cmTC_06ce5/fast"
/Applications/Xcode.app/Contents/Developer/usr/bin/make -f CMakeFiles/cmTC_06ce5.dir/build.make CMakeFiles/cmTC_06ce5.dir/build
Building CXX object CMakeFiles/cmTC_06ce5.dir/feature_tests.cxx.o
/Applications/Xcode.app/Contents/Developer/Toolchains/XcodeDefault.xctoolchain/usr/bin/clang++  --target=armv7-apple-darwin    -miphoneos-version-min=8.0 -DTARGET_OS_IPHONE=1 -D__IOS -fms-extensions -mcpu=cortex-a8 -fembed-bitcode  -stdlib=libc++  -arch armv7 -isysroot /Applications/Xcode.app/Contents/Developer/Platforms/iPhoneOS.platform/Developer/SDKs/iPhoneOS10.2.sdk   -std=c++14 -o CMakeFiles/cmTC_06ce5.dir/feature_tests.cxx.o -c /Users/syzn/Documents/Official_Linphone/linphone-iphone/WORK/ios-armv7/Build/bellesip/CMakeFiles/feature_tests.cxx
Linking CXX executable cmTC_06ce5
/usr/local/Cellar/cmake/3.7.2/bin/cmake -E cmake_link_script CMakeFiles/cmTC_06ce5.dir/link.txt --verbose=1
/Applications/Xcode.app/Contents/Developer/Toolchains/XcodeDefault.xctoolchain/usr/bin/clang++  --target=armv7-apple-darwin   -miphoneos-version-min=8.0 -DTARGET_OS_IPHONE=1 -D__IOS -fms-extensions -mcpu=cortex-a8 -fembed-bitcode  -stdlib=libc++  -arch armv7 -isysroot /Applications/Xcode.app/Contents/Developer/Platforms/iPhoneOS.platform/Developer/SDKs/iPhoneOS10.2.sdk -Wl,-headerpad_max_install_names   CMakeFiles/cmTC_06ce5.dir/feature_tests.cxx.o  -o cmTC_06ce5  
ld: warning: -headerpad_max_install_names is ignored when used with -bitcode_bundle (Xcode setting ENABLE_BITCODE=YES)


    Feature record: CXX_FEATURE:1cxx_aggregate_default_initializers
    Feature record: CXX_FEATURE:1cxx_alias_templates
    Feature record: CXX_FEATURE:1cxx_alignas
    Feature record: CXX_FEATURE:1cxx_alignof
    Feature record: CXX_FEATURE:1cxx_attributes
    Feature record: CXX_FEATURE:1cxx_attribute_deprecated
    Feature record: CXX_FEATURE:1cxx_auto_type
    Feature record: CXX_FEATURE:1cxx_binary_literals
    Feature record: CXX_FEATURE:1cxx_constexpr
    Feature record: CXX_FEATURE:1cxx_contextual_conversions
    Feature record: CXX_FEATURE:1cxx_decltype
    Feature record: CXX_FEATURE:1cxx_decltype_auto
    Feature record: CXX_FEATURE:1cxx_decltype_incomplete_return_types
    Feature record: CXX_FEATURE:1cxx_default_function_template_args
    Feature record: CXX_FEATURE:1cxx_defaulted_functions
    Feature record: CXX_FEATURE:1cxx_defaulted_move_initializers
    Feature record: CXX_FEATURE:1cxx_delegating_constructors
    Feature record: CXX_FEATURE:1cxx_deleted_functions
    Feature record: CXX_FEATURE:1cxx_digit_separators
    Feature record: CXX_FEATURE:1cxx_enum_forward_declarations
    Feature record: CXX_FEATURE:1cxx_explicit_conversions
    Feature record: CXX_FEATURE:1cxx_extended_friend_declarations
    Feature record: CXX_FEATURE:1cxx_extern_templates
    Feature record: CXX_FEATURE:1cxx_final
    Feature record: CXX_FEATURE:1cxx_func_identifier
    Feature record: CXX_FEATURE:1cxx_generalized_initializers
    Feature record: CXX_FEATURE:1cxx_generic_lambdas
    Feature record: CXX_FEATURE:1cxx_inheriting_constructors
    Feature record: CXX_FEATURE:1cxx_inline_namespaces
    Feature record: CXX_FEATURE:1cxx_lambdas
    Feature record: CXX_FEATURE:1cxx_lambda_init_captures
    Feature record: CXX_FEATURE:1cxx_local_type_template_args
    Feature record: CXX_FEATURE:1cxx_long_long_type
    Feature record: CXX_FEATURE:1cxx_noexcept
    Feature record: CXX_FEATURE:1cxx_nonstatic_member_init
    Feature record: CXX_FEATURE:1cxx_nullptr
    Feature record: CXX_FEATURE:1cxx_override
    Feature record: CXX_FEATURE:1cxx_range_for
    Feature record: CXX_FEATURE:1cxx_raw_string_literals
    Feature record: CXX_FEATURE:1cxx_reference_qualified_functions
    Feature record: CXX_FEATURE:1cxx_relaxed_constexpr
    Feature record: CXX_FEATURE:1cxx_return_type_deduction
    Feature record: CXX_FEATURE:1cxx_right_angle_brackets
    Feature record: CXX_FEATURE:1cxx_rvalue_references
    Feature record: CXX_FEATURE:1cxx_sizeof_member
    Feature record: CXX_FEATURE:1cxx_static_assert
    Feature record: CXX_FEATURE:1cxx_strong_enums
    Feature record: CXX_FEATURE:1cxx_template_template_parameters
    Feature record: CXX_FEATURE:0cxx_thread_local
    Feature record: CXX_FEATURE:1cxx_trailing_return_types
    Feature record: CXX_FEATURE:1cxx_unicode_literals
    Feature record: CXX_FEATURE:1cxx_uniform_initialization
    Feature record: CXX_FEATURE:1cxx_unrestricted_unions
    Feature record: CXX_FEATURE:1cxx_user_literals
    Feature record: CXX_FEATURE:1cxx_variable_templates
    Feature record: CXX_FEATURE:1cxx_variadic_macros
    Feature record: CXX_FEATURE:1cxx_variadic_templates


Detecting CXX [-std=c++11] compiler features compiled with the following output:
Change Dir: /Users/syzn/Documents/Official_Linphone/linphone-iphone/WORK/ios-armv7/Build/bellesip/CMakeFiles/CMakeTmp

Run Build Command:"/usr/bin/make" "cmTC_c7e6f/fast"
/Applications/Xcode.app/Contents/Developer/usr/bin/make -f CMakeFiles/cmTC_c7e6f.dir/build.make CMakeFiles/cmTC_c7e6f.dir/build
Building CXX object CMakeFiles/cmTC_c7e6f.dir/feature_tests.cxx.o
/Applications/Xcode.app/Contents/Developer/Toolchains/XcodeDefault.xctoolchain/usr/bin/clang++  --target=armv7-apple-darwin    -miphoneos-version-min=8.0 -DTARGET_OS_IPHONE=1 -D__IOS -fms-extensions -mcpu=cortex-a8 -fembed-bitcode  -stdlib=libc++  -arch armv7 -isysroot /Applications/Xcode.app/Contents/Developer/Platforms/iPhoneOS.platform/Developer/SDKs/iPhoneOS10.2.sdk   -std=c++11 -o CMakeFiles/cmTC_c7e6f.dir/feature_tests.cxx.o -c /Users/syzn/Documents/Official_Linphone/linphone-iphone/WORK/ios-armv7/Build/bellesip/CMakeFiles/feature_tests.cxx
Linking CXX executable cmTC_c7e6f
/usr/local/Cellar/cmake/3.7.2/bin/cmake -E cmake_link_script CMakeFiles/cmTC_c7e6f.dir/link.txt --verbose=1
/Applications/Xcode.app/Contents/Developer/Toolchains/XcodeDefault.xctoolchain/usr/bin/clang++  --target=armv7-apple-darwin   -miphoneos-version-min=8.0 -DTARGET_OS_IPHONE=1 -D__IOS -fms-extensions -mcpu=cortex-a8 -fembed-bitcode  -stdlib=libc++  -arch armv7 -isysroot /Applications/Xcode.app/Contents/Developer/Platforms/iPhoneOS.platform/Developer/SDKs/iPhoneOS10.2.sdk -Wl,-headerpad_max_install_names   CMakeFiles/cmTC_c7e6f.dir/feature_tests.cxx.o  -o cmTC_c7e6f  
ld: warning: -headerpad_max_install_names is ignored when used with -bitcode_bundle (Xcode setting ENABLE_BITCODE=YES)


    Feature record: CXX_FEATURE:0cxx_aggregate_default_initializers
    Feature record: CXX_FEATURE:1cxx_alias_templates
    Feature record: CXX_FEATURE:1cxx_alignas
    Feature record: CXX_FEATURE:1cxx_alignof
    Feature record: CXX_FEATURE:1cxx_attributes
    Feature record: CXX_FEATURE:0cxx_attribute_deprecated
    Feature record: CXX_FEATURE:1cxx_auto_type
    Feature record: CXX_FEATURE:0cxx_binary_literals
    Feature record: CXX_FEATURE:1cxx_constexpr
    Feature record: CXX_FEATURE:0cxx_contextual_conversions
    Feature record: CXX_FEATURE:1cxx_decltype
    Feature record: CXX_FEATURE:0cxx_decltype_auto
    Feature record: CXX_FEATURE:1cxx_decltype_incomplete_return_types
    Feature record: CXX_FEATURE:1cxx_default_function_template_args
    Feature record: CXX_FEATURE:1cxx_defaulted_functions
    Feature record: CXX_FEATURE:1cxx_defaulted_move_initializers
    Feature record: CXX_FEATURE:1cxx_delegating_constructors
    Feature record: CXX_FEATURE:1cxx_deleted_functions
    Feature record: CXX_FEATURE:0cxx_digit_separators
    Feature record: CXX_FEATURE:1cxx_enum_forward_declarations
    Feature record: CXX_FEATURE:1cxx_explicit_conversions
    Feature record: CXX_FEATURE:1cxx_extended_friend_declarations
    Feature record: CXX_FEATURE:1cxx_extern_templates
    Feature record: CXX_FEATURE:1cxx_final
    Feature record: CXX_FEATURE:1cxx_func_identifier
    Feature record: CXX_FEATURE:1cxx_generalized_initializers
    Feature record: CXX_FEATURE:0cxx_generic_lambdas
    Feature record: CXX_FEATURE:1cxx_inheriting_constructors
    Feature record: CXX_FEATURE:1cxx_inline_namespaces
    Feature record: CXX_FEATURE:1cxx_lambdas
    Feature record: CXX_FEATURE:0cxx_lambda_init_captures
    Feature record: CXX_FEATURE:1cxx_local_type_template_args
    Feature record: CXX_FEATURE:1cxx_long_long_type
    Feature record: CXX_FEATURE:1cxx_noexcept
    Feature record: CXX_FEATURE:1cxx_nonstatic_member_init
    Feature record: CXX_FEATURE:1cxx_nullptr
    Feature record: CXX_FEATURE:1cxx_override
    Feature record: CXX_FEATURE:1cxx_range_for
    Feature record: CXX_FEATURE:1cxx_raw_string_literals
    Feature record: CXX_FEATURE:1cxx_reference_qualified_functions
    Feature record: CXX_FEATURE:0cxx_relaxed_constexpr
    Feature record: CXX_FEATURE:0cxx_return_type_deduction
    Feature record: CXX_FEATURE:1cxx_right_angle_brackets
    Feature record: CXX_FEATURE:1cxx_rvalue_references
    Feature record: CXX_FEATURE:1cxx_sizeof_member
    Feature record: CXX_FEATURE:1cxx_static_assert
    Feature record: CXX_FEATURE:1cxx_strong_enums
    Feature record: CXX_FEATURE:1cxx_template_template_parameters
    Feature record: CXX_FEATURE:0cxx_thread_local
    Feature record: CXX_FEATURE:1cxx_trailing_return_types
    Feature record: CXX_FEATURE:1cxx_unicode_literals
    Feature record: CXX_FEATURE:1cxx_uniform_initialization
    Feature record: CXX_FEATURE:1cxx_unrestricted_unions
    Feature record: CXX_FEATURE:1cxx_user_literals
    Feature record: CXX_FEATURE:0cxx_variable_templates
    Feature record: CXX_FEATURE:1cxx_variadic_macros
    Feature record: CXX_FEATURE:1cxx_variadic_templates


Detecting CXX [-std=c++98] compiler features compiled with the following output:
Change Dir: /Users/syzn/Documents/Official_Linphone/linphone-iphone/WORK/ios-armv7/Build/bellesip/CMakeFiles/CMakeTmp

Run Build Command:"/usr/bin/make" "cmTC_1d9b6/fast"
/Applications/Xcode.app/Contents/Developer/usr/bin/make -f CMakeFiles/cmTC_1d9b6.dir/build.make CMakeFiles/cmTC_1d9b6.dir/build
Building CXX object CMakeFiles/cmTC_1d9b6.dir/feature_tests.cxx.o
/Applications/Xcode.app/Contents/Developer/Toolchains/XcodeDefault.xctoolchain/usr/bin/clang++  --target=armv7-apple-darwin    -miphoneos-version-min=8.0 -DTARGET_OS_IPHONE=1 -D__IOS -fms-extensions -mcpu=cortex-a8 -fembed-bitcode  -stdlib=libc++  -arch armv7 -isysroot /Applications/Xcode.app/Contents/Developer/Platforms/iPhoneOS.platform/Developer/SDKs/iPhoneOS10.2.sdk   -std=c++98 -o CMakeFiles/cmTC_1d9b6.dir/feature_tests.cxx.o -c /Users/syzn/Documents/Official_Linphone/linphone-iphone/WORK/ios-armv7/Build/bellesip/CMakeFiles/feature_tests.cxx
Linking CXX executable cmTC_1d9b6
/usr/local/Cellar/cmake/3.7.2/bin/cmake -E cmake_link_script CMakeFiles/cmTC_1d9b6.dir/link.txt --verbose=1
/Applications/Xcode.app/Contents/Developer/Toolchains/XcodeDefault.xctoolchain/usr/bin/clang++  --target=armv7-apple-darwin   -miphoneos-version-min=8.0 -DTARGET_OS_IPHONE=1 -D__IOS -fms-extensions -mcpu=cortex-a8 -fembed-bitcode  -stdlib=libc++  -arch armv7 -isysroot /Applications/Xcode.app/Contents/Developer/Platforms/iPhoneOS.platform/Developer/SDKs/iPhoneOS10.2.sdk -Wl,-headerpad_max_install_names   CMakeFiles/cmTC_1d9b6.dir/feature_tests.cxx.o  -o cmTC_1d9b6  
ld: warning: -headerpad_max_install_names is ignored when used with -bitcode_bundle (Xcode setting ENABLE_BITCODE=YES)


    Feature record: CXX_FEATURE:0cxx_aggregate_default_initializers
    Feature record: CXX_FEATURE:0cxx_alias_templates
    Feature record: CXX_FEATURE:0cxx_alignas
    Feature record: CXX_FEATURE:0cxx_alignof
    Feature record: CXX_FEATURE:0cxx_attributes
    Feature record: CXX_FEATURE:0cxx_attribute_deprecated
    Feature record: CXX_FEATURE:0cxx_auto_type
    Feature record: CXX_FEATURE:0cxx_binary_literals
    Feature record: CXX_FEATURE:0cxx_constexpr
    Feature record: CXX_FEATURE:0cxx_contextual_conversions
    Feature record: CXX_FEATURE:0cxx_decltype
    Feature record: CXX_FEATURE:0cxx_decltype_auto
    Feature record: CXX_FEATURE:0cxx_decltype_incomplete_return_types
    Feature record: CXX_FEATURE:0cxx_default_function_template_args
    Feature record: CXX_FEATURE:0cxx_defaulted_functions
    Feature record: CXX_FEATURE:0cxx_defaulted_move_initializers
    Feature record: CXX_FEATURE:0cxx_delegating_constructors
    Feature record: CXX_FEATURE:0cxx_deleted_functions
    Feature record: CXX_FEATURE:0cxx_digit_separators
    Feature record: CXX_FEATURE:0cxx_enum_forward_declarations
    Feature record: CXX_FEATURE:0cxx_explicit_conversions
    Feature record: CXX_FEATURE:0cxx_extended_friend_declarations
    Feature record: CXX_FEATURE:0cxx_extern_templates
    Feature record: CXX_FEATURE:0cxx_final
    Feature record: CXX_FEATURE:0cxx_func_identifier
    Feature record: CXX_FEATURE:0cxx_generalized_initializers
    Feature record: CXX_FEATURE:0cxx_generic_lambdas
    Feature record: CXX_FEATURE:0cxx_inheriting_constructors
    Feature record: CXX_FEATURE:0cxx_inline_namespaces
    Feature record: CXX_FEATURE:0cxx_lambdas
    Feature record: CXX_FEATURE:0cxx_lambda_init_captures
    Feature record: CXX_FEATURE:0cxx_local_type_template_args
    Feature record: CXX_FEATURE:0cxx_long_long_type
    Feature record: CXX_FEATURE:0cxx_noexcept
    Feature record: CXX_FEATURE:0cxx_nonstatic_member_init
    Feature record: CXX_FEATURE:0cxx_nullptr
    Feature record: CXX_FEATURE:0cxx_override
    Feature record: CXX_FEATURE:0cxx_range_for
    Feature record: CXX_FEATURE:0cxx_raw_string_literals
    Feature record: CXX_FEATURE:0cxx_reference_qualified_functions
    Feature record: CXX_FEATURE:0cxx_relaxed_constexpr
    Feature record: CXX_FEATURE:0cxx_return_type_deduction
    Feature record: CXX_FEATURE:0cxx_right_angle_brackets
    Feature record: CXX_FEATURE:0cxx_rvalue_references
    Feature record: CXX_FEATURE:0cxx_sizeof_member
    Feature record: CXX_FEATURE:0cxx_static_assert
    Feature record: CXX_FEATURE:0cxx_strong_enums
    Feature record: CXX_FEATURE:1cxx_template_template_parameters
    Feature record: CXX_FEATURE:0cxx_thread_local
    Feature record: CXX_FEATURE:0cxx_trailing_return_types
    Feature record: CXX_FEATURE:0cxx_unicode_literals
    Feature record: CXX_FEATURE:0cxx_uniform_initialization
    Feature record: CXX_FEATURE:0cxx_unrestricted_unions
    Feature record: CXX_FEATURE:0cxx_user_literals
    Feature record: CXX_FEATURE:0cxx_variable_templates
    Feature record: CXX_FEATURE:0cxx_variadic_macros
    Feature record: CXX_FEATURE:0cxx_variadic_templates
Determining if the function dlopen exists in the dl passed with the following output:
Change Dir: /Users/syzn/Documents/Official_Linphone/linphone-iphone/WORK/ios-armv7/Build/bellesip/CMakeFiles/CMakeTmp

Run Build Command:"/usr/bin/make" "cmTC_bf171/fast"
/Applications/Xcode.app/Contents/Developer/usr/bin/make -f CMakeFiles/cmTC_bf171.dir/build.make CMakeFiles/cmTC_bf171.dir/build
Building C object CMakeFiles/cmTC_bf171.dir/CheckFunctionExists.c.o
/Applications/Xcode.app/Contents/Developer/Toolchains/XcodeDefault.xctoolchain/usr/bin/clang  --target=armv7-apple-darwin   -miphoneos-version-min=8.0 -DTARGET_OS_IPHONE=1 -D__IOS -fms-extensions -mcpu=cortex-a8 -fembed-bitcode -DCHECK_FUNCTION_EXISTS=dlopen -arch armv7 -isysroot /Applications/Xcode.app/Contents/Developer/Platforms/iPhoneOS.platform/Developer/SDKs/iPhoneOS10.2.sdk   -o CMakeFiles/cmTC_bf171.dir/CheckFunctionExists.c.o   -c /usr/local/Cellar/cmake/3.7.2/share/cmake/Modules/CheckFunctionExists.c
Linking C executable cmTC_bf171
/usr/local/Cellar/cmake/3.7.2/bin/cmake -E cmake_link_script CMakeFiles/cmTC_bf171.dir/link.txt --verbose=1
/Applications/Xcode.app/Contents/Developer/Toolchains/XcodeDefault.xctoolchain/usr/bin/clang  --target=armv7-apple-darwin  -miphoneos-version-min=8.0 -DTARGET_OS_IPHONE=1 -D__IOS -fms-extensions -mcpu=cortex-a8 -fembed-bitcode -DCHECK_FUNCTION_EXISTS=dlopen -arch armv7 -isysroot /Applications/Xcode.app/Contents/Developer/Platforms/iPhoneOS.platform/Developer/SDKs/iPhoneOS10.2.sdk -Wl,-headerpad_max_install_names   CMakeFiles/cmTC_bf171.dir/CheckFunctionExists.c.o  -o cmTC_bf171  -ldl 
ld: warning: -headerpad_max_install_names is ignored when used with -bitcode_bundle (Xcode setting ENABLE_BITCODE=YES)


Determining if the res_ndestroy exist passed with the following output:
Change Dir: /Users/syzn/Documents/Official_Linphone/linphone-iphone/WORK/ios-armv7/Build/bellesip/CMakeFiles/CMakeTmp

Run Build Command:"/usr/bin/make" "cmTC_0db0b/fast"
/Applications/Xcode.app/Contents/Developer/usr/bin/make -f CMakeFiles/cmTC_0db0b.dir/build.make CMakeFiles/cmTC_0db0b.dir/build
Building C object CMakeFiles/cmTC_0db0b.dir/CheckSymbolExists.c.o
/Applications/Xcode.app/Contents/Developer/Toolchains/XcodeDefault.xctoolchain/usr/bin/clang  --target=armv7-apple-darwin   -miphoneos-version-min=8.0 -DTARGET_OS_IPHONE=1 -D__IOS -fms-extensions -mcpu=cortex-a8 -fembed-bitcode  -arch armv7 -isysroot /Applications/Xcode.app/Contents/Developer/Platforms/iPhoneOS.platform/Developer/SDKs/iPhoneOS10.2.sdk   -o CMakeFiles/cmTC_0db0b.dir/CheckSymbolExists.c.o   -c /Users/syzn/Documents/Official_Linphone/linphone-iphone/WORK/ios-armv7/Build/bellesip/CMakeFiles/CMakeTmp/CheckSymbolExists.c
Linking C executable cmTC_0db0b
/usr/local/Cellar/cmake/3.7.2/bin/cmake -E cmake_link_script CMakeFiles/cmTC_0db0b.dir/link.txt --verbose=1
/Applications/Xcode.app/Contents/Developer/Toolchains/XcodeDefault.xctoolchain/usr/bin/clang  --target=armv7-apple-darwin  -miphoneos-version-min=8.0 -DTARGET_OS_IPHONE=1 -D__IOS -fms-extensions -mcpu=cortex-a8 -fembed-bitcode  -arch armv7 -isysroot /Applications/Xcode.app/Contents/Developer/Platforms/iPhoneOS.platform/Developer/SDKs/iPhoneOS10.2.sdk -Wl,-headerpad_max_install_names   CMakeFiles/cmTC_0db0b.dir/CheckSymbolExists.c.o  -o cmTC_0db0b  
ld: warning: -headerpad_max_install_names is ignored when used with -bitcode_bundle (Xcode setting ENABLE_BITCODE=YES)

File /Users/syzn/Documents/Official_Linphone/linphone-iphone/WORK/ios-armv7/Build/bellesip/CMakeFiles/CMakeTmp/CheckSymbolExists.c:
/* */
#include <resolv.h>

int main(int argc, char** argv)
{
  (void)argv;
#ifndef res_ndestroy
  return ((int*)(&res_ndestroy))[argc];
#else
  (void)argc;
  return 0;
#endif
}

Performing C SOURCE FILE Test HAVE_RES_GETSERVERS succeeded with the following output:
Change Dir: /Users/syzn/Documents/Official_Linphone/linphone-iphone/WORK/ios-armv7/Build/bellesip/CMakeFiles/CMakeTmp

Run Build Command:"/usr/bin/make" "cmTC_342ce/fast"
/Applications/Xcode.app/Contents/Developer/usr/bin/make -f CMakeFiles/cmTC_342ce.dir/build.make CMakeFiles/cmTC_342ce.dir/build
Building C object CMakeFiles/cmTC_342ce.dir/src.c.o
/Applications/Xcode.app/Contents/Developer/Toolchains/XcodeDefault.xctoolchain/usr/bin/clang  --target=armv7-apple-darwin   -miphoneos-version-min=8.0 -DTARGET_OS_IPHONE=1 -D__IOS -fms-extensions -mcpu=cortex-a8 -fembed-bitcode -DHAVE_RES_GETSERVERS -arch armv7 -isysroot /Applications/Xcode.app/Contents/Developer/Platforms/iPhoneOS.platform/Developer/SDKs/iPhoneOS10.2.sdk   -o CMakeFiles/cmTC_342ce.dir/src.c.o   -c /Users/syzn/Documents/Official_Linphone/linphone-iphone/WORK/ios-armv7/Build/bellesip/CMakeFiles/CMakeTmp/src.c
Linking C executable cmTC_342ce
/usr/local/Cellar/cmake/3.7.2/bin/cmake -E cmake_link_script CMakeFiles/cmTC_342ce.dir/link.txt --verbose=1
/Applications/Xcode.app/Contents/Developer/Toolchains/XcodeDefault.xctoolchain/usr/bin/clang  --target=armv7-apple-darwin  -miphoneos-version-min=8.0 -DTARGET_OS_IPHONE=1 -D__IOS -fms-extensions -mcpu=cortex-a8 -fembed-bitcode -DHAVE_RES_GETSERVERS -arch armv7 -isysroot /Applications/Xcode.app/Contents/Developer/Platforms/iPhoneOS.platform/Developer/SDKs/iPhoneOS10.2.sdk -Wl,-headerpad_max_install_names   CMakeFiles/cmTC_342ce.dir/src.c.o  -o cmTC_342ce  -lresolv 
ld: warning: -headerpad_max_install_names is ignored when used with -bitcode_bundle (Xcode setting ENABLE_BITCODE=YES)

Source file was:
#include <resolv.h>
int main(int argc, char *argv[]) {
res_getservers(NULL,NULL,0);
return 0;
}
Determining if the include file pthread.h exists passed with the following output:
Change Dir: /Users/syzn/Documents/Official_Linphone/linphone-iphone/WORK/ios-armv7/Build/bellesip/CMakeFiles/CMakeTmp

Run Build Command:"/usr/bin/make" "cmTC_900b0/fast"
/Applications/Xcode.app/Contents/Developer/usr/bin/make -f CMakeFiles/cmTC_900b0.dir/build.make CMakeFiles/cmTC_900b0.dir/build
Building C object CMakeFiles/cmTC_900b0.dir/CheckIncludeFile.c.o
/Applications/Xcode.app/Contents/Developer/Toolchains/XcodeDefault.xctoolchain/usr/bin/clang  --target=armv7-apple-darwin   -miphoneos-version-min=8.0 -DTARGET_OS_IPHONE=1 -D__IOS -fms-extensions -mcpu=cortex-a8 -fembed-bitcode  -arch armv7 -isysroot /Applications/Xcode.app/Contents/Developer/Platforms/iPhoneOS.platform/Developer/SDKs/iPhoneOS10.2.sdk   -o CMakeFiles/cmTC_900b0.dir/CheckIncludeFile.c.o   -c /Users/syzn/Documents/Official_Linphone/linphone-iphone/WORK/ios-armv7/Build/bellesip/CMakeFiles/CMakeTmp/CheckIncludeFile.c
Linking C executable cmTC_900b0
/usr/local/Cellar/cmake/3.7.2/bin/cmake -E cmake_link_script CMakeFiles/cmTC_900b0.dir/link.txt --verbose=1
/Applications/Xcode.app/Contents/Developer/Toolchains/XcodeDefault.xctoolchain/usr/bin/clang  --target=armv7-apple-darwin  -miphoneos-version-min=8.0 -DTARGET_OS_IPHONE=1 -D__IOS -fms-extensions -mcpu=cortex-a8 -fembed-bitcode  -arch armv7 -isysroot /Applications/Xcode.app/Contents/Developer/Platforms/iPhoneOS.platform/Developer/SDKs/iPhoneOS10.2.sdk -Wl,-headerpad_max_install_names   CMakeFiles/cmTC_900b0.dir/CheckIncludeFile.c.o  -o cmTC_900b0  
ld: warning: -headerpad_max_install_names is ignored when used with -bitcode_bundle (Xcode setting ENABLE_BITCODE=YES)


Determining if the pthread_create exist passed with the following output:
Change Dir: /Users/syzn/Documents/Official_Linphone/linphone-iphone/WORK/ios-armv7/Build/bellesip/CMakeFiles/CMakeTmp

Run Build Command:"/usr/bin/make" "cmTC_7f442/fast"
/Applications/Xcode.app/Contents/Developer/usr/bin/make -f CMakeFiles/cmTC_7f442.dir/build.make CMakeFiles/cmTC_7f442.dir/build
Building C object CMakeFiles/cmTC_7f442.dir/CheckSymbolExists.c.o
/Applications/Xcode.app/Contents/Developer/Toolchains/XcodeDefault.xctoolchain/usr/bin/clang  --target=armv7-apple-darwin   -miphoneos-version-min=8.0 -DTARGET_OS_IPHONE=1 -D__IOS -fms-extensions -mcpu=cortex-a8 -fembed-bitcode  -arch armv7 -isysroot /Applications/Xcode.app/Contents/Developer/Platforms/iPhoneOS.platform/Developer/SDKs/iPhoneOS10.2.sdk   -o CMakeFiles/cmTC_7f442.dir/CheckSymbolExists.c.o   -c /Users/syzn/Documents/Official_Linphone/linphone-iphone/WORK/ios-armv7/Build/bellesip/CMakeFiles/CMakeTmp/CheckSymbolExists.c
Linking C executable cmTC_7f442
/usr/local/Cellar/cmake/3.7.2/bin/cmake -E cmake_link_script CMakeFiles/cmTC_7f442.dir/link.txt --verbose=1
/Applications/Xcode.app/Contents/Developer/Toolchains/XcodeDefault.xctoolchain/usr/bin/clang  --target=armv7-apple-darwin  -miphoneos-version-min=8.0 -DTARGET_OS_IPHONE=1 -D__IOS -fms-extensions -mcpu=cortex-a8 -fembed-bitcode  -arch armv7 -isysroot /Applications/Xcode.app/Contents/Developer/Platforms/iPhoneOS.platform/Developer/SDKs/iPhoneOS10.2.sdk -Wl,-headerpad_max_install_names   CMakeFiles/cmTC_7f442.dir/CheckSymbolExists.c.o  -o cmTC_7f442  
ld: warning: -headerpad_max_install_names is ignored when used with -bitcode_bundle (Xcode setting ENABLE_BITCODE=YES)

File /Users/syzn/Documents/Official_Linphone/linphone-iphone/WORK/ios-armv7/Build/bellesip/CMakeFiles/CMakeTmp/CheckSymbolExists.c:
/* */
#include <pthread.h>

int main(int argc, char** argv)
{
  (void)argv;
#ifndef pthread_create
  return ((int*)(&pthread_create))[argc];
#else
  (void)argc;
  return 0;
#endif
}

Determining if the antlr3StringStreamNew exist passed with the following output:
Change Dir: /Users/syzn/Documents/Official_Linphone/linphone-iphone/WORK/ios-armv7/Build/bellesip/CMakeFiles/CMakeTmp

Run Build Command:"/usr/bin/make" "cmTC_7cf3f/fast"
/Applications/Xcode.app/Contents/Developer/usr/bin/make -f CMakeFiles/cmTC_7cf3f.dir/build.make CMakeFiles/cmTC_7cf3f.dir/build
Building C object CMakeFiles/cmTC_7cf3f.dir/CheckSymbolExists.c.o
/Applications/Xcode.app/Contents/Developer/Toolchains/XcodeDefault.xctoolchain/usr/bin/clang  --target=armv7-apple-darwin  -I/Users/syzn/Documents/Official_Linphone/linphone-iphone/liblinphone-sdk/armv7-apple-darwin.ios/include  -miphoneos-version-min=8.0 -DTARGET_OS_IPHONE=1 -D__IOS -fms-extensions -mcpu=cortex-a8 -fembed-bitcode  -arch armv7 -isysroot /Applications/Xcode.app/Contents/Developer/Platforms/iPhoneOS.platform/Developer/SDKs/iPhoneOS10.2.sdk   -o CMakeFiles/cmTC_7cf3f.dir/CheckSymbolExists.c.o   -c /Users/syzn/Documents/Official_Linphone/linphone-iphone/WORK/ios-armv7/Build/bellesip/CMakeFiles/CMakeTmp/CheckSymbolExists.c
Linking C executable cmTC_7cf3f
/usr/local/Cellar/cmake/3.7.2/bin/cmake -E cmake_link_script CMakeFiles/cmTC_7cf3f.dir/link.txt --verbose=1
/Applications/Xcode.app/Contents/Developer/Toolchains/XcodeDefault.xctoolchain/usr/bin/clang  --target=armv7-apple-darwin  -miphoneos-version-min=8.0 -DTARGET_OS_IPHONE=1 -D__IOS -fms-extensions -mcpu=cortex-a8 -fembed-bitcode  -arch armv7 -isysroot /Applications/Xcode.app/Contents/Developer/Platforms/iPhoneOS.platform/Developer/SDKs/iPhoneOS10.2.sdk -Wl,-headerpad_max_install_names   CMakeFiles/cmTC_7cf3f.dir/CheckSymbolExists.c.o  -o cmTC_7cf3f  /Users/syzn/Documents/Official_Linphone/linphone-iphone/liblinphone-sdk/armv7-apple-darwin.ios/lib/libantlr3c.a 
ld: warning: -headerpad_max_install_names is ignored when used with -bitcode_bundle (Xcode setting ENABLE_BITCODE=YES)

File /Users/syzn/Documents/Official_Linphone/linphone-iphone/WORK/ios-armv7/Build/bellesip/CMakeFiles/CMakeTmp/CheckSymbolExists.c:
/* */
#include <antlr3.h>

int main(int argc, char** argv)
{
  (void)argv;
#ifndef antlr3StringStreamNew
  return ((int*)(&antlr3StringStreamNew))[argc];
#else
  (void)argc;
  return 0;
#endif
}

