Compiling the C compiler identification source file "CMakeCCompilerId.c" failed.
Compiler: /Applications/Xcode.app/Contents/Developer/Toolchains/XcodeDefault.xctoolchain/usr/bin/clang 
Build flags: ;-miphoneos-version-min=8.0;-DTARGET_OS_IPHONE=1;-D__IOS;-fms-extensions;-mcpu=cortex-a8;-fembed-bitcode;-w
Id flags: 

The output was:
1
ld: building for iOS simulator, but linking against dylib built for OSX, file '/usr/lib/libSystem.dylib' for architecture x86_64
clang: error: linker command failed with exit code 1 (use -v to see invocation)


Determining if the include file malloc.h exists failed with the following output:
Change Dir: /Users/syzn/Documents/Official_Linphone/linphone-iphone/WORK/ios-armv7/Build/antlr3c/CMakeFiles/CMakeTmp

Run Build Command:"/usr/bin/make" "cmTC_23e3f/fast"
/Applications/Xcode.app/Contents/Developer/usr/bin/make -f CMakeFiles/cmTC_23e3f.dir/build.make CMakeFiles/cmTC_23e3f.dir/build
Building C object CMakeFiles/cmTC_23e3f.dir/CheckIncludeFile.c.o
/Applications/Xcode.app/Contents/Developer/Toolchains/XcodeDefault.xctoolchain/usr/bin/clang  --target=armv7-apple-darwin   -miphoneos-version-min=8.0 -DTARGET_OS_IPHONE=1 -D__IOS -fms-extensions -mcpu=cortex-a8 -fembed-bitcode -w  -arch armv7 -isysroot /Applications/Xcode.app/Contents/Developer/Platforms/iPhoneOS.platform/Developer/SDKs/iPhoneOS10.2.sdk   -o CMakeFiles/cmTC_23e3f.dir/CheckIncludeFile.c.o   -c /Users/syzn/Documents/Official_Linphone/linphone-iphone/WORK/ios-armv7/Build/antlr3c/CMakeFiles/CMakeTmp/CheckIncludeFile.c
/Users/syzn/Documents/Official_Linphone/linphone-iphone/WORK/ios-armv7/Build/antlr3c/CMakeFiles/CMakeTmp/CheckIncludeFile.c:1:10: fatal error: 'malloc.h' file not found
#include <malloc.h>
         ^
1 error generated.
make[5]: *** [CMakeFiles/cmTC_23e3f.dir/CheckIncludeFile.c.o] Error 1
make[4]: *** [cmTC_23e3f/fast] Error 2


Determining if the include file socket.h exists failed with the following output:
Change Dir: /Users/syzn/Documents/Official_Linphone/linphone-iphone/WORK/ios-armv7/Build/antlr3c/CMakeFiles/CMakeTmp

Run Build Command:"/usr/bin/make" "cmTC_740cc/fast"
/Applications/Xcode.app/Contents/Developer/usr/bin/make -f CMakeFiles/cmTC_740cc.dir/build.make CMakeFiles/cmTC_740cc.dir/build
Building C object CMakeFiles/cmTC_740cc.dir/CheckIncludeFile.c.o
/Applications/Xcode.app/Contents/Developer/Toolchains/XcodeDefault.xctoolchain/usr/bin/clang  --target=armv7-apple-darwin   -miphoneos-version-min=8.0 -DTARGET_OS_IPHONE=1 -D__IOS -fms-extensions -mcpu=cortex-a8 -fembed-bitcode -w  -arch armv7 -isysroot /Applications/Xcode.app/Contents/Developer/Platforms/iPhoneOS.platform/Developer/SDKs/iPhoneOS10.2.sdk   -o CMakeFiles/cmTC_740cc.dir/CheckIncludeFile.c.o   -c /Users/syzn/Documents/Official_Linphone/linphone-iphone/WORK/ios-armv7/Build/antlr3c/CMakeFiles/CMakeTmp/CheckIncludeFile.c
/Users/syzn/Documents/Official_Linphone/linphone-iphone/WORK/ios-armv7/Build/antlr3c/CMakeFiles/CMakeTmp/CheckIncludeFile.c:1:10: fatal error: 'socket.h' file not found
#include <socket.h>
         ^
1 error generated.
make[5]: *** [CMakeFiles/cmTC_740cc.dir/CheckIncludeFile.c.o] Error 1
make[4]: *** [cmTC_740cc/fast] Error 2


Determining if the include file sys/malloc.h exists failed with the following output:
Change Dir: /Users/syzn/Documents/Official_Linphone/linphone-iphone/WORK/ios-armv7/Build/antlr3c/CMakeFiles/CMakeTmp

Run Build Command:"/usr/bin/make" "cmTC_d7247/fast"
/Applications/Xcode.app/Contents/Developer/usr/bin/make -f CMakeFiles/cmTC_d7247.dir/build.make CMakeFiles/cmTC_d7247.dir/build
Building C object CMakeFiles/cmTC_d7247.dir/CheckIncludeFile.c.o
/Applications/Xcode.app/Contents/Developer/Toolchains/XcodeDefault.xctoolchain/usr/bin/clang  --target=armv7-apple-darwin   -miphoneos-version-min=8.0 -DTARGET_OS_IPHONE=1 -D__IOS -fms-extensions -mcpu=cortex-a8 -fembed-bitcode -w  -arch armv7 -isysroot /Applications/Xcode.app/Contents/Developer/Platforms/iPhoneOS.platform/Developer/SDKs/iPhoneOS10.2.sdk   -o CMakeFiles/cmTC_d7247.dir/CheckIncludeFile.c.o   -c /Users/syzn/Documents/Official_Linphone/linphone-iphone/WORK/ios-armv7/Build/antlr3c/CMakeFiles/CMakeTmp/CheckIncludeFile.c
/Users/syzn/Documents/Official_Linphone/linphone-iphone/WORK/ios-armv7/Build/antlr3c/CMakeFiles/CMakeTmp/CheckIncludeFile.c:1:10: fatal error: 'sys/malloc.h' file not found
#include <sys/malloc.h>
         ^
1 error generated.
make[5]: *** [CMakeFiles/cmTC_d7247.dir/CheckIncludeFile.c.o] Error 1
make[4]: *** [cmTC_d7247/fast] Error 2


