The target system is: Darwin -  - aarch64
The host system is: Darwin - 15.6.0 - x86_64
Compiling the C compiler identification source file "CMakeCCompilerId.c" succeeded.
Compiler: /Applications/Xcode.app/Contents/Developer/Toolchains/XcodeDefault.xctoolchain/usr/bin/clang 
Build flags: ;-miphoneos-version-min=8.0;-DTARGET_OS_IPHONE=1;-D__IOS;-fms-extensions;-fembed-bitcode;;-fPIC
Id flags: -c

The output was:
0


Compilation of the C compiler identification source "CMakeCCompilerId.c" produced "CMakeCCompilerId.o"

The C compiler identification is AppleClang, found in "/Users/syzn/Documents/Official_Linphone/linphone-iphone/WORK/ios-arm64/Build/turbo-jpeg/CMakeFiles/3.7.2/CompilerIdC/CMakeCCompilerId.o"

Determining if the C compiler works passed with the following output:
Change Dir: /Users/syzn/Documents/Official_Linphone/linphone-iphone/WORK/ios-arm64/Build/turbo-jpeg/CMakeFiles/CMakeTmp

Run Build Command:"/usr/bin/make" "cmTC_154a6/fast"
/Applications/Xcode.app/Contents/Developer/usr/bin/make -f CMakeFiles/cmTC_154a6.dir/build.make CMakeFiles/cmTC_154a6.dir/build
Building C object CMakeFiles/cmTC_154a6.dir/testCCompiler.c.o
/Applications/Xcode.app/Contents/Developer/Toolchains/XcodeDefault.xctoolchain/usr/bin/clang  --target=arm64-apple-darwin   -miphoneos-version-min=8.0 -DTARGET_OS_IPHONE=1 -D__IOS -fms-extensions -fembed-bitcode  -fPIC  -arch arm64 -isysroot /Applications/Xcode.app/Contents/Developer/Platforms/iPhoneOS.platform/Developer/SDKs/iPhoneOS10.2.sdk   -o CMakeFiles/cmTC_154a6.dir/testCCompiler.c.o   -c /Users/syzn/Documents/Official_Linphone/linphone-iphone/WORK/ios-arm64/Build/turbo-jpeg/CMakeFiles/CMakeTmp/testCCompiler.c
Linking C executable cmTC_154a6
/usr/local/Cellar/cmake/3.7.2/bin/cmake -E cmake_link_script CMakeFiles/cmTC_154a6.dir/link.txt --verbose=1
/Applications/Xcode.app/Contents/Developer/Toolchains/XcodeDefault.xctoolchain/usr/bin/clang  --target=arm64-apple-darwin  -miphoneos-version-min=8.0 -DTARGET_OS_IPHONE=1 -D__IOS -fms-extensions -fembed-bitcode  -fPIC  -arch arm64 -isysroot /Applications/Xcode.app/Contents/Developer/Platforms/iPhoneOS.platform/Developer/SDKs/iPhoneOS10.2.sdk -Wl,-headerpad_max_install_names   CMakeFiles/cmTC_154a6.dir/testCCompiler.c.o  -o cmTC_154a6  
ld: warning: -headerpad_max_install_names is ignored when used with -bitcode_bundle (Xcode setting ENABLE_BITCODE=YES)


Detecting C compiler ABI info compiled with the following output:
Change Dir: /Users/syzn/Documents/Official_Linphone/linphone-iphone/WORK/ios-arm64/Build/turbo-jpeg/CMakeFiles/CMakeTmp

Run Build Command:"/usr/bin/make" "cmTC_647da/fast"
/Applications/Xcode.app/Contents/Developer/usr/bin/make -f CMakeFiles/cmTC_647da.dir/build.make CMakeFiles/cmTC_647da.dir/build
Building C object CMakeFiles/cmTC_647da.dir/CMakeCCompilerABI.c.o
/Applications/Xcode.app/Contents/Developer/Toolchains/XcodeDefault.xctoolchain/usr/bin/clang  --target=arm64-apple-darwin   -miphoneos-version-min=8.0 -DTARGET_OS_IPHONE=1 -D__IOS -fms-extensions -fembed-bitcode  -fPIC  -arch arm64 -isysroot /Applications/Xcode.app/Contents/Developer/Platforms/iPhoneOS.platform/Developer/SDKs/iPhoneOS10.2.sdk   -o CMakeFiles/cmTC_647da.dir/CMakeCCompilerABI.c.o   -c /usr/local/Cellar/cmake/3.7.2/share/cmake/Modules/CMakeCCompilerABI.c
Linking C executable cmTC_647da
/usr/local/Cellar/cmake/3.7.2/bin/cmake -E cmake_link_script CMakeFiles/cmTC_647da.dir/link.txt --verbose=1
/Applications/Xcode.app/Contents/Developer/Toolchains/XcodeDefault.xctoolchain/usr/bin/clang  --target=arm64-apple-darwin  -miphoneos-version-min=8.0 -DTARGET_OS_IPHONE=1 -D__IOS -fms-extensions -fembed-bitcode  -fPIC  -arch arm64 -isysroot /Applications/Xcode.app/Contents/Developer/Platforms/iPhoneOS.platform/Developer/SDKs/iPhoneOS10.2.sdk -Wl,-headerpad_max_install_names  -v -Wl,-v CMakeFiles/cmTC_647da.dir/CMakeCCompilerABI.c.o  -o cmTC_647da   
Apple LLVM version 8.0.0 (clang-800.0.42.1)
Target: aarch64-apple-darwin
Thread model: posix
InstalledDir: /Applications/Xcode.app/Contents/Developer/Toolchains/XcodeDefault.xctoolchain/usr/bin
 "/Applications/Xcode.app/Contents/Developer/Toolchains/XcodeDefault.xctoolchain/usr/bin/ld" -demangle -dynamic -arch arm64 -iphoneos_version_min 8.0.0 -bitcode_bundle -syslibroot /Applications/Xcode.app/Contents/Developer/Platforms/iPhoneOS.platform/Developer/SDKs/iPhoneOS10.2.sdk -o cmTC_647da -headerpad_max_install_names -v CMakeFiles/cmTC_647da.dir/CMakeCCompilerABI.c.o -lSystem /Applications/Xcode.app/Contents/Developer/Toolchains/XcodeDefault.xctoolchain/usr/bin/../lib/clang/8.0.0/lib/darwin/libclang_rt.ios.a
@(#)PROGRAM:ld  PROJECT:ld64-274.2
configured to support archs: armv6 armv7 armv7s arm64 i386 x86_64 x86_64h armv6m armv7k armv7m armv7em (tvOS)
Library search paths:
	/Applications/Xcode.app/Contents/Developer/Platforms/iPhoneOS.platform/Developer/SDKs/iPhoneOS10.2.sdk/usr/lib
Framework search paths:
	/Applications/Xcode.app/Contents/Developer/Platforms/iPhoneOS.platform/Developer/SDKs/iPhoneOS10.2.sdk/System/Library/Frameworks/
ld: warning: -headerpad_max_install_names is ignored when used with -bitcode_bundle (Xcode setting ENABLE_BITCODE=YES)


Parsed C implicit link information from above output:
  link line regex: [^( *|.*[/\])(ld|([^/\]+-)?ld|collect2)[^/\]*( |$)]
  ignore line: [Change Dir: /Users/syzn/Documents/Official_Linphone/linphone-iphone/WORK/ios-arm64/Build/turbo-jpeg/CMakeFiles/CMakeTmp]
  ignore line: []
  ignore line: [Run Build Command:"/usr/bin/make" "cmTC_647da/fast"]
  ignore line: [/Applications/Xcode.app/Contents/Developer/usr/bin/make -f CMakeFiles/cmTC_647da.dir/build.make CMakeFiles/cmTC_647da.dir/build]
  ignore line: [Building C object CMakeFiles/cmTC_647da.dir/CMakeCCompilerABI.c.o]
  ignore line: [/Applications/Xcode.app/Contents/Developer/Toolchains/XcodeDefault.xctoolchain/usr/bin/clang  --target=arm64-apple-darwin   -miphoneos-version-min=8.0 -DTARGET_OS_IPHONE=1 -D__IOS -fms-extensions -fembed-bitcode  -fPIC  -arch arm64 -isysroot /Applications/Xcode.app/Contents/Developer/Platforms/iPhoneOS.platform/Developer/SDKs/iPhoneOS10.2.sdk   -o CMakeFiles/cmTC_647da.dir/CMakeCCompilerABI.c.o   -c /usr/local/Cellar/cmake/3.7.2/share/cmake/Modules/CMakeCCompilerABI.c]
  ignore line: [Linking C executable cmTC_647da]
  ignore line: [/usr/local/Cellar/cmake/3.7.2/bin/cmake -E cmake_link_script CMakeFiles/cmTC_647da.dir/link.txt --verbose=1]
  ignore line: [/Applications/Xcode.app/Contents/Developer/Toolchains/XcodeDefault.xctoolchain/usr/bin/clang  --target=arm64-apple-darwin  -miphoneos-version-min=8.0 -DTARGET_OS_IPHONE=1 -D__IOS -fms-extensions -fembed-bitcode  -fPIC  -arch arm64 -isysroot /Applications/Xcode.app/Contents/Developer/Platforms/iPhoneOS.platform/Developer/SDKs/iPhoneOS10.2.sdk -Wl,-headerpad_max_install_names  -v -Wl,-v CMakeFiles/cmTC_647da.dir/CMakeCCompilerABI.c.o  -o cmTC_647da   ]
  ignore line: [Apple LLVM version 8.0.0 (clang-800.0.42.1)]
  ignore line: [Target: aarch64-apple-darwin]
  ignore line: [Thread model: posix]
  ignore line: [InstalledDir: /Applications/Xcode.app/Contents/Developer/Toolchains/XcodeDefault.xctoolchain/usr/bin]
  link line: [ "/Applications/Xcode.app/Contents/Developer/Toolchains/XcodeDefault.xctoolchain/usr/bin/ld" -demangle -dynamic -arch arm64 -iphoneos_version_min 8.0.0 -bitcode_bundle -syslibroot /Applications/Xcode.app/Contents/Developer/Platforms/iPhoneOS.platform/Developer/SDKs/iPhoneOS10.2.sdk -o cmTC_647da -headerpad_max_install_names -v CMakeFiles/cmTC_647da.dir/CMakeCCompilerABI.c.o -lSystem /Applications/Xcode.app/Contents/Developer/Toolchains/XcodeDefault.xctoolchain/usr/bin/../lib/clang/8.0.0/lib/darwin/libclang_rt.ios.a]
    arg [/Applications/Xcode.app/Contents/Developer/Toolchains/XcodeDefault.xctoolchain/usr/bin/ld] ==> ignore
    arg [-demangle] ==> ignore
    arg [-dynamic] ==> ignore
    arg [-arch] ==> ignore
    arg [arm64] ==> ignore
    arg [-iphoneos_version_min] ==> ignore
    arg [8.0.0] ==> ignore
    arg [-bitcode_bundle] ==> ignore
    arg [-syslibroot] ==> ignore
    arg [/Applications/Xcode.app/Contents/Developer/Platforms/iPhoneOS.platform/Developer/SDKs/iPhoneOS10.2.sdk] ==> ignore
    arg [-o] ==> ignore
    arg [cmTC_647da] ==> ignore
    arg [-headerpad_max_install_names] ==> ignore
    arg [-v] ==> ignore
    arg [CMakeFiles/cmTC_647da.dir/CMakeCCompilerABI.c.o] ==> ignore
    arg [-lSystem] ==> lib [System]
    arg [/Applications/Xcode.app/Contents/Developer/Toolchains/XcodeDefault.xctoolchain/usr/bin/../lib/clang/8.0.0/lib/darwin/libclang_rt.ios.a] ==> lib [/Applications/Xcode.app/Contents/Developer/Toolchains/XcodeDefault.xctoolchain/usr/bin/../lib/clang/8.0.0/lib/darwin/libclang_rt.ios.a]
  Library search paths: [;/Applications/Xcode.app/Contents/Developer/Platforms/iPhoneOS.platform/Developer/SDKs/iPhoneOS10.2.sdk/usr/lib]
  Framework search paths: [;/Applications/Xcode.app/Contents/Developer/Platforms/iPhoneOS.platform/Developer/SDKs/iPhoneOS10.2.sdk/System/Library/Frameworks/]
  remove lib [System]
  remove lib [/Applications/Xcode.app/Contents/Developer/Toolchains/XcodeDefault.xctoolchain/usr/bin/../lib/clang/8.0.0/lib/darwin/libclang_rt.ios.a]
  collapse library dir [/Applications/Xcode.app/Contents/Developer/Platforms/iPhoneOS.platform/Developer/SDKs/iPhoneOS10.2.sdk/usr/lib] ==> [/Applications/Xcode.app/Contents/Developer/Platforms/iPhoneOS.platform/Developer/SDKs/iPhoneOS10.2.sdk/usr/lib]
  collapse framework dir [/Applications/Xcode.app/Contents/Developer/Platforms/iPhoneOS.platform/Developer/SDKs/iPhoneOS10.2.sdk/System/Library/Frameworks/] ==> [/Applications/Xcode.app/Contents/Developer/Platforms/iPhoneOS.platform/Developer/SDKs/iPhoneOS10.2.sdk/System/Library/Frameworks]
  implicit libs: []
  implicit dirs: [/Applications/Xcode.app/Contents/Developer/Platforms/iPhoneOS.platform/Developer/SDKs/iPhoneOS10.2.sdk/usr/lib]
  implicit fwks: [/Applications/Xcode.app/Contents/Developer/Platforms/iPhoneOS.platform/Developer/SDKs/iPhoneOS10.2.sdk/System/Library/Frameworks]




Detecting C [-std=c11] compiler features compiled with the following output:
Change Dir: /Users/syzn/Documents/Official_Linphone/linphone-iphone/WORK/ios-arm64/Build/turbo-jpeg/CMakeFiles/CMakeTmp

Run Build Command:"/usr/bin/make" "cmTC_b25af/fast"
/Applications/Xcode.app/Contents/Developer/usr/bin/make -f CMakeFiles/cmTC_b25af.dir/build.make CMakeFiles/cmTC_b25af.dir/build
Building C object CMakeFiles/cmTC_b25af.dir/feature_tests.c.o
/Applications/Xcode.app/Contents/Developer/Toolchains/XcodeDefault.xctoolchain/usr/bin/clang  --target=arm64-apple-darwin   -miphoneos-version-min=8.0 -DTARGET_OS_IPHONE=1 -D__IOS -fms-extensions -fembed-bitcode  -fPIC  -arch arm64 -isysroot /Applications/Xcode.app/Contents/Developer/Platforms/iPhoneOS.platform/Developer/SDKs/iPhoneOS10.2.sdk   -std=c11 -o CMakeFiles/cmTC_b25af.dir/feature_tests.c.o   -c /Users/syzn/Documents/Official_Linphone/linphone-iphone/WORK/ios-arm64/Build/turbo-jpeg/CMakeFiles/feature_tests.c
Linking C executable cmTC_b25af
/usr/local/Cellar/cmake/3.7.2/bin/cmake -E cmake_link_script CMakeFiles/cmTC_b25af.dir/link.txt --verbose=1
/Applications/Xcode.app/Contents/Developer/Toolchains/XcodeDefault.xctoolchain/usr/bin/clang  --target=arm64-apple-darwin  -miphoneos-version-min=8.0 -DTARGET_OS_IPHONE=1 -D__IOS -fms-extensions -fembed-bitcode  -fPIC  -arch arm64 -isysroot /Applications/Xcode.app/Contents/Developer/Platforms/iPhoneOS.platform/Developer/SDKs/iPhoneOS10.2.sdk -Wl,-headerpad_max_install_names   CMakeFiles/cmTC_b25af.dir/feature_tests.c.o  -o cmTC_b25af  
ld: warning: -headerpad_max_install_names is ignored when used with -bitcode_bundle (Xcode setting ENABLE_BITCODE=YES)


    Feature record: C_FEATURE:1c_function_prototypes
    Feature record: C_FEATURE:1c_restrict
    Feature record: C_FEATURE:1c_static_assert
    Feature record: C_FEATURE:1c_variadic_macros


Detecting C [-std=c99] compiler features compiled with the following output:
Change Dir: /Users/syzn/Documents/Official_Linphone/linphone-iphone/WORK/ios-arm64/Build/turbo-jpeg/CMakeFiles/CMakeTmp

Run Build Command:"/usr/bin/make" "cmTC_91b18/fast"
/Applications/Xcode.app/Contents/Developer/usr/bin/make -f CMakeFiles/cmTC_91b18.dir/build.make CMakeFiles/cmTC_91b18.dir/build
Building C object CMakeFiles/cmTC_91b18.dir/feature_tests.c.o
/Applications/Xcode.app/Contents/Developer/Toolchains/XcodeDefault.xctoolchain/usr/bin/clang  --target=arm64-apple-darwin   -miphoneos-version-min=8.0 -DTARGET_OS_IPHONE=1 -D__IOS -fms-extensions -fembed-bitcode  -fPIC  -arch arm64 -isysroot /Applications/Xcode.app/Contents/Developer/Platforms/iPhoneOS.platform/Developer/SDKs/iPhoneOS10.2.sdk   -std=c99 -o CMakeFiles/cmTC_91b18.dir/feature_tests.c.o   -c /Users/syzn/Documents/Official_Linphone/linphone-iphone/WORK/ios-arm64/Build/turbo-jpeg/CMakeFiles/feature_tests.c
Linking C executable cmTC_91b18
/usr/local/Cellar/cmake/3.7.2/bin/cmake -E cmake_link_script CMakeFiles/cmTC_91b18.dir/link.txt --verbose=1
/Applications/Xcode.app/Contents/Developer/Toolchains/XcodeDefault.xctoolchain/usr/bin/clang  --target=arm64-apple-darwin  -miphoneos-version-min=8.0 -DTARGET_OS_IPHONE=1 -D__IOS -fms-extensions -fembed-bitcode  -fPIC  -arch arm64 -isysroot /Applications/Xcode.app/Contents/Developer/Platforms/iPhoneOS.platform/Developer/SDKs/iPhoneOS10.2.sdk -Wl,-headerpad_max_install_names   CMakeFiles/cmTC_91b18.dir/feature_tests.c.o  -o cmTC_91b18  
ld: warning: -headerpad_max_install_names is ignored when used with -bitcode_bundle (Xcode setting ENABLE_BITCODE=YES)


    Feature record: C_FEATURE:1c_function_prototypes
    Feature record: C_FEATURE:1c_restrict
    Feature record: C_FEATURE:0c_static_assert
    Feature record: C_FEATURE:1c_variadic_macros


Detecting C [-std=c90] compiler features compiled with the following output:
Change Dir: /Users/syzn/Documents/Official_Linphone/linphone-iphone/WORK/ios-arm64/Build/turbo-jpeg/CMakeFiles/CMakeTmp

Run Build Command:"/usr/bin/make" "cmTC_ff79f/fast"
/Applications/Xcode.app/Contents/Developer/usr/bin/make -f CMakeFiles/cmTC_ff79f.dir/build.make CMakeFiles/cmTC_ff79f.dir/build
Building C object CMakeFiles/cmTC_ff79f.dir/feature_tests.c.o
/Applications/Xcode.app/Contents/Developer/Toolchains/XcodeDefault.xctoolchain/usr/bin/clang  --target=arm64-apple-darwin   -miphoneos-version-min=8.0 -DTARGET_OS_IPHONE=1 -D__IOS -fms-extensions -fembed-bitcode  -fPIC  -arch arm64 -isysroot /Applications/Xcode.app/Contents/Developer/Platforms/iPhoneOS.platform/Developer/SDKs/iPhoneOS10.2.sdk   -std=c90 -o CMakeFiles/cmTC_ff79f.dir/feature_tests.c.o   -c /Users/syzn/Documents/Official_Linphone/linphone-iphone/WORK/ios-arm64/Build/turbo-jpeg/CMakeFiles/feature_tests.c
Linking C executable cmTC_ff79f
/usr/local/Cellar/cmake/3.7.2/bin/cmake -E cmake_link_script CMakeFiles/cmTC_ff79f.dir/link.txt --verbose=1
/Applications/Xcode.app/Contents/Developer/Toolchains/XcodeDefault.xctoolchain/usr/bin/clang  --target=arm64-apple-darwin  -miphoneos-version-min=8.0 -DTARGET_OS_IPHONE=1 -D__IOS -fms-extensions -fembed-bitcode  -fPIC  -arch arm64 -isysroot /Applications/Xcode.app/Contents/Developer/Platforms/iPhoneOS.platform/Developer/SDKs/iPhoneOS10.2.sdk -Wl,-headerpad_max_install_names   CMakeFiles/cmTC_ff79f.dir/feature_tests.c.o  -o cmTC_ff79f  
ld: warning: -headerpad_max_install_names is ignored when used with -bitcode_bundle (Xcode setting ENABLE_BITCODE=YES)


    Feature record: C_FEATURE:1c_function_prototypes
    Feature record: C_FEATURE:0c_restrict
    Feature record: C_FEATURE:0c_static_assert
    Feature record: C_FEATURE:0c_variadic_macros
Determining if the include file sys/types.h exists passed with the following output:
Change Dir: /Users/syzn/Documents/Official_Linphone/linphone-iphone/WORK/ios-arm64/Build/turbo-jpeg/CMakeFiles/CMakeTmp

Run Build Command:"/usr/bin/make" "cmTC_aff1f/fast"
/Applications/Xcode.app/Contents/Developer/usr/bin/make -f CMakeFiles/cmTC_aff1f.dir/build.make CMakeFiles/cmTC_aff1f.dir/build
Building C object CMakeFiles/cmTC_aff1f.dir/CheckIncludeFile.c.o
/Applications/Xcode.app/Contents/Developer/Toolchains/XcodeDefault.xctoolchain/usr/bin/clang  --target=arm64-apple-darwin   -miphoneos-version-min=8.0 -DTARGET_OS_IPHONE=1 -D__IOS -fms-extensions -fembed-bitcode  -fPIC  -arch arm64 -isysroot /Applications/Xcode.app/Contents/Developer/Platforms/iPhoneOS.platform/Developer/SDKs/iPhoneOS10.2.sdk   -o CMakeFiles/cmTC_aff1f.dir/CheckIncludeFile.c.o   -c /Users/syzn/Documents/Official_Linphone/linphone-iphone/WORK/ios-arm64/Build/turbo-jpeg/CMakeFiles/CMakeTmp/CheckIncludeFile.c
Linking C executable cmTC_aff1f
/usr/local/Cellar/cmake/3.7.2/bin/cmake -E cmake_link_script CMakeFiles/cmTC_aff1f.dir/link.txt --verbose=1
/Applications/Xcode.app/Contents/Developer/Toolchains/XcodeDefault.xctoolchain/usr/bin/clang  --target=arm64-apple-darwin  -miphoneos-version-min=8.0 -DTARGET_OS_IPHONE=1 -D__IOS -fms-extensions -fembed-bitcode  -fPIC  -arch arm64 -isysroot /Applications/Xcode.app/Contents/Developer/Platforms/iPhoneOS.platform/Developer/SDKs/iPhoneOS10.2.sdk -Wl,-headerpad_max_install_names   CMakeFiles/cmTC_aff1f.dir/CheckIncludeFile.c.o  -o cmTC_aff1f  
ld: warning: -headerpad_max_install_names is ignored when used with -bitcode_bundle (Xcode setting ENABLE_BITCODE=YES)


Determining if the include file stdint.h exists passed with the following output:
Change Dir: /Users/syzn/Documents/Official_Linphone/linphone-iphone/WORK/ios-arm64/Build/turbo-jpeg/CMakeFiles/CMakeTmp

Run Build Command:"/usr/bin/make" "cmTC_8d014/fast"
/Applications/Xcode.app/Contents/Developer/usr/bin/make -f CMakeFiles/cmTC_8d014.dir/build.make CMakeFiles/cmTC_8d014.dir/build
Building C object CMakeFiles/cmTC_8d014.dir/CheckIncludeFile.c.o
/Applications/Xcode.app/Contents/Developer/Toolchains/XcodeDefault.xctoolchain/usr/bin/clang  --target=arm64-apple-darwin   -miphoneos-version-min=8.0 -DTARGET_OS_IPHONE=1 -D__IOS -fms-extensions -fembed-bitcode  -fPIC  -arch arm64 -isysroot /Applications/Xcode.app/Contents/Developer/Platforms/iPhoneOS.platform/Developer/SDKs/iPhoneOS10.2.sdk   -o CMakeFiles/cmTC_8d014.dir/CheckIncludeFile.c.o   -c /Users/syzn/Documents/Official_Linphone/linphone-iphone/WORK/ios-arm64/Build/turbo-jpeg/CMakeFiles/CMakeTmp/CheckIncludeFile.c
Linking C executable cmTC_8d014
/usr/local/Cellar/cmake/3.7.2/bin/cmake -E cmake_link_script CMakeFiles/cmTC_8d014.dir/link.txt --verbose=1
/Applications/Xcode.app/Contents/Developer/Toolchains/XcodeDefault.xctoolchain/usr/bin/clang  --target=arm64-apple-darwin  -miphoneos-version-min=8.0 -DTARGET_OS_IPHONE=1 -D__IOS -fms-extensions -fembed-bitcode  -fPIC  -arch arm64 -isysroot /Applications/Xcode.app/Contents/Developer/Platforms/iPhoneOS.platform/Developer/SDKs/iPhoneOS10.2.sdk -Wl,-headerpad_max_install_names   CMakeFiles/cmTC_8d014.dir/CheckIncludeFile.c.o  -o cmTC_8d014  
ld: warning: -headerpad_max_install_names is ignored when used with -bitcode_bundle (Xcode setting ENABLE_BITCODE=YES)


Determining if the include file stddef.h exists passed with the following output:
Change Dir: /Users/syzn/Documents/Official_Linphone/linphone-iphone/WORK/ios-arm64/Build/turbo-jpeg/CMakeFiles/CMakeTmp

Run Build Command:"/usr/bin/make" "cmTC_9277c/fast"
/Applications/Xcode.app/Contents/Developer/usr/bin/make -f CMakeFiles/cmTC_9277c.dir/build.make CMakeFiles/cmTC_9277c.dir/build
Building C object CMakeFiles/cmTC_9277c.dir/CheckIncludeFile.c.o
/Applications/Xcode.app/Contents/Developer/Toolchains/XcodeDefault.xctoolchain/usr/bin/clang  --target=arm64-apple-darwin   -miphoneos-version-min=8.0 -DTARGET_OS_IPHONE=1 -D__IOS -fms-extensions -fembed-bitcode  -fPIC  -arch arm64 -isysroot /Applications/Xcode.app/Contents/Developer/Platforms/iPhoneOS.platform/Developer/SDKs/iPhoneOS10.2.sdk   -o CMakeFiles/cmTC_9277c.dir/CheckIncludeFile.c.o   -c /Users/syzn/Documents/Official_Linphone/linphone-iphone/WORK/ios-arm64/Build/turbo-jpeg/CMakeFiles/CMakeTmp/CheckIncludeFile.c
Linking C executable cmTC_9277c
/usr/local/Cellar/cmake/3.7.2/bin/cmake -E cmake_link_script CMakeFiles/cmTC_9277c.dir/link.txt --verbose=1
/Applications/Xcode.app/Contents/Developer/Toolchains/XcodeDefault.xctoolchain/usr/bin/clang  --target=arm64-apple-darwin  -miphoneos-version-min=8.0 -DTARGET_OS_IPHONE=1 -D__IOS -fms-extensions -fembed-bitcode  -fPIC  -arch arm64 -isysroot /Applications/Xcode.app/Contents/Developer/Platforms/iPhoneOS.platform/Developer/SDKs/iPhoneOS10.2.sdk -Wl,-headerpad_max_install_names   CMakeFiles/cmTC_9277c.dir/CheckIncludeFile.c.o  -o cmTC_9277c  
ld: warning: -headerpad_max_install_names is ignored when used with -bitcode_bundle (Xcode setting ENABLE_BITCODE=YES)


Determining size of size_t passed with the following output:
Change Dir: /Users/syzn/Documents/Official_Linphone/linphone-iphone/WORK/ios-arm64/Build/turbo-jpeg/CMakeFiles/CMakeTmp

Run Build Command:"/usr/bin/make" "cmTC_bb752/fast"
/Applications/Xcode.app/Contents/Developer/usr/bin/make -f CMakeFiles/cmTC_bb752.dir/build.make CMakeFiles/cmTC_bb752.dir/build
Building C object CMakeFiles/cmTC_bb752.dir/SIZEOF_SIZE_T.c.o
/Applications/Xcode.app/Contents/Developer/Toolchains/XcodeDefault.xctoolchain/usr/bin/clang  --target=arm64-apple-darwin   -miphoneos-version-min=8.0 -DTARGET_OS_IPHONE=1 -D__IOS -fms-extensions -fembed-bitcode  -fPIC  -arch arm64 -isysroot /Applications/Xcode.app/Contents/Developer/Platforms/iPhoneOS.platform/Developer/SDKs/iPhoneOS10.2.sdk   -o CMakeFiles/cmTC_bb752.dir/SIZEOF_SIZE_T.c.o   -c /Users/syzn/Documents/Official_Linphone/linphone-iphone/WORK/ios-arm64/Build/turbo-jpeg/CMakeFiles/CheckTypeSize/SIZEOF_SIZE_T.c
Linking C executable cmTC_bb752
/usr/local/Cellar/cmake/3.7.2/bin/cmake -E cmake_link_script CMakeFiles/cmTC_bb752.dir/link.txt --verbose=1
/Applications/Xcode.app/Contents/Developer/Toolchains/XcodeDefault.xctoolchain/usr/bin/clang  --target=arm64-apple-darwin  -miphoneos-version-min=8.0 -DTARGET_OS_IPHONE=1 -D__IOS -fms-extensions -fembed-bitcode  -fPIC  -arch arm64 -isysroot /Applications/Xcode.app/Contents/Developer/Platforms/iPhoneOS.platform/Developer/SDKs/iPhoneOS10.2.sdk -Wl,-headerpad_max_install_names   CMakeFiles/cmTC_bb752.dir/SIZEOF_SIZE_T.c.o  -o cmTC_bb752  
ld: warning: -headerpad_max_install_names is ignored when used with -bitcode_bundle (Xcode setting ENABLE_BITCODE=YES)


Determining if the include file stdlib.h exists passed with the following output:
Change Dir: /Users/syzn/Documents/Official_Linphone/linphone-iphone/WORK/ios-arm64/Build/turbo-jpeg/CMakeFiles/CMakeTmp

Run Build Command:"/usr/bin/make" "cmTC_d55f1/fast"
/Applications/Xcode.app/Contents/Developer/usr/bin/make -f CMakeFiles/cmTC_d55f1.dir/build.make CMakeFiles/cmTC_d55f1.dir/build
Building C object CMakeFiles/cmTC_d55f1.dir/CheckIncludeFile.c.o
/Applications/Xcode.app/Contents/Developer/Toolchains/XcodeDefault.xctoolchain/usr/bin/clang  --target=arm64-apple-darwin   -miphoneos-version-min=8.0 -DTARGET_OS_IPHONE=1 -D__IOS -fms-extensions -fembed-bitcode  -fPIC  -arch arm64 -isysroot /Applications/Xcode.app/Contents/Developer/Platforms/iPhoneOS.platform/Developer/SDKs/iPhoneOS10.2.sdk   -o CMakeFiles/cmTC_d55f1.dir/CheckIncludeFile.c.o   -c /Users/syzn/Documents/Official_Linphone/linphone-iphone/WORK/ios-arm64/Build/turbo-jpeg/CMakeFiles/CMakeTmp/CheckIncludeFile.c
Linking C executable cmTC_d55f1
/usr/local/Cellar/cmake/3.7.2/bin/cmake -E cmake_link_script CMakeFiles/cmTC_d55f1.dir/link.txt --verbose=1
/Applications/Xcode.app/Contents/Developer/Toolchains/XcodeDefault.xctoolchain/usr/bin/clang  --target=arm64-apple-darwin  -miphoneos-version-min=8.0 -DTARGET_OS_IPHONE=1 -D__IOS -fms-extensions -fembed-bitcode  -fPIC  -arch arm64 -isysroot /Applications/Xcode.app/Contents/Developer/Platforms/iPhoneOS.platform/Developer/SDKs/iPhoneOS10.2.sdk -Wl,-headerpad_max_install_names   CMakeFiles/cmTC_d55f1.dir/CheckIncludeFile.c.o  -o cmTC_d55f1  
ld: warning: -headerpad_max_install_names is ignored when used with -bitcode_bundle (Xcode setting ENABLE_BITCODE=YES)


Determining if the include file locale.h exists passed with the following output:
Change Dir: /Users/syzn/Documents/Official_Linphone/linphone-iphone/WORK/ios-arm64/Build/turbo-jpeg/CMakeFiles/CMakeTmp

Run Build Command:"/usr/bin/make" "cmTC_5c8d6/fast"
/Applications/Xcode.app/Contents/Developer/usr/bin/make -f CMakeFiles/cmTC_5c8d6.dir/build.make CMakeFiles/cmTC_5c8d6.dir/build
Building C object CMakeFiles/cmTC_5c8d6.dir/CheckIncludeFile.c.o
/Applications/Xcode.app/Contents/Developer/Toolchains/XcodeDefault.xctoolchain/usr/bin/clang  --target=arm64-apple-darwin   -miphoneos-version-min=8.0 -DTARGET_OS_IPHONE=1 -D__IOS -fms-extensions -fembed-bitcode  -fPIC  -arch arm64 -isysroot /Applications/Xcode.app/Contents/Developer/Platforms/iPhoneOS.platform/Developer/SDKs/iPhoneOS10.2.sdk   -o CMakeFiles/cmTC_5c8d6.dir/CheckIncludeFile.c.o   -c /Users/syzn/Documents/Official_Linphone/linphone-iphone/WORK/ios-arm64/Build/turbo-jpeg/CMakeFiles/CMakeTmp/CheckIncludeFile.c
Linking C executable cmTC_5c8d6
/usr/local/Cellar/cmake/3.7.2/bin/cmake -E cmake_link_script CMakeFiles/cmTC_5c8d6.dir/link.txt --verbose=1
/Applications/Xcode.app/Contents/Developer/Toolchains/XcodeDefault.xctoolchain/usr/bin/clang  --target=arm64-apple-darwin  -miphoneos-version-min=8.0 -DTARGET_OS_IPHONE=1 -D__IOS -fms-extensions -fembed-bitcode  -fPIC  -arch arm64 -isysroot /Applications/Xcode.app/Contents/Developer/Platforms/iPhoneOS.platform/Developer/SDKs/iPhoneOS10.2.sdk -Wl,-headerpad_max_install_names   CMakeFiles/cmTC_5c8d6.dir/CheckIncludeFile.c.o  -o cmTC_5c8d6  
ld: warning: -headerpad_max_install_names is ignored when used with -bitcode_bundle (Xcode setting ENABLE_BITCODE=YES)


