The target system is: Darwin -  - aarch64
The host system is: Darwin - 15.6.0 - x86_64
Compiling the C compiler identification source file "CMakeCCompilerId.c" succeeded.
Compiler: /Applications/Xcode.app/Contents/Developer/Toolchains/XcodeDefault.xctoolchain/usr/bin/clang 
Build flags: ;-miphoneos-version-min=8.0;-DTARGET_OS_IPHONE=1;-D__IOS;-fms-extensions;-fembed-bitcode
Id flags: -c

The output was:
0


Compilation of the C compiler identification source "CMakeCCompilerId.c" produced "CMakeCCompilerId.o"

The C compiler identification is AppleClang, found in "/Users/syzn/Documents/Official_Linphone/linphone-iphone/WORK/ios-arm64/Build/bctoolbox/CMakeFiles/3.7.2/CompilerIdC/CMakeCCompilerId.o"

Compiling the CXX compiler identification source file "CMakeCXXCompilerId.cpp" succeeded.
Compiler: /Applications/Xcode.app/Contents/Developer/Toolchains/XcodeDefault.xctoolchain/usr/bin/clang++ 
Build flags: ;-miphoneos-version-min=8.0;-DTARGET_OS_IPHONE=1;-D__IOS;-fms-extensions;-fembed-bitcode;;-stdlib=libc++
Id flags: -c

The output was:
0


Compilation of the CXX compiler identification source "CMakeCXXCompilerId.cpp" produced "CMakeCXXCompilerId.o"

The CXX compiler identification is AppleClang, found in "/Users/syzn/Documents/Official_Linphone/linphone-iphone/WORK/ios-arm64/Build/bctoolbox/CMakeFiles/3.7.2/CompilerIdCXX/CMakeCXXCompilerId.o"

Determining if the C compiler works passed with the following output:
Change Dir: /Users/syzn/Documents/Official_Linphone/linphone-iphone/WORK/ios-arm64/Build/bctoolbox/CMakeFiles/CMakeTmp

Run Build Command:"/usr/bin/make" "cmTC_50e41/fast"
/Applications/Xcode.app/Contents/Developer/usr/bin/make -f CMakeFiles/cmTC_50e41.dir/build.make CMakeFiles/cmTC_50e41.dir/build
Building C object CMakeFiles/cmTC_50e41.dir/testCCompiler.c.o
/Applications/Xcode.app/Contents/Developer/Toolchains/XcodeDefault.xctoolchain/usr/bin/clang  --target=arm64-apple-darwin   -miphoneos-version-min=8.0 -DTARGET_OS_IPHONE=1 -D__IOS -fms-extensions -fembed-bitcode  -arch arm64 -isysroot /Applications/Xcode.app/Contents/Developer/Platforms/iPhoneOS.platform/Developer/SDKs/iPhoneOS10.2.sdk   -o CMakeFiles/cmTC_50e41.dir/testCCompiler.c.o   -c /Users/syzn/Documents/Official_Linphone/linphone-iphone/WORK/ios-arm64/Build/bctoolbox/CMakeFiles/CMakeTmp/testCCompiler.c
Linking C executable cmTC_50e41
/usr/local/Cellar/cmake/3.7.2/bin/cmake -E cmake_link_script CMakeFiles/cmTC_50e41.dir/link.txt --verbose=1
/Applications/Xcode.app/Contents/Developer/Toolchains/XcodeDefault.xctoolchain/usr/bin/clang  --target=arm64-apple-darwin  -miphoneos-version-min=8.0 -DTARGET_OS_IPHONE=1 -D__IOS -fms-extensions -fembed-bitcode  -arch arm64 -isysroot /Applications/Xcode.app/Contents/Developer/Platforms/iPhoneOS.platform/Developer/SDKs/iPhoneOS10.2.sdk -Wl,-headerpad_max_install_names   CMakeFiles/cmTC_50e41.dir/testCCompiler.c.o  -o cmTC_50e41  
ld: warning: -headerpad_max_install_names is ignored when used with -bitcode_bundle (Xcode setting ENABLE_BITCODE=YES)


Detecting C compiler ABI info compiled with the following output:
Change Dir: /Users/syzn/Documents/Official_Linphone/linphone-iphone/WORK/ios-arm64/Build/bctoolbox/CMakeFiles/CMakeTmp

Run Build Command:"/usr/bin/make" "cmTC_a7d61/fast"
/Applications/Xcode.app/Contents/Developer/usr/bin/make -f CMakeFiles/cmTC_a7d61.dir/build.make CMakeFiles/cmTC_a7d61.dir/build
Building C object CMakeFiles/cmTC_a7d61.dir/CMakeCCompilerABI.c.o
/Applications/Xcode.app/Contents/Developer/Toolchains/XcodeDefault.xctoolchain/usr/bin/clang  --target=arm64-apple-darwin   -miphoneos-version-min=8.0 -DTARGET_OS_IPHONE=1 -D__IOS -fms-extensions -fembed-bitcode  -arch arm64 -isysroot /Applications/Xcode.app/Contents/Developer/Platforms/iPhoneOS.platform/Developer/SDKs/iPhoneOS10.2.sdk   -o CMakeFiles/cmTC_a7d61.dir/CMakeCCompilerABI.c.o   -c /usr/local/Cellar/cmake/3.7.2/share/cmake/Modules/CMakeCCompilerABI.c
Linking C executable cmTC_a7d61
/usr/local/Cellar/cmake/3.7.2/bin/cmake -E cmake_link_script CMakeFiles/cmTC_a7d61.dir/link.txt --verbose=1
/Applications/Xcode.app/Contents/Developer/Toolchains/XcodeDefault.xctoolchain/usr/bin/clang  --target=arm64-apple-darwin  -miphoneos-version-min=8.0 -DTARGET_OS_IPHONE=1 -D__IOS -fms-extensions -fembed-bitcode  -arch arm64 -isysroot /Applications/Xcode.app/Contents/Developer/Platforms/iPhoneOS.platform/Developer/SDKs/iPhoneOS10.2.sdk -Wl,-headerpad_max_install_names  -v -Wl,-v CMakeFiles/cmTC_a7d61.dir/CMakeCCompilerABI.c.o  -o cmTC_a7d61   
Apple LLVM version 8.0.0 (clang-800.0.42.1)
Target: aarch64-apple-darwin
Thread model: posix
InstalledDir: /Applications/Xcode.app/Contents/Developer/Toolchains/XcodeDefault.xctoolchain/usr/bin
 "/Applications/Xcode.app/Contents/Developer/Toolchains/XcodeDefault.xctoolchain/usr/bin/ld" -demangle -dynamic -arch arm64 -iphoneos_version_min 8.0.0 -bitcode_bundle -syslibroot /Applications/Xcode.app/Contents/Developer/Platforms/iPhoneOS.platform/Developer/SDKs/iPhoneOS10.2.sdk -o cmTC_a7d61 -headerpad_max_install_names -v CMakeFiles/cmTC_a7d61.dir/CMakeCCompilerABI.c.o -lSystem /Applications/Xcode.app/Contents/Developer/Toolchains/XcodeDefault.xctoolchain/usr/bin/../lib/clang/8.0.0/lib/darwin/libclang_rt.ios.a
@(#)PROGRAM:ld  PROJECT:ld64-274.2
configured to support archs: armv6 armv7 armv7s arm64 i386 x86_64 x86_64h armv6m armv7k armv7m armv7em (tvOS)
Library search paths:
	/Applications/Xcode.app/Contents/Developer/Platforms/iPhoneOS.platform/Developer/SDKs/iPhoneOS10.2.sdk/usr/lib
Framework search paths:
	/Applications/Xcode.app/Contents/Developer/Platforms/iPhoneOS.platform/Developer/SDKs/iPhoneOS10.2.sdk/System/Library/Frameworks/
ld: warning: -headerpad_max_install_names is ignored when used with -bitcode_bundle (Xcode setting ENABLE_BITCODE=YES)


Parsed C implicit link information from above output:
  link line regex: [^( *|.*[/\])(ld|([^/\]+-)?ld|collect2)[^/\]*( |$)]
  ignore line: [Change Dir: /Users/syzn/Documents/Official_Linphone/linphone-iphone/WORK/ios-arm64/Build/bctoolbox/CMakeFiles/CMakeTmp]
  ignore line: []
  ignore line: [Run Build Command:"/usr/bin/make" "cmTC_a7d61/fast"]
  ignore line: [/Applications/Xcode.app/Contents/Developer/usr/bin/make -f CMakeFiles/cmTC_a7d61.dir/build.make CMakeFiles/cmTC_a7d61.dir/build]
  ignore line: [Building C object CMakeFiles/cmTC_a7d61.dir/CMakeCCompilerABI.c.o]
  ignore line: [/Applications/Xcode.app/Contents/Developer/Toolchains/XcodeDefault.xctoolchain/usr/bin/clang  --target=arm64-apple-darwin   -miphoneos-version-min=8.0 -DTARGET_OS_IPHONE=1 -D__IOS -fms-extensions -fembed-bitcode  -arch arm64 -isysroot /Applications/Xcode.app/Contents/Developer/Platforms/iPhoneOS.platform/Developer/SDKs/iPhoneOS10.2.sdk   -o CMakeFiles/cmTC_a7d61.dir/CMakeCCompilerABI.c.o   -c /usr/local/Cellar/cmake/3.7.2/share/cmake/Modules/CMakeCCompilerABI.c]
  ignore line: [Linking C executable cmTC_a7d61]
  ignore line: [/usr/local/Cellar/cmake/3.7.2/bin/cmake -E cmake_link_script CMakeFiles/cmTC_a7d61.dir/link.txt --verbose=1]
  ignore line: [/Applications/Xcode.app/Contents/Developer/Toolchains/XcodeDefault.xctoolchain/usr/bin/clang  --target=arm64-apple-darwin  -miphoneos-version-min=8.0 -DTARGET_OS_IPHONE=1 -D__IOS -fms-extensions -fembed-bitcode  -arch arm64 -isysroot /Applications/Xcode.app/Contents/Developer/Platforms/iPhoneOS.platform/Developer/SDKs/iPhoneOS10.2.sdk -Wl,-headerpad_max_install_names  -v -Wl,-v CMakeFiles/cmTC_a7d61.dir/CMakeCCompilerABI.c.o  -o cmTC_a7d61   ]
  ignore line: [Apple LLVM version 8.0.0 (clang-800.0.42.1)]
  ignore line: [Target: aarch64-apple-darwin]
  ignore line: [Thread model: posix]
  ignore line: [InstalledDir: /Applications/Xcode.app/Contents/Developer/Toolchains/XcodeDefault.xctoolchain/usr/bin]
  link line: [ "/Applications/Xcode.app/Contents/Developer/Toolchains/XcodeDefault.xctoolchain/usr/bin/ld" -demangle -dynamic -arch arm64 -iphoneos_version_min 8.0.0 -bitcode_bundle -syslibroot /Applications/Xcode.app/Contents/Developer/Platforms/iPhoneOS.platform/Developer/SDKs/iPhoneOS10.2.sdk -o cmTC_a7d61 -headerpad_max_install_names -v CMakeFiles/cmTC_a7d61.dir/CMakeCCompilerABI.c.o -lSystem /Applications/Xcode.app/Contents/Developer/Toolchains/XcodeDefault.xctoolchain/usr/bin/../lib/clang/8.0.0/lib/darwin/libclang_rt.ios.a]
    arg [/Applications/Xcode.app/Contents/Developer/Toolchains/XcodeDefault.xctoolchain/usr/bin/ld] ==> ignore
    arg [-demangle] ==> ignore
    arg [-dynamic] ==> ignore
    arg [-arch] ==> ignore
    arg [arm64] ==> ignore
    arg [-iphoneos_version_min] ==> ignore
    arg [8.0.0] ==> ignore
    arg [-bitcode_bundle] ==> ignore
    arg [-syslibroot] ==> ignore
    arg [/Applications/Xcode.app/Contents/Developer/Platforms/iPhoneOS.platform/Developer/SDKs/iPhoneOS10.2.sdk] ==> ignore
    arg [-o] ==> ignore
    arg [cmTC_a7d61] ==> ignore
    arg [-headerpad_max_install_names] ==> ignore
    arg [-v] ==> ignore
    arg [CMakeFiles/cmTC_a7d61.dir/CMakeCCompilerABI.c.o] ==> ignore
    arg [-lSystem] ==> lib [System]
    arg [/Applications/Xcode.app/Contents/Developer/Toolchains/XcodeDefault.xctoolchain/usr/bin/../lib/clang/8.0.0/lib/darwin/libclang_rt.ios.a] ==> lib [/Applications/Xcode.app/Contents/Developer/Toolchains/XcodeDefault.xctoolchain/usr/bin/../lib/clang/8.0.0/lib/darwin/libclang_rt.ios.a]
  Library search paths: [;/Applications/Xcode.app/Contents/Developer/Platforms/iPhoneOS.platform/Developer/SDKs/iPhoneOS10.2.sdk/usr/lib]
  Framework search paths: [;/Applications/Xcode.app/Contents/Developer/Platforms/iPhoneOS.platform/Developer/SDKs/iPhoneOS10.2.sdk/System/Library/Frameworks/]
  remove lib [System]
  remove lib [/Applications/Xcode.app/Contents/Developer/Toolchains/XcodeDefault.xctoolchain/usr/bin/../lib/clang/8.0.0/lib/darwin/libclang_rt.ios.a]
  collapse library dir [/Applications/Xcode.app/Contents/Developer/Platforms/iPhoneOS.platform/Developer/SDKs/iPhoneOS10.2.sdk/usr/lib] ==> [/Applications/Xcode.app/Contents/Developer/Platforms/iPhoneOS.platform/Developer/SDKs/iPhoneOS10.2.sdk/usr/lib]
  collapse framework dir [/Applications/Xcode.app/Contents/Developer/Platforms/iPhoneOS.platform/Developer/SDKs/iPhoneOS10.2.sdk/System/Library/Frameworks/] ==> [/Applications/Xcode.app/Contents/Developer/Platforms/iPhoneOS.platform/Developer/SDKs/iPhoneOS10.2.sdk/System/Library/Frameworks]
  implicit libs: []
  implicit dirs: [/Applications/Xcode.app/Contents/Developer/Platforms/iPhoneOS.platform/Developer/SDKs/iPhoneOS10.2.sdk/usr/lib]
  implicit fwks: [/Applications/Xcode.app/Contents/Developer/Platforms/iPhoneOS.platform/Developer/SDKs/iPhoneOS10.2.sdk/System/Library/Frameworks]




Detecting C [-std=c11] compiler features compiled with the following output:
Change Dir: /Users/syzn/Documents/Official_Linphone/linphone-iphone/WORK/ios-arm64/Build/bctoolbox/CMakeFiles/CMakeTmp

Run Build Command:"/usr/bin/make" "cmTC_85530/fast"
/Applications/Xcode.app/Contents/Developer/usr/bin/make -f CMakeFiles/cmTC_85530.dir/build.make CMakeFiles/cmTC_85530.dir/build
Building C object CMakeFiles/cmTC_85530.dir/feature_tests.c.o
/Applications/Xcode.app/Contents/Developer/Toolchains/XcodeDefault.xctoolchain/usr/bin/clang  --target=arm64-apple-darwin   -miphoneos-version-min=8.0 -DTARGET_OS_IPHONE=1 -D__IOS -fms-extensions -fembed-bitcode  -arch arm64 -isysroot /Applications/Xcode.app/Contents/Developer/Platforms/iPhoneOS.platform/Developer/SDKs/iPhoneOS10.2.sdk   -std=c11 -o CMakeFiles/cmTC_85530.dir/feature_tests.c.o   -c /Users/syzn/Documents/Official_Linphone/linphone-iphone/WORK/ios-arm64/Build/bctoolbox/CMakeFiles/feature_tests.c
Linking C executable cmTC_85530
/usr/local/Cellar/cmake/3.7.2/bin/cmake -E cmake_link_script CMakeFiles/cmTC_85530.dir/link.txt --verbose=1
/Applications/Xcode.app/Contents/Developer/Toolchains/XcodeDefault.xctoolchain/usr/bin/clang  --target=arm64-apple-darwin  -miphoneos-version-min=8.0 -DTARGET_OS_IPHONE=1 -D__IOS -fms-extensions -fembed-bitcode  -arch arm64 -isysroot /Applications/Xcode.app/Contents/Developer/Platforms/iPhoneOS.platform/Developer/SDKs/iPhoneOS10.2.sdk -Wl,-headerpad_max_install_names   CMakeFiles/cmTC_85530.dir/feature_tests.c.o  -o cmTC_85530  
ld: warning: -headerpad_max_install_names is ignored when used with -bitcode_bundle (Xcode setting ENABLE_BITCODE=YES)


    Feature record: C_FEATURE:1c_function_prototypes
    Feature record: C_FEATURE:1c_restrict
    Feature record: C_FEATURE:1c_static_assert
    Feature record: C_FEATURE:1c_variadic_macros


Detecting C [-std=c99] compiler features compiled with the following output:
Change Dir: /Users/syzn/Documents/Official_Linphone/linphone-iphone/WORK/ios-arm64/Build/bctoolbox/CMakeFiles/CMakeTmp

Run Build Command:"/usr/bin/make" "cmTC_9f584/fast"
/Applications/Xcode.app/Contents/Developer/usr/bin/make -f CMakeFiles/cmTC_9f584.dir/build.make CMakeFiles/cmTC_9f584.dir/build
Building C object CMakeFiles/cmTC_9f584.dir/feature_tests.c.o
/Applications/Xcode.app/Contents/Developer/Toolchains/XcodeDefault.xctoolchain/usr/bin/clang  --target=arm64-apple-darwin   -miphoneos-version-min=8.0 -DTARGET_OS_IPHONE=1 -D__IOS -fms-extensions -fembed-bitcode  -arch arm64 -isysroot /Applications/Xcode.app/Contents/Developer/Platforms/iPhoneOS.platform/Developer/SDKs/iPhoneOS10.2.sdk   -std=c99 -o CMakeFiles/cmTC_9f584.dir/feature_tests.c.o   -c /Users/syzn/Documents/Official_Linphone/linphone-iphone/WORK/ios-arm64/Build/bctoolbox/CMakeFiles/feature_tests.c
Linking C executable cmTC_9f584
/usr/local/Cellar/cmake/3.7.2/bin/cmake -E cmake_link_script CMakeFiles/cmTC_9f584.dir/link.txt --verbose=1
/Applications/Xcode.app/Contents/Developer/Toolchains/XcodeDefault.xctoolchain/usr/bin/clang  --target=arm64-apple-darwin  -miphoneos-version-min=8.0 -DTARGET_OS_IPHONE=1 -D__IOS -fms-extensions -fembed-bitcode  -arch arm64 -isysroot /Applications/Xcode.app/Contents/Developer/Platforms/iPhoneOS.platform/Developer/SDKs/iPhoneOS10.2.sdk -Wl,-headerpad_max_install_names   CMakeFiles/cmTC_9f584.dir/feature_tests.c.o  -o cmTC_9f584  
ld: warning: -headerpad_max_install_names is ignored when used with -bitcode_bundle (Xcode setting ENABLE_BITCODE=YES)


    Feature record: C_FEATURE:1c_function_prototypes
    Feature record: C_FEATURE:1c_restrict
    Feature record: C_FEATURE:0c_static_assert
    Feature record: C_FEATURE:1c_variadic_macros


Detecting C [-std=c90] compiler features compiled with the following output:
Change Dir: /Users/syzn/Documents/Official_Linphone/linphone-iphone/WORK/ios-arm64/Build/bctoolbox/CMakeFiles/CMakeTmp

Run Build Command:"/usr/bin/make" "cmTC_38df6/fast"
/Applications/Xcode.app/Contents/Developer/usr/bin/make -f CMakeFiles/cmTC_38df6.dir/build.make CMakeFiles/cmTC_38df6.dir/build
Building C object CMakeFiles/cmTC_38df6.dir/feature_tests.c.o
/Applications/Xcode.app/Contents/Developer/Toolchains/XcodeDefault.xctoolchain/usr/bin/clang  --target=arm64-apple-darwin   -miphoneos-version-min=8.0 -DTARGET_OS_IPHONE=1 -D__IOS -fms-extensions -fembed-bitcode  -arch arm64 -isysroot /Applications/Xcode.app/Contents/Developer/Platforms/iPhoneOS.platform/Developer/SDKs/iPhoneOS10.2.sdk   -std=c90 -o CMakeFiles/cmTC_38df6.dir/feature_tests.c.o   -c /Users/syzn/Documents/Official_Linphone/linphone-iphone/WORK/ios-arm64/Build/bctoolbox/CMakeFiles/feature_tests.c
Linking C executable cmTC_38df6
/usr/local/Cellar/cmake/3.7.2/bin/cmake -E cmake_link_script CMakeFiles/cmTC_38df6.dir/link.txt --verbose=1
/Applications/Xcode.app/Contents/Developer/Toolchains/XcodeDefault.xctoolchain/usr/bin/clang  --target=arm64-apple-darwin  -miphoneos-version-min=8.0 -DTARGET_OS_IPHONE=1 -D__IOS -fms-extensions -fembed-bitcode  -arch arm64 -isysroot /Applications/Xcode.app/Contents/Developer/Platforms/iPhoneOS.platform/Developer/SDKs/iPhoneOS10.2.sdk -Wl,-headerpad_max_install_names   CMakeFiles/cmTC_38df6.dir/feature_tests.c.o  -o cmTC_38df6  
ld: warning: -headerpad_max_install_names is ignored when used with -bitcode_bundle (Xcode setting ENABLE_BITCODE=YES)


    Feature record: C_FEATURE:1c_function_prototypes
    Feature record: C_FEATURE:0c_restrict
    Feature record: C_FEATURE:0c_static_assert
    Feature record: C_FEATURE:0c_variadic_macros
Determining if the CXX compiler works passed with the following output:
Change Dir: /Users/syzn/Documents/Official_Linphone/linphone-iphone/WORK/ios-arm64/Build/bctoolbox/CMakeFiles/CMakeTmp

Run Build Command:"/usr/bin/make" "cmTC_c19d7/fast"
/Applications/Xcode.app/Contents/Developer/usr/bin/make -f CMakeFiles/cmTC_c19d7.dir/build.make CMakeFiles/cmTC_c19d7.dir/build
Building CXX object CMakeFiles/cmTC_c19d7.dir/testCXXCompiler.cxx.o
/Applications/Xcode.app/Contents/Developer/Toolchains/XcodeDefault.xctoolchain/usr/bin/clang++  --target=arm64-apple-darwin    -miphoneos-version-min=8.0 -DTARGET_OS_IPHONE=1 -D__IOS -fms-extensions -fembed-bitcode  -stdlib=libc++  -arch arm64 -isysroot /Applications/Xcode.app/Contents/Developer/Platforms/iPhoneOS.platform/Developer/SDKs/iPhoneOS10.2.sdk   -o CMakeFiles/cmTC_c19d7.dir/testCXXCompiler.cxx.o -c /Users/syzn/Documents/Official_Linphone/linphone-iphone/WORK/ios-arm64/Build/bctoolbox/CMakeFiles/CMakeTmp/testCXXCompiler.cxx
Linking CXX executable cmTC_c19d7
/usr/local/Cellar/cmake/3.7.2/bin/cmake -E cmake_link_script CMakeFiles/cmTC_c19d7.dir/link.txt --verbose=1
/Applications/Xcode.app/Contents/Developer/Toolchains/XcodeDefault.xctoolchain/usr/bin/clang++  --target=arm64-apple-darwin   -miphoneos-version-min=8.0 -DTARGET_OS_IPHONE=1 -D__IOS -fms-extensions -fembed-bitcode  -stdlib=libc++  -arch arm64 -isysroot /Applications/Xcode.app/Contents/Developer/Platforms/iPhoneOS.platform/Developer/SDKs/iPhoneOS10.2.sdk -Wl,-headerpad_max_install_names   CMakeFiles/cmTC_c19d7.dir/testCXXCompiler.cxx.o  -o cmTC_c19d7  
ld: warning: -headerpad_max_install_names is ignored when used with -bitcode_bundle (Xcode setting ENABLE_BITCODE=YES)


Detecting CXX compiler ABI info compiled with the following output:
Change Dir: /Users/syzn/Documents/Official_Linphone/linphone-iphone/WORK/ios-arm64/Build/bctoolbox/CMakeFiles/CMakeTmp

Run Build Command:"/usr/bin/make" "cmTC_73c00/fast"
/Applications/Xcode.app/Contents/Developer/usr/bin/make -f CMakeFiles/cmTC_73c00.dir/build.make CMakeFiles/cmTC_73c00.dir/build
Building CXX object CMakeFiles/cmTC_73c00.dir/CMakeCXXCompilerABI.cpp.o
/Applications/Xcode.app/Contents/Developer/Toolchains/XcodeDefault.xctoolchain/usr/bin/clang++  --target=arm64-apple-darwin    -miphoneos-version-min=8.0 -DTARGET_OS_IPHONE=1 -D__IOS -fms-extensions -fembed-bitcode  -stdlib=libc++  -arch arm64 -isysroot /Applications/Xcode.app/Contents/Developer/Platforms/iPhoneOS.platform/Developer/SDKs/iPhoneOS10.2.sdk   -o CMakeFiles/cmTC_73c00.dir/CMakeCXXCompilerABI.cpp.o -c /usr/local/Cellar/cmake/3.7.2/share/cmake/Modules/CMakeCXXCompilerABI.cpp
Linking CXX executable cmTC_73c00
/usr/local/Cellar/cmake/3.7.2/bin/cmake -E cmake_link_script CMakeFiles/cmTC_73c00.dir/link.txt --verbose=1
/Applications/Xcode.app/Contents/Developer/Toolchains/XcodeDefault.xctoolchain/usr/bin/clang++  --target=arm64-apple-darwin   -miphoneos-version-min=8.0 -DTARGET_OS_IPHONE=1 -D__IOS -fms-extensions -fembed-bitcode  -stdlib=libc++  -arch arm64 -isysroot /Applications/Xcode.app/Contents/Developer/Platforms/iPhoneOS.platform/Developer/SDKs/iPhoneOS10.2.sdk -Wl,-headerpad_max_install_names  -v -Wl,-v CMakeFiles/cmTC_73c00.dir/CMakeCXXCompilerABI.cpp.o  -o cmTC_73c00   
Apple LLVM version 8.0.0 (clang-800.0.42.1)
Target: aarch64-apple-darwin
Thread model: posix
InstalledDir: /Applications/Xcode.app/Contents/Developer/Toolchains/XcodeDefault.xctoolchain/usr/bin
 "/Applications/Xcode.app/Contents/Developer/Toolchains/XcodeDefault.xctoolchain/usr/bin/ld" -demangle -dynamic -arch arm64 -iphoneos_version_min 8.0.0 -bitcode_bundle -syslibroot /Applications/Xcode.app/Contents/Developer/Platforms/iPhoneOS.platform/Developer/SDKs/iPhoneOS10.2.sdk -o cmTC_73c00 -headerpad_max_install_names -v CMakeFiles/cmTC_73c00.dir/CMakeCXXCompilerABI.cpp.o -lc++ -lSystem /Applications/Xcode.app/Contents/Developer/Toolchains/XcodeDefault.xctoolchain/usr/bin/../lib/clang/8.0.0/lib/darwin/libclang_rt.ios.a
@(#)PROGRAM:ld  PROJECT:ld64-274.2
configured to support archs: armv6 armv7 armv7s arm64 i386 x86_64 x86_64h armv6m armv7k armv7m armv7em (tvOS)
Library search paths:
	/Applications/Xcode.app/Contents/Developer/Platforms/iPhoneOS.platform/Developer/SDKs/iPhoneOS10.2.sdk/usr/lib
Framework search paths:
	/Applications/Xcode.app/Contents/Developer/Platforms/iPhoneOS.platform/Developer/SDKs/iPhoneOS10.2.sdk/System/Library/Frameworks/
ld: warning: -headerpad_max_install_names is ignored when used with -bitcode_bundle (Xcode setting ENABLE_BITCODE=YES)


Parsed CXX implicit link information from above output:
  link line regex: [^( *|.*[/\])(ld|([^/\]+-)?ld|collect2)[^/\]*( |$)]
  ignore line: [Change Dir: /Users/syzn/Documents/Official_Linphone/linphone-iphone/WORK/ios-arm64/Build/bctoolbox/CMakeFiles/CMakeTmp]
  ignore line: []
  ignore line: [Run Build Command:"/usr/bin/make" "cmTC_73c00/fast"]
  ignore line: [/Applications/Xcode.app/Contents/Developer/usr/bin/make -f CMakeFiles/cmTC_73c00.dir/build.make CMakeFiles/cmTC_73c00.dir/build]
  ignore line: [Building CXX object CMakeFiles/cmTC_73c00.dir/CMakeCXXCompilerABI.cpp.o]
  ignore line: [/Applications/Xcode.app/Contents/Developer/Toolchains/XcodeDefault.xctoolchain/usr/bin/clang++  --target=arm64-apple-darwin    -miphoneos-version-min=8.0 -DTARGET_OS_IPHONE=1 -D__IOS -fms-extensions -fembed-bitcode  -stdlib=libc++  -arch arm64 -isysroot /Applications/Xcode.app/Contents/Developer/Platforms/iPhoneOS.platform/Developer/SDKs/iPhoneOS10.2.sdk   -o CMakeFiles/cmTC_73c00.dir/CMakeCXXCompilerABI.cpp.o -c /usr/local/Cellar/cmake/3.7.2/share/cmake/Modules/CMakeCXXCompilerABI.cpp]
  ignore line: [Linking CXX executable cmTC_73c00]
  ignore line: [/usr/local/Cellar/cmake/3.7.2/bin/cmake -E cmake_link_script CMakeFiles/cmTC_73c00.dir/link.txt --verbose=1]
  ignore line: [/Applications/Xcode.app/Contents/Developer/Toolchains/XcodeDefault.xctoolchain/usr/bin/clang++  --target=arm64-apple-darwin   -miphoneos-version-min=8.0 -DTARGET_OS_IPHONE=1 -D__IOS -fms-extensions -fembed-bitcode  -stdlib=libc++  -arch arm64 -isysroot /Applications/Xcode.app/Contents/Developer/Platforms/iPhoneOS.platform/Developer/SDKs/iPhoneOS10.2.sdk -Wl,-headerpad_max_install_names  -v -Wl,-v CMakeFiles/cmTC_73c00.dir/CMakeCXXCompilerABI.cpp.o  -o cmTC_73c00   ]
  ignore line: [Apple LLVM version 8.0.0 (clang-800.0.42.1)]
  ignore line: [Target: aarch64-apple-darwin]
  ignore line: [Thread model: posix]
  ignore line: [InstalledDir: /Applications/Xcode.app/Contents/Developer/Toolchains/XcodeDefault.xctoolchain/usr/bin]
  link line: [ "/Applications/Xcode.app/Contents/Developer/Toolchains/XcodeDefault.xctoolchain/usr/bin/ld" -demangle -dynamic -arch arm64 -iphoneos_version_min 8.0.0 -bitcode_bundle -syslibroot /Applications/Xcode.app/Contents/Developer/Platforms/iPhoneOS.platform/Developer/SDKs/iPhoneOS10.2.sdk -o cmTC_73c00 -headerpad_max_install_names -v CMakeFiles/cmTC_73c00.dir/CMakeCXXCompilerABI.cpp.o -lc++ -lSystem /Applications/Xcode.app/Contents/Developer/Toolchains/XcodeDefault.xctoolchain/usr/bin/../lib/clang/8.0.0/lib/darwin/libclang_rt.ios.a]
    arg [/Applications/Xcode.app/Contents/Developer/Toolchains/XcodeDefault.xctoolchain/usr/bin/ld] ==> ignore
    arg [-demangle] ==> ignore
    arg [-dynamic] ==> ignore
    arg [-arch] ==> ignore
    arg [arm64] ==> ignore
    arg [-iphoneos_version_min] ==> ignore
    arg [8.0.0] ==> ignore
    arg [-bitcode_bundle] ==> ignore
    arg [-syslibroot] ==> ignore
    arg [/Applications/Xcode.app/Contents/Developer/Platforms/iPhoneOS.platform/Developer/SDKs/iPhoneOS10.2.sdk] ==> ignore
    arg [-o] ==> ignore
    arg [cmTC_73c00] ==> ignore
    arg [-headerpad_max_install_names] ==> ignore
    arg [-v] ==> ignore
    arg [CMakeFiles/cmTC_73c00.dir/CMakeCXXCompilerABI.cpp.o] ==> ignore
    arg [-lc++] ==> lib [c++]
    arg [-lSystem] ==> lib [System]
    arg [/Applications/Xcode.app/Contents/Developer/Toolchains/XcodeDefault.xctoolchain/usr/bin/../lib/clang/8.0.0/lib/darwin/libclang_rt.ios.a] ==> lib [/Applications/Xcode.app/Contents/Developer/Toolchains/XcodeDefault.xctoolchain/usr/bin/../lib/clang/8.0.0/lib/darwin/libclang_rt.ios.a]
  Library search paths: [;/Applications/Xcode.app/Contents/Developer/Platforms/iPhoneOS.platform/Developer/SDKs/iPhoneOS10.2.sdk/usr/lib]
  Framework search paths: [;/Applications/Xcode.app/Contents/Developer/Platforms/iPhoneOS.platform/Developer/SDKs/iPhoneOS10.2.sdk/System/Library/Frameworks/]
  remove lib [System]
  remove lib [/Applications/Xcode.app/Contents/Developer/Toolchains/XcodeDefault.xctoolchain/usr/bin/../lib/clang/8.0.0/lib/darwin/libclang_rt.ios.a]
  collapse library dir [/Applications/Xcode.app/Contents/Developer/Platforms/iPhoneOS.platform/Developer/SDKs/iPhoneOS10.2.sdk/usr/lib] ==> [/Applications/Xcode.app/Contents/Developer/Platforms/iPhoneOS.platform/Developer/SDKs/iPhoneOS10.2.sdk/usr/lib]
  collapse framework dir [/Applications/Xcode.app/Contents/Developer/Platforms/iPhoneOS.platform/Developer/SDKs/iPhoneOS10.2.sdk/System/Library/Frameworks/] ==> [/Applications/Xcode.app/Contents/Developer/Platforms/iPhoneOS.platform/Developer/SDKs/iPhoneOS10.2.sdk/System/Library/Frameworks]
  implicit libs: [c++]
  implicit dirs: [/Applications/Xcode.app/Contents/Developer/Platforms/iPhoneOS.platform/Developer/SDKs/iPhoneOS10.2.sdk/usr/lib]
  implicit fwks: [/Applications/Xcode.app/Contents/Developer/Platforms/iPhoneOS.platform/Developer/SDKs/iPhoneOS10.2.sdk/System/Library/Frameworks]




Detecting CXX [-std=c++14] compiler features compiled with the following output:
Change Dir: /Users/syzn/Documents/Official_Linphone/linphone-iphone/WORK/ios-arm64/Build/bctoolbox/CMakeFiles/CMakeTmp

Run Build Command:"/usr/bin/make" "cmTC_ed4af/fast"
/Applications/Xcode.app/Contents/Developer/usr/bin/make -f CMakeFiles/cmTC_ed4af.dir/build.make CMakeFiles/cmTC_ed4af.dir/build
Building CXX object CMakeFiles/cmTC_ed4af.dir/feature_tests.cxx.o
/Applications/Xcode.app/Contents/Developer/Toolchains/XcodeDefault.xctoolchain/usr/bin/clang++  --target=arm64-apple-darwin    -miphoneos-version-min=8.0 -DTARGET_OS_IPHONE=1 -D__IOS -fms-extensions -fembed-bitcode  -stdlib=libc++  -arch arm64 -isysroot /Applications/Xcode.app/Contents/Developer/Platforms/iPhoneOS.platform/Developer/SDKs/iPhoneOS10.2.sdk   -std=c++14 -o CMakeFiles/cmTC_ed4af.dir/feature_tests.cxx.o -c /Users/syzn/Documents/Official_Linphone/linphone-iphone/WORK/ios-arm64/Build/bctoolbox/CMakeFiles/feature_tests.cxx
Linking CXX executable cmTC_ed4af
/usr/local/Cellar/cmake/3.7.2/bin/cmake -E cmake_link_script CMakeFiles/cmTC_ed4af.dir/link.txt --verbose=1
/Applications/Xcode.app/Contents/Developer/Toolchains/XcodeDefault.xctoolchain/usr/bin/clang++  --target=arm64-apple-darwin   -miphoneos-version-min=8.0 -DTARGET_OS_IPHONE=1 -D__IOS -fms-extensions -fembed-bitcode  -stdlib=libc++  -arch arm64 -isysroot /Applications/Xcode.app/Contents/Developer/Platforms/iPhoneOS.platform/Developer/SDKs/iPhoneOS10.2.sdk -Wl,-headerpad_max_install_names   CMakeFiles/cmTC_ed4af.dir/feature_tests.cxx.o  -o cmTC_ed4af  
ld: warning: -headerpad_max_install_names is ignored when used with -bitcode_bundle (Xcode setting ENABLE_BITCODE=YES)


    Feature record: CXX_FEATURE:1cxx_aggregate_default_initializers
    Feature record: CXX_FEATURE:1cxx_alias_templates
    Feature record: CXX_FEATURE:1cxx_alignas
    Feature record: CXX_FEATURE:1cxx_alignof
    Feature record: CXX_FEATURE:1cxx_attributes
    Feature record: CXX_FEATURE:1cxx_attribute_deprecated
    Feature record: CXX_FEATURE:1cxx_auto_type
    Feature record: CXX_FEATURE:1cxx_binary_literals
    Feature record: CXX_FEATURE:1cxx_constexpr
    Feature record: CXX_FEATURE:1cxx_contextual_conversions
    Feature record: CXX_FEATURE:1cxx_decltype
    Feature record: CXX_FEATURE:1cxx_decltype_auto
    Feature record: CXX_FEATURE:1cxx_decltype_incomplete_return_types
    Feature record: CXX_FEATURE:1cxx_default_function_template_args
    Feature record: CXX_FEATURE:1cxx_defaulted_functions
    Feature record: CXX_FEATURE:1cxx_defaulted_move_initializers
    Feature record: CXX_FEATURE:1cxx_delegating_constructors
    Feature record: CXX_FEATURE:1cxx_deleted_functions
    Feature record: CXX_FEATURE:1cxx_digit_separators
    Feature record: CXX_FEATURE:1cxx_enum_forward_declarations
    Feature record: CXX_FEATURE:1cxx_explicit_conversions
    Feature record: CXX_FEATURE:1cxx_extended_friend_declarations
    Feature record: CXX_FEATURE:1cxx_extern_templates
    Feature record: CXX_FEATURE:1cxx_final
    Feature record: CXX_FEATURE:1cxx_func_identifier
    Feature record: CXX_FEATURE:1cxx_generalized_initializers
    Feature record: CXX_FEATURE:1cxx_generic_lambdas
    Feature record: CXX_FEATURE:1cxx_inheriting_constructors
    Feature record: CXX_FEATURE:1cxx_inline_namespaces
    Feature record: CXX_FEATURE:1cxx_lambdas
    Feature record: CXX_FEATURE:1cxx_lambda_init_captures
    Feature record: CXX_FEATURE:1cxx_local_type_template_args
    Feature record: CXX_FEATURE:1cxx_long_long_type
    Feature record: CXX_FEATURE:1cxx_noexcept
    Feature record: CXX_FEATURE:1cxx_nonstatic_member_init
    Feature record: CXX_FEATURE:1cxx_nullptr
    Feature record: CXX_FEATURE:1cxx_override
    Feature record: CXX_FEATURE:1cxx_range_for
    Feature record: CXX_FEATURE:1cxx_raw_string_literals
    Feature record: CXX_FEATURE:1cxx_reference_qualified_functions
    Feature record: CXX_FEATURE:1cxx_relaxed_constexpr
    Feature record: CXX_FEATURE:1cxx_return_type_deduction
    Feature record: CXX_FEATURE:1cxx_right_angle_brackets
    Feature record: CXX_FEATURE:1cxx_rvalue_references
    Feature record: CXX_FEATURE:1cxx_sizeof_member
    Feature record: CXX_FEATURE:1cxx_static_assert
    Feature record: CXX_FEATURE:1cxx_strong_enums
    Feature record: CXX_FEATURE:1cxx_template_template_parameters
    Feature record: CXX_FEATURE:1cxx_thread_local
    Feature record: CXX_FEATURE:1cxx_trailing_return_types
    Feature record: CXX_FEATURE:1cxx_unicode_literals
    Feature record: CXX_FEATURE:1cxx_uniform_initialization
    Feature record: CXX_FEATURE:1cxx_unrestricted_unions
    Feature record: CXX_FEATURE:1cxx_user_literals
    Feature record: CXX_FEATURE:1cxx_variable_templates
    Feature record: CXX_FEATURE:1cxx_variadic_macros
    Feature record: CXX_FEATURE:1cxx_variadic_templates


Detecting CXX [-std=c++11] compiler features compiled with the following output:
Change Dir: /Users/syzn/Documents/Official_Linphone/linphone-iphone/WORK/ios-arm64/Build/bctoolbox/CMakeFiles/CMakeTmp

Run Build Command:"/usr/bin/make" "cmTC_0fa24/fast"
/Applications/Xcode.app/Contents/Developer/usr/bin/make -f CMakeFiles/cmTC_0fa24.dir/build.make CMakeFiles/cmTC_0fa24.dir/build
Building CXX object CMakeFiles/cmTC_0fa24.dir/feature_tests.cxx.o
/Applications/Xcode.app/Contents/Developer/Toolchains/XcodeDefault.xctoolchain/usr/bin/clang++  --target=arm64-apple-darwin    -miphoneos-version-min=8.0 -DTARGET_OS_IPHONE=1 -D__IOS -fms-extensions -fembed-bitcode  -stdlib=libc++  -arch arm64 -isysroot /Applications/Xcode.app/Contents/Developer/Platforms/iPhoneOS.platform/Developer/SDKs/iPhoneOS10.2.sdk   -std=c++11 -o CMakeFiles/cmTC_0fa24.dir/feature_tests.cxx.o -c /Users/syzn/Documents/Official_Linphone/linphone-iphone/WORK/ios-arm64/Build/bctoolbox/CMakeFiles/feature_tests.cxx
Linking CXX executable cmTC_0fa24
/usr/local/Cellar/cmake/3.7.2/bin/cmake -E cmake_link_script CMakeFiles/cmTC_0fa24.dir/link.txt --verbose=1
/Applications/Xcode.app/Contents/Developer/Toolchains/XcodeDefault.xctoolchain/usr/bin/clang++  --target=arm64-apple-darwin   -miphoneos-version-min=8.0 -DTARGET_OS_IPHONE=1 -D__IOS -fms-extensions -fembed-bitcode  -stdlib=libc++  -arch arm64 -isysroot /Applications/Xcode.app/Contents/Developer/Platforms/iPhoneOS.platform/Developer/SDKs/iPhoneOS10.2.sdk -Wl,-headerpad_max_install_names   CMakeFiles/cmTC_0fa24.dir/feature_tests.cxx.o  -o cmTC_0fa24  
ld: warning: -headerpad_max_install_names is ignored when used with -bitcode_bundle (Xcode setting ENABLE_BITCODE=YES)


    Feature record: CXX_FEATURE:0cxx_aggregate_default_initializers
    Feature record: CXX_FEATURE:1cxx_alias_templates
    Feature record: CXX_FEATURE:1cxx_alignas
    Feature record: CXX_FEATURE:1cxx_alignof
    Feature record: CXX_FEATURE:1cxx_attributes
    Feature record: CXX_FEATURE:0cxx_attribute_deprecated
    Feature record: CXX_FEATURE:1cxx_auto_type
    Feature record: CXX_FEATURE:0cxx_binary_literals
    Feature record: CXX_FEATURE:1cxx_constexpr
    Feature record: CXX_FEATURE:0cxx_contextual_conversions
    Feature record: CXX_FEATURE:1cxx_decltype
    Feature record: CXX_FEATURE:0cxx_decltype_auto
    Feature record: CXX_FEATURE:1cxx_decltype_incomplete_return_types
    Feature record: CXX_FEATURE:1cxx_default_function_template_args
    Feature record: CXX_FEATURE:1cxx_defaulted_functions
    Feature record: CXX_FEATURE:1cxx_defaulted_move_initializers
    Feature record: CXX_FEATURE:1cxx_delegating_constructors
    Feature record: CXX_FEATURE:1cxx_deleted_functions
    Feature record: CXX_FEATURE:0cxx_digit_separators
    Feature record: CXX_FEATURE:1cxx_enum_forward_declarations
    Feature record: CXX_FEATURE:1cxx_explicit_conversions
    Feature record: CXX_FEATURE:1cxx_extended_friend_declarations
    Feature record: CXX_FEATURE:1cxx_extern_templates
    Feature record: CXX_FEATURE:1cxx_final
    Feature record: CXX_FEATURE:1cxx_func_identifier
    Feature record: CXX_FEATURE:1cxx_generalized_initializers
    Feature record: CXX_FEATURE:0cxx_generic_lambdas
    Feature record: CXX_FEATURE:1cxx_inheriting_constructors
    Feature record: CXX_FEATURE:1cxx_inline_namespaces
    Feature record: CXX_FEATURE:1cxx_lambdas
    Feature record: CXX_FEATURE:0cxx_lambda_init_captures
    Feature record: CXX_FEATURE:1cxx_local_type_template_args
    Feature record: CXX_FEATURE:1cxx_long_long_type
    Feature record: CXX_FEATURE:1cxx_noexcept
    Feature record: CXX_FEATURE:1cxx_nonstatic_member_init
    Feature record: CXX_FEATURE:1cxx_nullptr
    Feature record: CXX_FEATURE:1cxx_override
    Feature record: CXX_FEATURE:1cxx_range_for
    Feature record: CXX_FEATURE:1cxx_raw_string_literals
    Feature record: CXX_FEATURE:1cxx_reference_qualified_functions
    Feature record: CXX_FEATURE:0cxx_relaxed_constexpr
    Feature record: CXX_FEATURE:0cxx_return_type_deduction
    Feature record: CXX_FEATURE:1cxx_right_angle_brackets
    Feature record: CXX_FEATURE:1cxx_rvalue_references
    Feature record: CXX_FEATURE:1cxx_sizeof_member
    Feature record: CXX_FEATURE:1cxx_static_assert
    Feature record: CXX_FEATURE:1cxx_strong_enums
    Feature record: CXX_FEATURE:1cxx_template_template_parameters
    Feature record: CXX_FEATURE:1cxx_thread_local
    Feature record: CXX_FEATURE:1cxx_trailing_return_types
    Feature record: CXX_FEATURE:1cxx_unicode_literals
    Feature record: CXX_FEATURE:1cxx_uniform_initialization
    Feature record: CXX_FEATURE:1cxx_unrestricted_unions
    Feature record: CXX_FEATURE:1cxx_user_literals
    Feature record: CXX_FEATURE:0cxx_variable_templates
    Feature record: CXX_FEATURE:1cxx_variadic_macros
    Feature record: CXX_FEATURE:1cxx_variadic_templates


Detecting CXX [-std=c++98] compiler features compiled with the following output:
Change Dir: /Users/syzn/Documents/Official_Linphone/linphone-iphone/WORK/ios-arm64/Build/bctoolbox/CMakeFiles/CMakeTmp

Run Build Command:"/usr/bin/make" "cmTC_69e39/fast"
/Applications/Xcode.app/Contents/Developer/usr/bin/make -f CMakeFiles/cmTC_69e39.dir/build.make CMakeFiles/cmTC_69e39.dir/build
Building CXX object CMakeFiles/cmTC_69e39.dir/feature_tests.cxx.o
/Applications/Xcode.app/Contents/Developer/Toolchains/XcodeDefault.xctoolchain/usr/bin/clang++  --target=arm64-apple-darwin    -miphoneos-version-min=8.0 -DTARGET_OS_IPHONE=1 -D__IOS -fms-extensions -fembed-bitcode  -stdlib=libc++  -arch arm64 -isysroot /Applications/Xcode.app/Contents/Developer/Platforms/iPhoneOS.platform/Developer/SDKs/iPhoneOS10.2.sdk   -std=c++98 -o CMakeFiles/cmTC_69e39.dir/feature_tests.cxx.o -c /Users/syzn/Documents/Official_Linphone/linphone-iphone/WORK/ios-arm64/Build/bctoolbox/CMakeFiles/feature_tests.cxx
Linking CXX executable cmTC_69e39
/usr/local/Cellar/cmake/3.7.2/bin/cmake -E cmake_link_script CMakeFiles/cmTC_69e39.dir/link.txt --verbose=1
/Applications/Xcode.app/Contents/Developer/Toolchains/XcodeDefault.xctoolchain/usr/bin/clang++  --target=arm64-apple-darwin   -miphoneos-version-min=8.0 -DTARGET_OS_IPHONE=1 -D__IOS -fms-extensions -fembed-bitcode  -stdlib=libc++  -arch arm64 -isysroot /Applications/Xcode.app/Contents/Developer/Platforms/iPhoneOS.platform/Developer/SDKs/iPhoneOS10.2.sdk -Wl,-headerpad_max_install_names   CMakeFiles/cmTC_69e39.dir/feature_tests.cxx.o  -o cmTC_69e39  
ld: warning: -headerpad_max_install_names is ignored when used with -bitcode_bundle (Xcode setting ENABLE_BITCODE=YES)


    Feature record: CXX_FEATURE:0cxx_aggregate_default_initializers
    Feature record: CXX_FEATURE:0cxx_alias_templates
    Feature record: CXX_FEATURE:0cxx_alignas
    Feature record: CXX_FEATURE:0cxx_alignof
    Feature record: CXX_FEATURE:0cxx_attributes
    Feature record: CXX_FEATURE:0cxx_attribute_deprecated
    Feature record: CXX_FEATURE:0cxx_auto_type
    Feature record: CXX_FEATURE:0cxx_binary_literals
    Feature record: CXX_FEATURE:0cxx_constexpr
    Feature record: CXX_FEATURE:0cxx_contextual_conversions
    Feature record: CXX_FEATURE:0cxx_decltype
    Feature record: CXX_FEATURE:0cxx_decltype_auto
    Feature record: CXX_FEATURE:0cxx_decltype_incomplete_return_types
    Feature record: CXX_FEATURE:0cxx_default_function_template_args
    Feature record: CXX_FEATURE:0cxx_defaulted_functions
    Feature record: CXX_FEATURE:0cxx_defaulted_move_initializers
    Feature record: CXX_FEATURE:0cxx_delegating_constructors
    Feature record: CXX_FEATURE:0cxx_deleted_functions
    Feature record: CXX_FEATURE:0cxx_digit_separators
    Feature record: CXX_FEATURE:0cxx_enum_forward_declarations
    Feature record: CXX_FEATURE:0cxx_explicit_conversions
    Feature record: CXX_FEATURE:0cxx_extended_friend_declarations
    Feature record: CXX_FEATURE:0cxx_extern_templates
    Feature record: CXX_FEATURE:0cxx_final
    Feature record: CXX_FEATURE:0cxx_func_identifier
    Feature record: CXX_FEATURE:0cxx_generalized_initializers
    Feature record: CXX_FEATURE:0cxx_generic_lambdas
    Feature record: CXX_FEATURE:0cxx_inheriting_constructors
    Feature record: CXX_FEATURE:0cxx_inline_namespaces
    Feature record: CXX_FEATURE:0cxx_lambdas
    Feature record: CXX_FEATURE:0cxx_lambda_init_captures
    Feature record: CXX_FEATURE:0cxx_local_type_template_args
    Feature record: CXX_FEATURE:0cxx_long_long_type
    Feature record: CXX_FEATURE:0cxx_noexcept
    Feature record: CXX_FEATURE:0cxx_nonstatic_member_init
    Feature record: CXX_FEATURE:0cxx_nullptr
    Feature record: CXX_FEATURE:0cxx_override
    Feature record: CXX_FEATURE:0cxx_range_for
    Feature record: CXX_FEATURE:0cxx_raw_string_literals
    Feature record: CXX_FEATURE:0cxx_reference_qualified_functions
    Feature record: CXX_FEATURE:0cxx_relaxed_constexpr
    Feature record: CXX_FEATURE:0cxx_return_type_deduction
    Feature record: CXX_FEATURE:0cxx_right_angle_brackets
    Feature record: CXX_FEATURE:0cxx_rvalue_references
    Feature record: CXX_FEATURE:0cxx_sizeof_member
    Feature record: CXX_FEATURE:0cxx_static_assert
    Feature record: CXX_FEATURE:0cxx_strong_enums
    Feature record: CXX_FEATURE:1cxx_template_template_parameters
    Feature record: CXX_FEATURE:0cxx_thread_local
    Feature record: CXX_FEATURE:0cxx_trailing_return_types
    Feature record: CXX_FEATURE:0cxx_unicode_literals
    Feature record: CXX_FEATURE:0cxx_uniform_initialization
    Feature record: CXX_FEATURE:0cxx_unrestricted_unions
    Feature record: CXX_FEATURE:0cxx_user_literals
    Feature record: CXX_FEATURE:0cxx_variable_templates
    Feature record: CXX_FEATURE:0cxx_variadic_macros
    Feature record: CXX_FEATURE:0cxx_variadic_templates
Determining if the mbedtls_ssl_init exist passed with the following output:
Change Dir: /Users/syzn/Documents/Official_Linphone/linphone-iphone/WORK/ios-arm64/Build/bctoolbox/CMakeFiles/CMakeTmp

Run Build Command:"/usr/bin/make" "cmTC_4db05/fast"
/Applications/Xcode.app/Contents/Developer/usr/bin/make -f CMakeFiles/cmTC_4db05.dir/build.make CMakeFiles/cmTC_4db05.dir/build
Building C object CMakeFiles/cmTC_4db05.dir/CheckSymbolExists.c.o
/Applications/Xcode.app/Contents/Developer/Toolchains/XcodeDefault.xctoolchain/usr/bin/clang  --target=arm64-apple-darwin  -I/Users/syzn/Documents/Official_Linphone/linphone-iphone/liblinphone-sdk/arm64-apple-darwin.ios/include  -miphoneos-version-min=8.0 -DTARGET_OS_IPHONE=1 -D__IOS -fms-extensions -fembed-bitcode  -arch arm64 -isysroot /Applications/Xcode.app/Contents/Developer/Platforms/iPhoneOS.platform/Developer/SDKs/iPhoneOS10.2.sdk   -o CMakeFiles/cmTC_4db05.dir/CheckSymbolExists.c.o   -c /Users/syzn/Documents/Official_Linphone/linphone-iphone/WORK/ios-arm64/Build/bctoolbox/CMakeFiles/CMakeTmp/CheckSymbolExists.c
Linking C executable cmTC_4db05
/usr/local/Cellar/cmake/3.7.2/bin/cmake -E cmake_link_script CMakeFiles/cmTC_4db05.dir/link.txt --verbose=1
/Applications/Xcode.app/Contents/Developer/Toolchains/XcodeDefault.xctoolchain/usr/bin/clang  --target=arm64-apple-darwin  -miphoneos-version-min=8.0 -DTARGET_OS_IPHONE=1 -D__IOS -fms-extensions -fembed-bitcode  -arch arm64 -isysroot /Applications/Xcode.app/Contents/Developer/Platforms/iPhoneOS.platform/Developer/SDKs/iPhoneOS10.2.sdk -Wl,-headerpad_max_install_names   CMakeFiles/cmTC_4db05.dir/CheckSymbolExists.c.o  -o cmTC_4db05  /Users/syzn/Documents/Official_Linphone/linphone-iphone/liblinphone-sdk/arm64-apple-darwin.ios/lib/libmbedtls.a /Users/syzn/Documents/Official_Linphone/linphone-iphone/liblinphone-sdk/arm64-apple-darwin.ios/lib/libmbedx509.a /Users/syzn/Documents/Official_Linphone/linphone-iphone/liblinphone-sdk/arm64-apple-darwin.ios/lib/libmbedcrypto.a 
ld: warning: -headerpad_max_install_names is ignored when used with -bitcode_bundle (Xcode setting ENABLE_BITCODE=YES)

File /Users/syzn/Documents/Official_Linphone/linphone-iphone/WORK/ios-arm64/Build/bctoolbox/CMakeFiles/CMakeTmp/CheckSymbolExists.c:
/* */
#include <mbedtls/ssl.h>

int main(int argc, char** argv)
{
  (void)argv;
#ifndef mbedtls_ssl_init
  return ((int*)(&mbedtls_ssl_init))[argc];
#else
  (void)argc;
  return 0;
#endif
}

Determining if the mbedtls_ssl_get_dtls_srtp_protection_profile exist passed with the following output:
Change Dir: /Users/syzn/Documents/Official_Linphone/linphone-iphone/WORK/ios-arm64/Build/bctoolbox/CMakeFiles/CMakeTmp

Run Build Command:"/usr/bin/make" "cmTC_344c1/fast"
/Applications/Xcode.app/Contents/Developer/usr/bin/make -f CMakeFiles/cmTC_344c1.dir/build.make CMakeFiles/cmTC_344c1.dir/build
Building C object CMakeFiles/cmTC_344c1.dir/CheckSymbolExists.c.o
/Applications/Xcode.app/Contents/Developer/Toolchains/XcodeDefault.xctoolchain/usr/bin/clang  --target=arm64-apple-darwin  -I/Users/syzn/Documents/Official_Linphone/linphone-iphone/liblinphone-sdk/arm64-apple-darwin.ios/include  -miphoneos-version-min=8.0 -DTARGET_OS_IPHONE=1 -D__IOS -fms-extensions -fembed-bitcode  -arch arm64 -isysroot /Applications/Xcode.app/Contents/Developer/Platforms/iPhoneOS.platform/Developer/SDKs/iPhoneOS10.2.sdk   -o CMakeFiles/cmTC_344c1.dir/CheckSymbolExists.c.o   -c /Users/syzn/Documents/Official_Linphone/linphone-iphone/WORK/ios-arm64/Build/bctoolbox/CMakeFiles/CMakeTmp/CheckSymbolExists.c
Linking C executable cmTC_344c1
/usr/local/Cellar/cmake/3.7.2/bin/cmake -E cmake_link_script CMakeFiles/cmTC_344c1.dir/link.txt --verbose=1
/Applications/Xcode.app/Contents/Developer/Toolchains/XcodeDefault.xctoolchain/usr/bin/clang  --target=arm64-apple-darwin  -miphoneos-version-min=8.0 -DTARGET_OS_IPHONE=1 -D__IOS -fms-extensions -fembed-bitcode  -arch arm64 -isysroot /Applications/Xcode.app/Contents/Developer/Platforms/iPhoneOS.platform/Developer/SDKs/iPhoneOS10.2.sdk -Wl,-headerpad_max_install_names   CMakeFiles/cmTC_344c1.dir/CheckSymbolExists.c.o  -o cmTC_344c1  /Users/syzn/Documents/Official_Linphone/linphone-iphone/liblinphone-sdk/arm64-apple-darwin.ios/lib/libmbedtls.a /Users/syzn/Documents/Official_Linphone/linphone-iphone/liblinphone-sdk/arm64-apple-darwin.ios/lib/libmbedx509.a /Users/syzn/Documents/Official_Linphone/linphone-iphone/liblinphone-sdk/arm64-apple-darwin.ios/lib/libmbedcrypto.a 
ld: warning: -headerpad_max_install_names is ignored when used with -bitcode_bundle (Xcode setting ENABLE_BITCODE=YES)

File /Users/syzn/Documents/Official_Linphone/linphone-iphone/WORK/ios-arm64/Build/bctoolbox/CMakeFiles/CMakeTmp/CheckSymbolExists.c:
/* */
#include <mbedtls/ssl.h>

int main(int argc, char** argv)
{
  (void)argv;
#ifndef mbedtls_ssl_get_dtls_srtp_protection_profile
  return ((int*)(&mbedtls_ssl_get_dtls_srtp_protection_profile))[argc];
#else
  (void)argc;
  return 0;
#endif
}

Determining if the include file pthread.h exists passed with the following output:
Change Dir: /Users/syzn/Documents/Official_Linphone/linphone-iphone/WORK/ios-arm64/Build/bctoolbox/CMakeFiles/CMakeTmp

Run Build Command:"/usr/bin/make" "cmTC_44a93/fast"
/Applications/Xcode.app/Contents/Developer/usr/bin/make -f CMakeFiles/cmTC_44a93.dir/build.make CMakeFiles/cmTC_44a93.dir/build
Building C object CMakeFiles/cmTC_44a93.dir/CheckIncludeFile.c.o
/Applications/Xcode.app/Contents/Developer/Toolchains/XcodeDefault.xctoolchain/usr/bin/clang  --target=arm64-apple-darwin   -miphoneos-version-min=8.0 -DTARGET_OS_IPHONE=1 -D__IOS -fms-extensions -fembed-bitcode  -arch arm64 -isysroot /Applications/Xcode.app/Contents/Developer/Platforms/iPhoneOS.platform/Developer/SDKs/iPhoneOS10.2.sdk   -o CMakeFiles/cmTC_44a93.dir/CheckIncludeFile.c.o   -c /Users/syzn/Documents/Official_Linphone/linphone-iphone/WORK/ios-arm64/Build/bctoolbox/CMakeFiles/CMakeTmp/CheckIncludeFile.c
Linking C executable cmTC_44a93
/usr/local/Cellar/cmake/3.7.2/bin/cmake -E cmake_link_script CMakeFiles/cmTC_44a93.dir/link.txt --verbose=1
/Applications/Xcode.app/Contents/Developer/Toolchains/XcodeDefault.xctoolchain/usr/bin/clang  --target=arm64-apple-darwin  -miphoneos-version-min=8.0 -DTARGET_OS_IPHONE=1 -D__IOS -fms-extensions -fembed-bitcode  -arch arm64 -isysroot /Applications/Xcode.app/Contents/Developer/Platforms/iPhoneOS.platform/Developer/SDKs/iPhoneOS10.2.sdk -Wl,-headerpad_max_install_names   CMakeFiles/cmTC_44a93.dir/CheckIncludeFile.c.o  -o cmTC_44a93  
ld: warning: -headerpad_max_install_names is ignored when used with -bitcode_bundle (Xcode setting ENABLE_BITCODE=YES)


Determining if the pthread_create exist passed with the following output:
Change Dir: /Users/syzn/Documents/Official_Linphone/linphone-iphone/WORK/ios-arm64/Build/bctoolbox/CMakeFiles/CMakeTmp

Run Build Command:"/usr/bin/make" "cmTC_350e5/fast"
/Applications/Xcode.app/Contents/Developer/usr/bin/make -f CMakeFiles/cmTC_350e5.dir/build.make CMakeFiles/cmTC_350e5.dir/build
Building C object CMakeFiles/cmTC_350e5.dir/CheckSymbolExists.c.o
/Applications/Xcode.app/Contents/Developer/Toolchains/XcodeDefault.xctoolchain/usr/bin/clang  --target=arm64-apple-darwin   -miphoneos-version-min=8.0 -DTARGET_OS_IPHONE=1 -D__IOS -fms-extensions -fembed-bitcode  -arch arm64 -isysroot /Applications/Xcode.app/Contents/Developer/Platforms/iPhoneOS.platform/Developer/SDKs/iPhoneOS10.2.sdk   -o CMakeFiles/cmTC_350e5.dir/CheckSymbolExists.c.o   -c /Users/syzn/Documents/Official_Linphone/linphone-iphone/WORK/ios-arm64/Build/bctoolbox/CMakeFiles/CMakeTmp/CheckSymbolExists.c
Linking C executable cmTC_350e5
/usr/local/Cellar/cmake/3.7.2/bin/cmake -E cmake_link_script CMakeFiles/cmTC_350e5.dir/link.txt --verbose=1
/Applications/Xcode.app/Contents/Developer/Toolchains/XcodeDefault.xctoolchain/usr/bin/clang  --target=arm64-apple-darwin  -miphoneos-version-min=8.0 -DTARGET_OS_IPHONE=1 -D__IOS -fms-extensions -fembed-bitcode  -arch arm64 -isysroot /Applications/Xcode.app/Contents/Developer/Platforms/iPhoneOS.platform/Developer/SDKs/iPhoneOS10.2.sdk -Wl,-headerpad_max_install_names   CMakeFiles/cmTC_350e5.dir/CheckSymbolExists.c.o  -o cmTC_350e5  
ld: warning: -headerpad_max_install_names is ignored when used with -bitcode_bundle (Xcode setting ENABLE_BITCODE=YES)

File /Users/syzn/Documents/Official_Linphone/linphone-iphone/WORK/ios-arm64/Build/bctoolbox/CMakeFiles/CMakeTmp/CheckSymbolExists.c:
/* */
#include <pthread.h>

int main(int argc, char** argv)
{
  (void)argv;
#ifndef pthread_create
  return ((int*)(&pthread_create))[argc];
#else
  (void)argc;
  return 0;
#endif
}

Determining if the function dladdr exists in the dl passed with the following output:
Change Dir: /Users/syzn/Documents/Official_Linphone/linphone-iphone/WORK/ios-arm64/Build/bctoolbox/CMakeFiles/CMakeTmp

Run Build Command:"/usr/bin/make" "cmTC_8ec0e/fast"
/Applications/Xcode.app/Contents/Developer/usr/bin/make -f CMakeFiles/cmTC_8ec0e.dir/build.make CMakeFiles/cmTC_8ec0e.dir/build
Building C object CMakeFiles/cmTC_8ec0e.dir/CheckFunctionExists.c.o
/Applications/Xcode.app/Contents/Developer/Toolchains/XcodeDefault.xctoolchain/usr/bin/clang  --target=arm64-apple-darwin   -miphoneos-version-min=8.0 -DTARGET_OS_IPHONE=1 -D__IOS -fms-extensions -fembed-bitcode -DCHECK_FUNCTION_EXISTS=dladdr -arch arm64 -isysroot /Applications/Xcode.app/Contents/Developer/Platforms/iPhoneOS.platform/Developer/SDKs/iPhoneOS10.2.sdk   -o CMakeFiles/cmTC_8ec0e.dir/CheckFunctionExists.c.o   -c /usr/local/Cellar/cmake/3.7.2/share/cmake/Modules/CheckFunctionExists.c
Linking C executable cmTC_8ec0e
/usr/local/Cellar/cmake/3.7.2/bin/cmake -E cmake_link_script CMakeFiles/cmTC_8ec0e.dir/link.txt --verbose=1
/Applications/Xcode.app/Contents/Developer/Toolchains/XcodeDefault.xctoolchain/usr/bin/clang  --target=arm64-apple-darwin  -miphoneos-version-min=8.0 -DTARGET_OS_IPHONE=1 -D__IOS -fms-extensions -fembed-bitcode -DCHECK_FUNCTION_EXISTS=dladdr -arch arm64 -isysroot /Applications/Xcode.app/Contents/Developer/Platforms/iPhoneOS.platform/Developer/SDKs/iPhoneOS10.2.sdk -Wl,-headerpad_max_install_names   CMakeFiles/cmTC_8ec0e.dir/CheckFunctionExists.c.o  -o cmTC_8ec0e  -ldl 
ld: warning: -headerpad_max_install_names is ignored when used with -bitcode_bundle (Xcode setting ENABLE_BITCODE=YES)


Determining if the include file execinfo.h exists passed with the following output:
Change Dir: /Users/syzn/Documents/Official_Linphone/linphone-iphone/WORK/ios-arm64/Build/bctoolbox/CMakeFiles/CMakeTmp

Run Build Command:"/usr/bin/make" "cmTC_67f2c/fast"
/Applications/Xcode.app/Contents/Developer/usr/bin/make -f CMakeFiles/cmTC_67f2c.dir/build.make CMakeFiles/cmTC_67f2c.dir/build
Building C object CMakeFiles/cmTC_67f2c.dir/CheckIncludeFile.c.o
/Applications/Xcode.app/Contents/Developer/Toolchains/XcodeDefault.xctoolchain/usr/bin/clang  --target=arm64-apple-darwin   -miphoneos-version-min=8.0 -DTARGET_OS_IPHONE=1 -D__IOS -fms-extensions -fembed-bitcode  -arch arm64 -isysroot /Applications/Xcode.app/Contents/Developer/Platforms/iPhoneOS.platform/Developer/SDKs/iPhoneOS10.2.sdk   -o CMakeFiles/cmTC_67f2c.dir/CheckIncludeFile.c.o   -c /Users/syzn/Documents/Official_Linphone/linphone-iphone/WORK/ios-arm64/Build/bctoolbox/CMakeFiles/CMakeTmp/CheckIncludeFile.c
Linking C executable cmTC_67f2c
/usr/local/Cellar/cmake/3.7.2/bin/cmake -E cmake_link_script CMakeFiles/cmTC_67f2c.dir/link.txt --verbose=1
/Applications/Xcode.app/Contents/Developer/Toolchains/XcodeDefault.xctoolchain/usr/bin/clang  --target=arm64-apple-darwin  -miphoneos-version-min=8.0 -DTARGET_OS_IPHONE=1 -D__IOS -fms-extensions -fembed-bitcode  -arch arm64 -isysroot /Applications/Xcode.app/Contents/Developer/Platforms/iPhoneOS.platform/Developer/SDKs/iPhoneOS10.2.sdk -Wl,-headerpad_max_install_names   CMakeFiles/cmTC_67f2c.dir/CheckIncludeFile.c.o  -o cmTC_67f2c  
ld: warning: -headerpad_max_install_names is ignored when used with -bitcode_bundle (Xcode setting ENABLE_BITCODE=YES)


