The target system is: Darwin -  - x86_64
The host system is: Darwin - 15.6.0 - x86_64
Compiling the C compiler identification source file "CMakeCCompilerId.c" succeeded.
Compiler: /Applications/Xcode.app/Contents/Developer/Toolchains/XcodeDefault.xctoolchain/usr/bin/clang 
Build flags: ;-miphoneos-version-min=8.0;-DTARGET_OS_IPHONE=1;-D__IOS;-fms-extensions
Id flags: 

The output was:
0
ld: warning: URGENT: building for iOS simulator, but linking against dylib (/usr/lib/libSystem.dylib) built for OSX. Note: This will be an error in the future.


Compilation of the C compiler identification source "CMakeCCompilerId.c" produced "a.out"

The C compiler identification is AppleClang, found in "/Users/syzn/Documents/Official_Linphone/linphone-iphone/WORK/ios-x86_64/Build/bellesip/CMakeFiles/3.7.2/CompilerIdC/a.out"

Compiling the CXX compiler identification source file "CMakeCXXCompilerId.cpp" succeeded.
Compiler: /Applications/Xcode.app/Contents/Developer/Toolchains/XcodeDefault.xctoolchain/usr/bin/clang++ 
Build flags: ;-miphoneos-version-min=8.0;-DTARGET_OS_IPHONE=1;-D__IOS;-fms-extensions;;-stdlib=libc++
Id flags: 

The output was:
0
ld: warning: URGENT: building for iOS simulator, but linking against dylib (/usr/lib/libSystem.dylib) built for OSX. Note: This will be an error in the future.
ld: warning: URGENT: building for iOS simulator, but linking against dylib (/usr/lib/libc++.dylib) built for OSX. Note: This will be an error in the future.


Compilation of the CXX compiler identification source "CMakeCXXCompilerId.cpp" produced "a.out"

The CXX compiler identification is AppleClang, found in "/Users/syzn/Documents/Official_Linphone/linphone-iphone/WORK/ios-x86_64/Build/bellesip/CMakeFiles/3.7.2/CompilerIdCXX/a.out"

Determining if the C compiler works passed with the following output:
Change Dir: /Users/syzn/Documents/Official_Linphone/linphone-iphone/WORK/ios-x86_64/Build/bellesip/CMakeFiles/CMakeTmp

Run Build Command:"/usr/bin/make" "cmTC_77442/fast"
/Applications/Xcode.app/Contents/Developer/usr/bin/make -f CMakeFiles/cmTC_77442.dir/build.make CMakeFiles/cmTC_77442.dir/build
Building C object CMakeFiles/cmTC_77442.dir/testCCompiler.c.o
/Applications/Xcode.app/Contents/Developer/Toolchains/XcodeDefault.xctoolchain/usr/bin/clang  --target=x86_64-apple-darwin   -miphoneos-version-min=8.0 -DTARGET_OS_IPHONE=1 -D__IOS -fms-extensions  -arch x86_64 -isysroot /Applications/Xcode.app/Contents/Developer/Platforms/iPhoneSimulator.platform/Developer/SDKs/iPhoneSimulator10.2.sdk   -o CMakeFiles/cmTC_77442.dir/testCCompiler.c.o   -c /Users/syzn/Documents/Official_Linphone/linphone-iphone/WORK/ios-x86_64/Build/bellesip/CMakeFiles/CMakeTmp/testCCompiler.c
Linking C executable cmTC_77442
/usr/local/Cellar/cmake/3.7.2/bin/cmake -E cmake_link_script CMakeFiles/cmTC_77442.dir/link.txt --verbose=1
/Applications/Xcode.app/Contents/Developer/Toolchains/XcodeDefault.xctoolchain/usr/bin/clang  --target=x86_64-apple-darwin  -miphoneos-version-min=8.0 -DTARGET_OS_IPHONE=1 -D__IOS -fms-extensions  -arch x86_64 -isysroot /Applications/Xcode.app/Contents/Developer/Platforms/iPhoneSimulator.platform/Developer/SDKs/iPhoneSimulator10.2.sdk -Wl,-headerpad_max_install_names   CMakeFiles/cmTC_77442.dir/testCCompiler.c.o  -o cmTC_77442  


Detecting C compiler ABI info compiled with the following output:
Change Dir: /Users/syzn/Documents/Official_Linphone/linphone-iphone/WORK/ios-x86_64/Build/bellesip/CMakeFiles/CMakeTmp

Run Build Command:"/usr/bin/make" "cmTC_0959b/fast"
/Applications/Xcode.app/Contents/Developer/usr/bin/make -f CMakeFiles/cmTC_0959b.dir/build.make CMakeFiles/cmTC_0959b.dir/build
Building C object CMakeFiles/cmTC_0959b.dir/CMakeCCompilerABI.c.o
/Applications/Xcode.app/Contents/Developer/Toolchains/XcodeDefault.xctoolchain/usr/bin/clang  --target=x86_64-apple-darwin   -miphoneos-version-min=8.0 -DTARGET_OS_IPHONE=1 -D__IOS -fms-extensions  -arch x86_64 -isysroot /Applications/Xcode.app/Contents/Developer/Platforms/iPhoneSimulator.platform/Developer/SDKs/iPhoneSimulator10.2.sdk   -o CMakeFiles/cmTC_0959b.dir/CMakeCCompilerABI.c.o   -c /usr/local/Cellar/cmake/3.7.2/share/cmake/Modules/CMakeCCompilerABI.c
Linking C executable cmTC_0959b
/usr/local/Cellar/cmake/3.7.2/bin/cmake -E cmake_link_script CMakeFiles/cmTC_0959b.dir/link.txt --verbose=1
/Applications/Xcode.app/Contents/Developer/Toolchains/XcodeDefault.xctoolchain/usr/bin/clang  --target=x86_64-apple-darwin  -miphoneos-version-min=8.0 -DTARGET_OS_IPHONE=1 -D__IOS -fms-extensions  -arch x86_64 -isysroot /Applications/Xcode.app/Contents/Developer/Platforms/iPhoneSimulator.platform/Developer/SDKs/iPhoneSimulator10.2.sdk -Wl,-headerpad_max_install_names  -v -Wl,-v CMakeFiles/cmTC_0959b.dir/CMakeCCompilerABI.c.o  -o cmTC_0959b   
Apple LLVM version 8.0.0 (clang-800.0.42.1)
Target: x86_64-apple-darwin
Thread model: posix
InstalledDir: /Applications/Xcode.app/Contents/Developer/Toolchains/XcodeDefault.xctoolchain/usr/bin
 "/Applications/Xcode.app/Contents/Developer/Toolchains/XcodeDefault.xctoolchain/usr/bin/ld" -demangle -dynamic -arch x86_64 -ios_simulator_version_min 8.0.0 -syslibroot /Applications/Xcode.app/Contents/Developer/Platforms/iPhoneSimulator.platform/Developer/SDKs/iPhoneSimulator10.2.sdk -o cmTC_0959b -headerpad_max_install_names -v CMakeFiles/cmTC_0959b.dir/CMakeCCompilerABI.c.o -lSystem /Applications/Xcode.app/Contents/Developer/Toolchains/XcodeDefault.xctoolchain/usr/bin/../lib/clang/8.0.0/lib/darwin/libclang_rt.ios.a
@(#)PROGRAM:ld  PROJECT:ld64-274.2
configured to support archs: armv6 armv7 armv7s arm64 i386 x86_64 x86_64h armv6m armv7k armv7m armv7em (tvOS)
Library search paths:
	/Applications/Xcode.app/Contents/Developer/Platforms/iPhoneSimulator.platform/Developer/SDKs/iPhoneSimulator10.2.sdk/usr/lib
Framework search paths:
	/Applications/Xcode.app/Contents/Developer/Platforms/iPhoneSimulator.platform/Developer/SDKs/iPhoneSimulator10.2.sdk/Library/Frameworks/
	/Applications/Xcode.app/Contents/Developer/Platforms/iPhoneSimulator.platform/Developer/SDKs/iPhoneSimulator10.2.sdk/System/Library/Frameworks/


Parsed C implicit link information from above output:
  link line regex: [^( *|.*[/\])(ld|([^/\]+-)?ld|collect2)[^/\]*( |$)]
  ignore line: [Change Dir: /Users/syzn/Documents/Official_Linphone/linphone-iphone/WORK/ios-x86_64/Build/bellesip/CMakeFiles/CMakeTmp]
  ignore line: []
  ignore line: [Run Build Command:"/usr/bin/make" "cmTC_0959b/fast"]
  ignore line: [/Applications/Xcode.app/Contents/Developer/usr/bin/make -f CMakeFiles/cmTC_0959b.dir/build.make CMakeFiles/cmTC_0959b.dir/build]
  ignore line: [Building C object CMakeFiles/cmTC_0959b.dir/CMakeCCompilerABI.c.o]
  ignore line: [/Applications/Xcode.app/Contents/Developer/Toolchains/XcodeDefault.xctoolchain/usr/bin/clang  --target=x86_64-apple-darwin   -miphoneos-version-min=8.0 -DTARGET_OS_IPHONE=1 -D__IOS -fms-extensions  -arch x86_64 -isysroot /Applications/Xcode.app/Contents/Developer/Platforms/iPhoneSimulator.platform/Developer/SDKs/iPhoneSimulator10.2.sdk   -o CMakeFiles/cmTC_0959b.dir/CMakeCCompilerABI.c.o   -c /usr/local/Cellar/cmake/3.7.2/share/cmake/Modules/CMakeCCompilerABI.c]
  ignore line: [Linking C executable cmTC_0959b]
  ignore line: [/usr/local/Cellar/cmake/3.7.2/bin/cmake -E cmake_link_script CMakeFiles/cmTC_0959b.dir/link.txt --verbose=1]
  ignore line: [/Applications/Xcode.app/Contents/Developer/Toolchains/XcodeDefault.xctoolchain/usr/bin/clang  --target=x86_64-apple-darwin  -miphoneos-version-min=8.0 -DTARGET_OS_IPHONE=1 -D__IOS -fms-extensions  -arch x86_64 -isysroot /Applications/Xcode.app/Contents/Developer/Platforms/iPhoneSimulator.platform/Developer/SDKs/iPhoneSimulator10.2.sdk -Wl,-headerpad_max_install_names  -v -Wl,-v CMakeFiles/cmTC_0959b.dir/CMakeCCompilerABI.c.o  -o cmTC_0959b   ]
  ignore line: [Apple LLVM version 8.0.0 (clang-800.0.42.1)]
  ignore line: [Target: x86_64-apple-darwin]
  ignore line: [Thread model: posix]
  ignore line: [InstalledDir: /Applications/Xcode.app/Contents/Developer/Toolchains/XcodeDefault.xctoolchain/usr/bin]
  link line: [ "/Applications/Xcode.app/Contents/Developer/Toolchains/XcodeDefault.xctoolchain/usr/bin/ld" -demangle -dynamic -arch x86_64 -ios_simulator_version_min 8.0.0 -syslibroot /Applications/Xcode.app/Contents/Developer/Platforms/iPhoneSimulator.platform/Developer/SDKs/iPhoneSimulator10.2.sdk -o cmTC_0959b -headerpad_max_install_names -v CMakeFiles/cmTC_0959b.dir/CMakeCCompilerABI.c.o -lSystem /Applications/Xcode.app/Contents/Developer/Toolchains/XcodeDefault.xctoolchain/usr/bin/../lib/clang/8.0.0/lib/darwin/libclang_rt.ios.a]
    arg [/Applications/Xcode.app/Contents/Developer/Toolchains/XcodeDefault.xctoolchain/usr/bin/ld] ==> ignore
    arg [-demangle] ==> ignore
    arg [-dynamic] ==> ignore
    arg [-arch] ==> ignore
    arg [x86_64] ==> ignore
    arg [-ios_simulator_version_min] ==> ignore
    arg [8.0.0] ==> ignore
    arg [-syslibroot] ==> ignore
    arg [/Applications/Xcode.app/Contents/Developer/Platforms/iPhoneSimulator.platform/Developer/SDKs/iPhoneSimulator10.2.sdk] ==> ignore
    arg [-o] ==> ignore
    arg [cmTC_0959b] ==> ignore
    arg [-headerpad_max_install_names] ==> ignore
    arg [-v] ==> ignore
    arg [CMakeFiles/cmTC_0959b.dir/CMakeCCompilerABI.c.o] ==> ignore
    arg [-lSystem] ==> lib [System]
    arg [/Applications/Xcode.app/Contents/Developer/Toolchains/XcodeDefault.xctoolchain/usr/bin/../lib/clang/8.0.0/lib/darwin/libclang_rt.ios.a] ==> lib [/Applications/Xcode.app/Contents/Developer/Toolchains/XcodeDefault.xctoolchain/usr/bin/../lib/clang/8.0.0/lib/darwin/libclang_rt.ios.a]
  Library search paths: [;/Applications/Xcode.app/Contents/Developer/Platforms/iPhoneSimulator.platform/Developer/SDKs/iPhoneSimulator10.2.sdk/usr/lib]
  Framework search paths: [;/Applications/Xcode.app/Contents/Developer/Platforms/iPhoneSimulator.platform/Developer/SDKs/iPhoneSimulator10.2.sdk/Library/Frameworks/;/Applications/Xcode.app/Contents/Developer/Platforms/iPhoneSimulator.platform/Developer/SDKs/iPhoneSimulator10.2.sdk/System/Library/Frameworks/]
  remove lib [System]
  remove lib [/Applications/Xcode.app/Contents/Developer/Toolchains/XcodeDefault.xctoolchain/usr/bin/../lib/clang/8.0.0/lib/darwin/libclang_rt.ios.a]
  collapse library dir [/Applications/Xcode.app/Contents/Developer/Platforms/iPhoneSimulator.platform/Developer/SDKs/iPhoneSimulator10.2.sdk/usr/lib] ==> [/Applications/Xcode.app/Contents/Developer/Platforms/iPhoneSimulator.platform/Developer/SDKs/iPhoneSimulator10.2.sdk/usr/lib]
  collapse framework dir [/Applications/Xcode.app/Contents/Developer/Platforms/iPhoneSimulator.platform/Developer/SDKs/iPhoneSimulator10.2.sdk/Library/Frameworks/] ==> [/Applications/Xcode.app/Contents/Developer/Platforms/iPhoneSimulator.platform/Developer/SDKs/iPhoneSimulator10.2.sdk/Library/Frameworks]
  collapse framework dir [/Applications/Xcode.app/Contents/Developer/Platforms/iPhoneSimulator.platform/Developer/SDKs/iPhoneSimulator10.2.sdk/System/Library/Frameworks/] ==> [/Applications/Xcode.app/Contents/Developer/Platforms/iPhoneSimulator.platform/Developer/SDKs/iPhoneSimulator10.2.sdk/System/Library/Frameworks]
  implicit libs: []
  implicit dirs: [/Applications/Xcode.app/Contents/Developer/Platforms/iPhoneSimulator.platform/Developer/SDKs/iPhoneSimulator10.2.sdk/usr/lib]
  implicit fwks: [/Applications/Xcode.app/Contents/Developer/Platforms/iPhoneSimulator.platform/Developer/SDKs/iPhoneSimulator10.2.sdk/Library/Frameworks;/Applications/Xcode.app/Contents/Developer/Platforms/iPhoneSimulator.platform/Developer/SDKs/iPhoneSimulator10.2.sdk/System/Library/Frameworks]




Detecting C [-std=c11] compiler features compiled with the following output:
Change Dir: /Users/syzn/Documents/Official_Linphone/linphone-iphone/WORK/ios-x86_64/Build/bellesip/CMakeFiles/CMakeTmp

Run Build Command:"/usr/bin/make" "cmTC_0da8a/fast"
/Applications/Xcode.app/Contents/Developer/usr/bin/make -f CMakeFiles/cmTC_0da8a.dir/build.make CMakeFiles/cmTC_0da8a.dir/build
Building C object CMakeFiles/cmTC_0da8a.dir/feature_tests.c.o
/Applications/Xcode.app/Contents/Developer/Toolchains/XcodeDefault.xctoolchain/usr/bin/clang  --target=x86_64-apple-darwin   -miphoneos-version-min=8.0 -DTARGET_OS_IPHONE=1 -D__IOS -fms-extensions  -arch x86_64 -isysroot /Applications/Xcode.app/Contents/Developer/Platforms/iPhoneSimulator.platform/Developer/SDKs/iPhoneSimulator10.2.sdk   -std=c11 -o CMakeFiles/cmTC_0da8a.dir/feature_tests.c.o   -c /Users/syzn/Documents/Official_Linphone/linphone-iphone/WORK/ios-x86_64/Build/bellesip/CMakeFiles/feature_tests.c
Linking C executable cmTC_0da8a
/usr/local/Cellar/cmake/3.7.2/bin/cmake -E cmake_link_script CMakeFiles/cmTC_0da8a.dir/link.txt --verbose=1
/Applications/Xcode.app/Contents/Developer/Toolchains/XcodeDefault.xctoolchain/usr/bin/clang  --target=x86_64-apple-darwin  -miphoneos-version-min=8.0 -DTARGET_OS_IPHONE=1 -D__IOS -fms-extensions  -arch x86_64 -isysroot /Applications/Xcode.app/Contents/Developer/Platforms/iPhoneSimulator.platform/Developer/SDKs/iPhoneSimulator10.2.sdk -Wl,-headerpad_max_install_names   CMakeFiles/cmTC_0da8a.dir/feature_tests.c.o  -o cmTC_0da8a  


    Feature record: C_FEATURE:1c_function_prototypes
    Feature record: C_FEATURE:1c_restrict
    Feature record: C_FEATURE:1c_static_assert
    Feature record: C_FEATURE:1c_variadic_macros


Detecting C [-std=c99] compiler features compiled with the following output:
Change Dir: /Users/syzn/Documents/Official_Linphone/linphone-iphone/WORK/ios-x86_64/Build/bellesip/CMakeFiles/CMakeTmp

Run Build Command:"/usr/bin/make" "cmTC_09177/fast"
/Applications/Xcode.app/Contents/Developer/usr/bin/make -f CMakeFiles/cmTC_09177.dir/build.make CMakeFiles/cmTC_09177.dir/build
Building C object CMakeFiles/cmTC_09177.dir/feature_tests.c.o
/Applications/Xcode.app/Contents/Developer/Toolchains/XcodeDefault.xctoolchain/usr/bin/clang  --target=x86_64-apple-darwin   -miphoneos-version-min=8.0 -DTARGET_OS_IPHONE=1 -D__IOS -fms-extensions  -arch x86_64 -isysroot /Applications/Xcode.app/Contents/Developer/Platforms/iPhoneSimulator.platform/Developer/SDKs/iPhoneSimulator10.2.sdk   -std=c99 -o CMakeFiles/cmTC_09177.dir/feature_tests.c.o   -c /Users/syzn/Documents/Official_Linphone/linphone-iphone/WORK/ios-x86_64/Build/bellesip/CMakeFiles/feature_tests.c
Linking C executable cmTC_09177
/usr/local/Cellar/cmake/3.7.2/bin/cmake -E cmake_link_script CMakeFiles/cmTC_09177.dir/link.txt --verbose=1
/Applications/Xcode.app/Contents/Developer/Toolchains/XcodeDefault.xctoolchain/usr/bin/clang  --target=x86_64-apple-darwin  -miphoneos-version-min=8.0 -DTARGET_OS_IPHONE=1 -D__IOS -fms-extensions  -arch x86_64 -isysroot /Applications/Xcode.app/Contents/Developer/Platforms/iPhoneSimulator.platform/Developer/SDKs/iPhoneSimulator10.2.sdk -Wl,-headerpad_max_install_names   CMakeFiles/cmTC_09177.dir/feature_tests.c.o  -o cmTC_09177  


    Feature record: C_FEATURE:1c_function_prototypes
    Feature record: C_FEATURE:1c_restrict
    Feature record: C_FEATURE:0c_static_assert
    Feature record: C_FEATURE:1c_variadic_macros


Detecting C [-std=c90] compiler features compiled with the following output:
Change Dir: /Users/syzn/Documents/Official_Linphone/linphone-iphone/WORK/ios-x86_64/Build/bellesip/CMakeFiles/CMakeTmp

Run Build Command:"/usr/bin/make" "cmTC_e3a1d/fast"
/Applications/Xcode.app/Contents/Developer/usr/bin/make -f CMakeFiles/cmTC_e3a1d.dir/build.make CMakeFiles/cmTC_e3a1d.dir/build
Building C object CMakeFiles/cmTC_e3a1d.dir/feature_tests.c.o
/Applications/Xcode.app/Contents/Developer/Toolchains/XcodeDefault.xctoolchain/usr/bin/clang  --target=x86_64-apple-darwin   -miphoneos-version-min=8.0 -DTARGET_OS_IPHONE=1 -D__IOS -fms-extensions  -arch x86_64 -isysroot /Applications/Xcode.app/Contents/Developer/Platforms/iPhoneSimulator.platform/Developer/SDKs/iPhoneSimulator10.2.sdk   -std=c90 -o CMakeFiles/cmTC_e3a1d.dir/feature_tests.c.o   -c /Users/syzn/Documents/Official_Linphone/linphone-iphone/WORK/ios-x86_64/Build/bellesip/CMakeFiles/feature_tests.c
Linking C executable cmTC_e3a1d
/usr/local/Cellar/cmake/3.7.2/bin/cmake -E cmake_link_script CMakeFiles/cmTC_e3a1d.dir/link.txt --verbose=1
/Applications/Xcode.app/Contents/Developer/Toolchains/XcodeDefault.xctoolchain/usr/bin/clang  --target=x86_64-apple-darwin  -miphoneos-version-min=8.0 -DTARGET_OS_IPHONE=1 -D__IOS -fms-extensions  -arch x86_64 -isysroot /Applications/Xcode.app/Contents/Developer/Platforms/iPhoneSimulator.platform/Developer/SDKs/iPhoneSimulator10.2.sdk -Wl,-headerpad_max_install_names   CMakeFiles/cmTC_e3a1d.dir/feature_tests.c.o  -o cmTC_e3a1d  


    Feature record: C_FEATURE:1c_function_prototypes
    Feature record: C_FEATURE:0c_restrict
    Feature record: C_FEATURE:0c_static_assert
    Feature record: C_FEATURE:0c_variadic_macros
Determining if the CXX compiler works passed with the following output:
Change Dir: /Users/syzn/Documents/Official_Linphone/linphone-iphone/WORK/ios-x86_64/Build/bellesip/CMakeFiles/CMakeTmp

Run Build Command:"/usr/bin/make" "cmTC_099e9/fast"
/Applications/Xcode.app/Contents/Developer/usr/bin/make -f CMakeFiles/cmTC_099e9.dir/build.make CMakeFiles/cmTC_099e9.dir/build
Building CXX object CMakeFiles/cmTC_099e9.dir/testCXXCompiler.cxx.o
/Applications/Xcode.app/Contents/Developer/Toolchains/XcodeDefault.xctoolchain/usr/bin/clang++  --target=x86_64-apple-darwin    -miphoneos-version-min=8.0 -DTARGET_OS_IPHONE=1 -D__IOS -fms-extensions  -stdlib=libc++  -arch x86_64 -isysroot /Applications/Xcode.app/Contents/Developer/Platforms/iPhoneSimulator.platform/Developer/SDKs/iPhoneSimulator10.2.sdk   -o CMakeFiles/cmTC_099e9.dir/testCXXCompiler.cxx.o -c /Users/syzn/Documents/Official_Linphone/linphone-iphone/WORK/ios-x86_64/Build/bellesip/CMakeFiles/CMakeTmp/testCXXCompiler.cxx
Linking CXX executable cmTC_099e9
/usr/local/Cellar/cmake/3.7.2/bin/cmake -E cmake_link_script CMakeFiles/cmTC_099e9.dir/link.txt --verbose=1
/Applications/Xcode.app/Contents/Developer/Toolchains/XcodeDefault.xctoolchain/usr/bin/clang++  --target=x86_64-apple-darwin   -miphoneos-version-min=8.0 -DTARGET_OS_IPHONE=1 -D__IOS -fms-extensions  -stdlib=libc++  -arch x86_64 -isysroot /Applications/Xcode.app/Contents/Developer/Platforms/iPhoneSimulator.platform/Developer/SDKs/iPhoneSimulator10.2.sdk -Wl,-headerpad_max_install_names   CMakeFiles/cmTC_099e9.dir/testCXXCompiler.cxx.o  -o cmTC_099e9  


Detecting CXX compiler ABI info compiled with the following output:
Change Dir: /Users/syzn/Documents/Official_Linphone/linphone-iphone/WORK/ios-x86_64/Build/bellesip/CMakeFiles/CMakeTmp

Run Build Command:"/usr/bin/make" "cmTC_551e2/fast"
/Applications/Xcode.app/Contents/Developer/usr/bin/make -f CMakeFiles/cmTC_551e2.dir/build.make CMakeFiles/cmTC_551e2.dir/build
Building CXX object CMakeFiles/cmTC_551e2.dir/CMakeCXXCompilerABI.cpp.o
/Applications/Xcode.app/Contents/Developer/Toolchains/XcodeDefault.xctoolchain/usr/bin/clang++  --target=x86_64-apple-darwin    -miphoneos-version-min=8.0 -DTARGET_OS_IPHONE=1 -D__IOS -fms-extensions  -stdlib=libc++  -arch x86_64 -isysroot /Applications/Xcode.app/Contents/Developer/Platforms/iPhoneSimulator.platform/Developer/SDKs/iPhoneSimulator10.2.sdk   -o CMakeFiles/cmTC_551e2.dir/CMakeCXXCompilerABI.cpp.o -c /usr/local/Cellar/cmake/3.7.2/share/cmake/Modules/CMakeCXXCompilerABI.cpp
Linking CXX executable cmTC_551e2
/usr/local/Cellar/cmake/3.7.2/bin/cmake -E cmake_link_script CMakeFiles/cmTC_551e2.dir/link.txt --verbose=1
/Applications/Xcode.app/Contents/Developer/Toolchains/XcodeDefault.xctoolchain/usr/bin/clang++  --target=x86_64-apple-darwin   -miphoneos-version-min=8.0 -DTARGET_OS_IPHONE=1 -D__IOS -fms-extensions  -stdlib=libc++  -arch x86_64 -isysroot /Applications/Xcode.app/Contents/Developer/Platforms/iPhoneSimulator.platform/Developer/SDKs/iPhoneSimulator10.2.sdk -Wl,-headerpad_max_install_names  -v -Wl,-v CMakeFiles/cmTC_551e2.dir/CMakeCXXCompilerABI.cpp.o  -o cmTC_551e2   
Apple LLVM version 8.0.0 (clang-800.0.42.1)
Target: x86_64-apple-darwin
Thread model: posix
InstalledDir: /Applications/Xcode.app/Contents/Developer/Toolchains/XcodeDefault.xctoolchain/usr/bin
 "/Applications/Xcode.app/Contents/Developer/Toolchains/XcodeDefault.xctoolchain/usr/bin/ld" -demangle -dynamic -arch x86_64 -ios_simulator_version_min 8.0.0 -syslibroot /Applications/Xcode.app/Contents/Developer/Platforms/iPhoneSimulator.platform/Developer/SDKs/iPhoneSimulator10.2.sdk -o cmTC_551e2 -headerpad_max_install_names -v CMakeFiles/cmTC_551e2.dir/CMakeCXXCompilerABI.cpp.o -lc++ -lSystem /Applications/Xcode.app/Contents/Developer/Toolchains/XcodeDefault.xctoolchain/usr/bin/../lib/clang/8.0.0/lib/darwin/libclang_rt.ios.a
@(#)PROGRAM:ld  PROJECT:ld64-274.2
configured to support archs: armv6 armv7 armv7s arm64 i386 x86_64 x86_64h armv6m armv7k armv7m armv7em (tvOS)
Library search paths:
	/Applications/Xcode.app/Contents/Developer/Platforms/iPhoneSimulator.platform/Developer/SDKs/iPhoneSimulator10.2.sdk/usr/lib
Framework search paths:
	/Applications/Xcode.app/Contents/Developer/Platforms/iPhoneSimulator.platform/Developer/SDKs/iPhoneSimulator10.2.sdk/Library/Frameworks/
	/Applications/Xcode.app/Contents/Developer/Platforms/iPhoneSimulator.platform/Developer/SDKs/iPhoneSimulator10.2.sdk/System/Library/Frameworks/


Parsed CXX implicit link information from above output:
  link line regex: [^( *|.*[/\])(ld|([^/\]+-)?ld|collect2)[^/\]*( |$)]
  ignore line: [Change Dir: /Users/syzn/Documents/Official_Linphone/linphone-iphone/WORK/ios-x86_64/Build/bellesip/CMakeFiles/CMakeTmp]
  ignore line: []
  ignore line: [Run Build Command:"/usr/bin/make" "cmTC_551e2/fast"]
  ignore line: [/Applications/Xcode.app/Contents/Developer/usr/bin/make -f CMakeFiles/cmTC_551e2.dir/build.make CMakeFiles/cmTC_551e2.dir/build]
  ignore line: [Building CXX object CMakeFiles/cmTC_551e2.dir/CMakeCXXCompilerABI.cpp.o]
  ignore line: [/Applications/Xcode.app/Contents/Developer/Toolchains/XcodeDefault.xctoolchain/usr/bin/clang++  --target=x86_64-apple-darwin    -miphoneos-version-min=8.0 -DTARGET_OS_IPHONE=1 -D__IOS -fms-extensions  -stdlib=libc++  -arch x86_64 -isysroot /Applications/Xcode.app/Contents/Developer/Platforms/iPhoneSimulator.platform/Developer/SDKs/iPhoneSimulator10.2.sdk   -o CMakeFiles/cmTC_551e2.dir/CMakeCXXCompilerABI.cpp.o -c /usr/local/Cellar/cmake/3.7.2/share/cmake/Modules/CMakeCXXCompilerABI.cpp]
  ignore line: [Linking CXX executable cmTC_551e2]
  ignore line: [/usr/local/Cellar/cmake/3.7.2/bin/cmake -E cmake_link_script CMakeFiles/cmTC_551e2.dir/link.txt --verbose=1]
  ignore line: [/Applications/Xcode.app/Contents/Developer/Toolchains/XcodeDefault.xctoolchain/usr/bin/clang++  --target=x86_64-apple-darwin   -miphoneos-version-min=8.0 -DTARGET_OS_IPHONE=1 -D__IOS -fms-extensions  -stdlib=libc++  -arch x86_64 -isysroot /Applications/Xcode.app/Contents/Developer/Platforms/iPhoneSimulator.platform/Developer/SDKs/iPhoneSimulator10.2.sdk -Wl,-headerpad_max_install_names  -v -Wl,-v CMakeFiles/cmTC_551e2.dir/CMakeCXXCompilerABI.cpp.o  -o cmTC_551e2   ]
  ignore line: [Apple LLVM version 8.0.0 (clang-800.0.42.1)]
  ignore line: [Target: x86_64-apple-darwin]
  ignore line: [Thread model: posix]
  ignore line: [InstalledDir: /Applications/Xcode.app/Contents/Developer/Toolchains/XcodeDefault.xctoolchain/usr/bin]
  link line: [ "/Applications/Xcode.app/Contents/Developer/Toolchains/XcodeDefault.xctoolchain/usr/bin/ld" -demangle -dynamic -arch x86_64 -ios_simulator_version_min 8.0.0 -syslibroot /Applications/Xcode.app/Contents/Developer/Platforms/iPhoneSimulator.platform/Developer/SDKs/iPhoneSimulator10.2.sdk -o cmTC_551e2 -headerpad_max_install_names -v CMakeFiles/cmTC_551e2.dir/CMakeCXXCompilerABI.cpp.o -lc++ -lSystem /Applications/Xcode.app/Contents/Developer/Toolchains/XcodeDefault.xctoolchain/usr/bin/../lib/clang/8.0.0/lib/darwin/libclang_rt.ios.a]
    arg [/Applications/Xcode.app/Contents/Developer/Toolchains/XcodeDefault.xctoolchain/usr/bin/ld] ==> ignore
    arg [-demangle] ==> ignore
    arg [-dynamic] ==> ignore
    arg [-arch] ==> ignore
    arg [x86_64] ==> ignore
    arg [-ios_simulator_version_min] ==> ignore
    arg [8.0.0] ==> ignore
    arg [-syslibroot] ==> ignore
    arg [/Applications/Xcode.app/Contents/Developer/Platforms/iPhoneSimulator.platform/Developer/SDKs/iPhoneSimulator10.2.sdk] ==> ignore
    arg [-o] ==> ignore
    arg [cmTC_551e2] ==> ignore
    arg [-headerpad_max_install_names] ==> ignore
    arg [-v] ==> ignore
    arg [CMakeFiles/cmTC_551e2.dir/CMakeCXXCompilerABI.cpp.o] ==> ignore
    arg [-lc++] ==> lib [c++]
    arg [-lSystem] ==> lib [System]
    arg [/Applications/Xcode.app/Contents/Developer/Toolchains/XcodeDefault.xctoolchain/usr/bin/../lib/clang/8.0.0/lib/darwin/libclang_rt.ios.a] ==> lib [/Applications/Xcode.app/Contents/Developer/Toolchains/XcodeDefault.xctoolchain/usr/bin/../lib/clang/8.0.0/lib/darwin/libclang_rt.ios.a]
  Library search paths: [;/Applications/Xcode.app/Contents/Developer/Platforms/iPhoneSimulator.platform/Developer/SDKs/iPhoneSimulator10.2.sdk/usr/lib]
  Framework search paths: [;/Applications/Xcode.app/Contents/Developer/Platforms/iPhoneSimulator.platform/Developer/SDKs/iPhoneSimulator10.2.sdk/Library/Frameworks/;/Applications/Xcode.app/Contents/Developer/Platforms/iPhoneSimulator.platform/Developer/SDKs/iPhoneSimulator10.2.sdk/System/Library/Frameworks/]
  remove lib [System]
  remove lib [/Applications/Xcode.app/Contents/Developer/Toolchains/XcodeDefault.xctoolchain/usr/bin/../lib/clang/8.0.0/lib/darwin/libclang_rt.ios.a]
  collapse library dir [/Applications/Xcode.app/Contents/Developer/Platforms/iPhoneSimulator.platform/Developer/SDKs/iPhoneSimulator10.2.sdk/usr/lib] ==> [/Applications/Xcode.app/Contents/Developer/Platforms/iPhoneSimulator.platform/Developer/SDKs/iPhoneSimulator10.2.sdk/usr/lib]
  collapse framework dir [/Applications/Xcode.app/Contents/Developer/Platforms/iPhoneSimulator.platform/Developer/SDKs/iPhoneSimulator10.2.sdk/Library/Frameworks/] ==> [/Applications/Xcode.app/Contents/Developer/Platforms/iPhoneSimulator.platform/Developer/SDKs/iPhoneSimulator10.2.sdk/Library/Frameworks]
  collapse framework dir [/Applications/Xcode.app/Contents/Developer/Platforms/iPhoneSimulator.platform/Developer/SDKs/iPhoneSimulator10.2.sdk/System/Library/Frameworks/] ==> [/Applications/Xcode.app/Contents/Developer/Platforms/iPhoneSimulator.platform/Developer/SDKs/iPhoneSimulator10.2.sdk/System/Library/Frameworks]
  implicit libs: [c++]
  implicit dirs: [/Applications/Xcode.app/Contents/Developer/Platforms/iPhoneSimulator.platform/Developer/SDKs/iPhoneSimulator10.2.sdk/usr/lib]
  implicit fwks: [/Applications/Xcode.app/Contents/Developer/Platforms/iPhoneSimulator.platform/Developer/SDKs/iPhoneSimulator10.2.sdk/Library/Frameworks;/Applications/Xcode.app/Contents/Developer/Platforms/iPhoneSimulator.platform/Developer/SDKs/iPhoneSimulator10.2.sdk/System/Library/Frameworks]




Detecting CXX [-std=c++14] compiler features compiled with the following output:
Change Dir: /Users/syzn/Documents/Official_Linphone/linphone-iphone/WORK/ios-x86_64/Build/bellesip/CMakeFiles/CMakeTmp

Run Build Command:"/usr/bin/make" "cmTC_37493/fast"
/Applications/Xcode.app/Contents/Developer/usr/bin/make -f CMakeFiles/cmTC_37493.dir/build.make CMakeFiles/cmTC_37493.dir/build
Building CXX object CMakeFiles/cmTC_37493.dir/feature_tests.cxx.o
/Applications/Xcode.app/Contents/Developer/Toolchains/XcodeDefault.xctoolchain/usr/bin/clang++  --target=x86_64-apple-darwin    -miphoneos-version-min=8.0 -DTARGET_OS_IPHONE=1 -D__IOS -fms-extensions  -stdlib=libc++  -arch x86_64 -isysroot /Applications/Xcode.app/Contents/Developer/Platforms/iPhoneSimulator.platform/Developer/SDKs/iPhoneSimulator10.2.sdk   -std=c++14 -o CMakeFiles/cmTC_37493.dir/feature_tests.cxx.o -c /Users/syzn/Documents/Official_Linphone/linphone-iphone/WORK/ios-x86_64/Build/bellesip/CMakeFiles/feature_tests.cxx
Linking CXX executable cmTC_37493
/usr/local/Cellar/cmake/3.7.2/bin/cmake -E cmake_link_script CMakeFiles/cmTC_37493.dir/link.txt --verbose=1
/Applications/Xcode.app/Contents/Developer/Toolchains/XcodeDefault.xctoolchain/usr/bin/clang++  --target=x86_64-apple-darwin   -miphoneos-version-min=8.0 -DTARGET_OS_IPHONE=1 -D__IOS -fms-extensions  -stdlib=libc++  -arch x86_64 -isysroot /Applications/Xcode.app/Contents/Developer/Platforms/iPhoneSimulator.platform/Developer/SDKs/iPhoneSimulator10.2.sdk -Wl,-headerpad_max_install_names   CMakeFiles/cmTC_37493.dir/feature_tests.cxx.o  -o cmTC_37493  


    Feature record: CXX_FEATURE:1cxx_aggregate_default_initializers
    Feature record: CXX_FEATURE:1cxx_alias_templates
    Feature record: CXX_FEATURE:1cxx_alignas
    Feature record: CXX_FEATURE:1cxx_alignof
    Feature record: CXX_FEATURE:1cxx_attributes
    Feature record: CXX_FEATURE:1cxx_attribute_deprecated
    Feature record: CXX_FEATURE:1cxx_auto_type
    Feature record: CXX_FEATURE:1cxx_binary_literals
    Feature record: CXX_FEATURE:1cxx_constexpr
    Feature record: CXX_FEATURE:1cxx_contextual_conversions
    Feature record: CXX_FEATURE:1cxx_decltype
    Feature record: CXX_FEATURE:1cxx_decltype_auto
    Feature record: CXX_FEATURE:1cxx_decltype_incomplete_return_types
    Feature record: CXX_FEATURE:1cxx_default_function_template_args
    Feature record: CXX_FEATURE:1cxx_defaulted_functions
    Feature record: CXX_FEATURE:1cxx_defaulted_move_initializers
    Feature record: CXX_FEATURE:1cxx_delegating_constructors
    Feature record: CXX_FEATURE:1cxx_deleted_functions
    Feature record: CXX_FEATURE:1cxx_digit_separators
    Feature record: CXX_FEATURE:1cxx_enum_forward_declarations
    Feature record: CXX_FEATURE:1cxx_explicit_conversions
    Feature record: CXX_FEATURE:1cxx_extended_friend_declarations
    Feature record: CXX_FEATURE:1cxx_extern_templates
    Feature record: CXX_FEATURE:1cxx_final
    Feature record: CXX_FEATURE:1cxx_func_identifier
    Feature record: CXX_FEATURE:1cxx_generalized_initializers
    Feature record: CXX_FEATURE:1cxx_generic_lambdas
    Feature record: CXX_FEATURE:1cxx_inheriting_constructors
    Feature record: CXX_FEATURE:1cxx_inline_namespaces
    Feature record: CXX_FEATURE:1cxx_lambdas
    Feature record: CXX_FEATURE:1cxx_lambda_init_captures
    Feature record: CXX_FEATURE:1cxx_local_type_template_args
    Feature record: CXX_FEATURE:1cxx_long_long_type
    Feature record: CXX_FEATURE:1cxx_noexcept
    Feature record: CXX_FEATURE:1cxx_nonstatic_member_init
    Feature record: CXX_FEATURE:1cxx_nullptr
    Feature record: CXX_FEATURE:1cxx_override
    Feature record: CXX_FEATURE:1cxx_range_for
    Feature record: CXX_FEATURE:1cxx_raw_string_literals
    Feature record: CXX_FEATURE:1cxx_reference_qualified_functions
    Feature record: CXX_FEATURE:1cxx_relaxed_constexpr
    Feature record: CXX_FEATURE:1cxx_return_type_deduction
    Feature record: CXX_FEATURE:1cxx_right_angle_brackets
    Feature record: CXX_FEATURE:1cxx_rvalue_references
    Feature record: CXX_FEATURE:1cxx_sizeof_member
    Feature record: CXX_FEATURE:1cxx_static_assert
    Feature record: CXX_FEATURE:1cxx_strong_enums
    Feature record: CXX_FEATURE:1cxx_template_template_parameters
    Feature record: CXX_FEATURE:1cxx_thread_local
    Feature record: CXX_FEATURE:1cxx_trailing_return_types
    Feature record: CXX_FEATURE:1cxx_unicode_literals
    Feature record: CXX_FEATURE:1cxx_uniform_initialization
    Feature record: CXX_FEATURE:1cxx_unrestricted_unions
    Feature record: CXX_FEATURE:1cxx_user_literals
    Feature record: CXX_FEATURE:1cxx_variable_templates
    Feature record: CXX_FEATURE:1cxx_variadic_macros
    Feature record: CXX_FEATURE:1cxx_variadic_templates


Detecting CXX [-std=c++11] compiler features compiled with the following output:
Change Dir: /Users/syzn/Documents/Official_Linphone/linphone-iphone/WORK/ios-x86_64/Build/bellesip/CMakeFiles/CMakeTmp

Run Build Command:"/usr/bin/make" "cmTC_5ba55/fast"
/Applications/Xcode.app/Contents/Developer/usr/bin/make -f CMakeFiles/cmTC_5ba55.dir/build.make CMakeFiles/cmTC_5ba55.dir/build
Building CXX object CMakeFiles/cmTC_5ba55.dir/feature_tests.cxx.o
/Applications/Xcode.app/Contents/Developer/Toolchains/XcodeDefault.xctoolchain/usr/bin/clang++  --target=x86_64-apple-darwin    -miphoneos-version-min=8.0 -DTARGET_OS_IPHONE=1 -D__IOS -fms-extensions  -stdlib=libc++  -arch x86_64 -isysroot /Applications/Xcode.app/Contents/Developer/Platforms/iPhoneSimulator.platform/Developer/SDKs/iPhoneSimulator10.2.sdk   -std=c++11 -o CMakeFiles/cmTC_5ba55.dir/feature_tests.cxx.o -c /Users/syzn/Documents/Official_Linphone/linphone-iphone/WORK/ios-x86_64/Build/bellesip/CMakeFiles/feature_tests.cxx
Linking CXX executable cmTC_5ba55
/usr/local/Cellar/cmake/3.7.2/bin/cmake -E cmake_link_script CMakeFiles/cmTC_5ba55.dir/link.txt --verbose=1
/Applications/Xcode.app/Contents/Developer/Toolchains/XcodeDefault.xctoolchain/usr/bin/clang++  --target=x86_64-apple-darwin   -miphoneos-version-min=8.0 -DTARGET_OS_IPHONE=1 -D__IOS -fms-extensions  -stdlib=libc++  -arch x86_64 -isysroot /Applications/Xcode.app/Contents/Developer/Platforms/iPhoneSimulator.platform/Developer/SDKs/iPhoneSimulator10.2.sdk -Wl,-headerpad_max_install_names   CMakeFiles/cmTC_5ba55.dir/feature_tests.cxx.o  -o cmTC_5ba55  


    Feature record: CXX_FEATURE:0cxx_aggregate_default_initializers
    Feature record: CXX_FEATURE:1cxx_alias_templates
    Feature record: CXX_FEATURE:1cxx_alignas
    Feature record: CXX_FEATURE:1cxx_alignof
    Feature record: CXX_FEATURE:1cxx_attributes
    Feature record: CXX_FEATURE:0cxx_attribute_deprecated
    Feature record: CXX_FEATURE:1cxx_auto_type
    Feature record: CXX_FEATURE:0cxx_binary_literals
    Feature record: CXX_FEATURE:1cxx_constexpr
    Feature record: CXX_FEATURE:0cxx_contextual_conversions
    Feature record: CXX_FEATURE:1cxx_decltype
    Feature record: CXX_FEATURE:0cxx_decltype_auto
    Feature record: CXX_FEATURE:1cxx_decltype_incomplete_return_types
    Feature record: CXX_FEATURE:1cxx_default_function_template_args
    Feature record: CXX_FEATURE:1cxx_defaulted_functions
    Feature record: CXX_FEATURE:1cxx_defaulted_move_initializers
    Feature record: CXX_FEATURE:1cxx_delegating_constructors
    Feature record: CXX_FEATURE:1cxx_deleted_functions
    Feature record: CXX_FEATURE:0cxx_digit_separators
    Feature record: CXX_FEATURE:1cxx_enum_forward_declarations
    Feature record: CXX_FEATURE:1cxx_explicit_conversions
    Feature record: CXX_FEATURE:1cxx_extended_friend_declarations
    Feature record: CXX_FEATURE:1cxx_extern_templates
    Feature record: CXX_FEATURE:1cxx_final
    Feature record: CXX_FEATURE:1cxx_func_identifier
    Feature record: CXX_FEATURE:1cxx_generalized_initializers
    Feature record: CXX_FEATURE:0cxx_generic_lambdas
    Feature record: CXX_FEATURE:1cxx_inheriting_constructors
    Feature record: CXX_FEATURE:1cxx_inline_namespaces
    Feature record: CXX_FEATURE:1cxx_lambdas
    Feature record: CXX_FEATURE:0cxx_lambda_init_captures
    Feature record: CXX_FEATURE:1cxx_local_type_template_args
    Feature record: CXX_FEATURE:1cxx_long_long_type
    Feature record: CXX_FEATURE:1cxx_noexcept
    Feature record: CXX_FEATURE:1cxx_nonstatic_member_init
    Feature record: CXX_FEATURE:1cxx_nullptr
    Feature record: CXX_FEATURE:1cxx_override
    Feature record: CXX_FEATURE:1cxx_range_for
    Feature record: CXX_FEATURE:1cxx_raw_string_literals
    Feature record: CXX_FEATURE:1cxx_reference_qualified_functions
    Feature record: CXX_FEATURE:0cxx_relaxed_constexpr
    Feature record: CXX_FEATURE:0cxx_return_type_deduction
    Feature record: CXX_FEATURE:1cxx_right_angle_brackets
    Feature record: CXX_FEATURE:1cxx_rvalue_references
    Feature record: CXX_FEATURE:1cxx_sizeof_member
    Feature record: CXX_FEATURE:1cxx_static_assert
    Feature record: CXX_FEATURE:1cxx_strong_enums
    Feature record: CXX_FEATURE:1cxx_template_template_parameters
    Feature record: CXX_FEATURE:1cxx_thread_local
    Feature record: CXX_FEATURE:1cxx_trailing_return_types
    Feature record: CXX_FEATURE:1cxx_unicode_literals
    Feature record: CXX_FEATURE:1cxx_uniform_initialization
    Feature record: CXX_FEATURE:1cxx_unrestricted_unions
    Feature record: CXX_FEATURE:1cxx_user_literals
    Feature record: CXX_FEATURE:0cxx_variable_templates
    Feature record: CXX_FEATURE:1cxx_variadic_macros
    Feature record: CXX_FEATURE:1cxx_variadic_templates


Detecting CXX [-std=c++98] compiler features compiled with the following output:
Change Dir: /Users/syzn/Documents/Official_Linphone/linphone-iphone/WORK/ios-x86_64/Build/bellesip/CMakeFiles/CMakeTmp

Run Build Command:"/usr/bin/make" "cmTC_3f304/fast"
/Applications/Xcode.app/Contents/Developer/usr/bin/make -f CMakeFiles/cmTC_3f304.dir/build.make CMakeFiles/cmTC_3f304.dir/build
Building CXX object CMakeFiles/cmTC_3f304.dir/feature_tests.cxx.o
/Applications/Xcode.app/Contents/Developer/Toolchains/XcodeDefault.xctoolchain/usr/bin/clang++  --target=x86_64-apple-darwin    -miphoneos-version-min=8.0 -DTARGET_OS_IPHONE=1 -D__IOS -fms-extensions  -stdlib=libc++  -arch x86_64 -isysroot /Applications/Xcode.app/Contents/Developer/Platforms/iPhoneSimulator.platform/Developer/SDKs/iPhoneSimulator10.2.sdk   -std=c++98 -o CMakeFiles/cmTC_3f304.dir/feature_tests.cxx.o -c /Users/syzn/Documents/Official_Linphone/linphone-iphone/WORK/ios-x86_64/Build/bellesip/CMakeFiles/feature_tests.cxx
Linking CXX executable cmTC_3f304
/usr/local/Cellar/cmake/3.7.2/bin/cmake -E cmake_link_script CMakeFiles/cmTC_3f304.dir/link.txt --verbose=1
/Applications/Xcode.app/Contents/Developer/Toolchains/XcodeDefault.xctoolchain/usr/bin/clang++  --target=x86_64-apple-darwin   -miphoneos-version-min=8.0 -DTARGET_OS_IPHONE=1 -D__IOS -fms-extensions  -stdlib=libc++  -arch x86_64 -isysroot /Applications/Xcode.app/Contents/Developer/Platforms/iPhoneSimulator.platform/Developer/SDKs/iPhoneSimulator10.2.sdk -Wl,-headerpad_max_install_names   CMakeFiles/cmTC_3f304.dir/feature_tests.cxx.o  -o cmTC_3f304  


    Feature record: CXX_FEATURE:0cxx_aggregate_default_initializers
    Feature record: CXX_FEATURE:0cxx_alias_templates
    Feature record: CXX_FEATURE:0cxx_alignas
    Feature record: CXX_FEATURE:0cxx_alignof
    Feature record: CXX_FEATURE:0cxx_attributes
    Feature record: CXX_FEATURE:0cxx_attribute_deprecated
    Feature record: CXX_FEATURE:0cxx_auto_type
    Feature record: CXX_FEATURE:0cxx_binary_literals
    Feature record: CXX_FEATURE:0cxx_constexpr
    Feature record: CXX_FEATURE:0cxx_contextual_conversions
    Feature record: CXX_FEATURE:0cxx_decltype
    Feature record: CXX_FEATURE:0cxx_decltype_auto
    Feature record: CXX_FEATURE:0cxx_decltype_incomplete_return_types
    Feature record: CXX_FEATURE:0cxx_default_function_template_args
    Feature record: CXX_FEATURE:0cxx_defaulted_functions
    Feature record: CXX_FEATURE:0cxx_defaulted_move_initializers
    Feature record: CXX_FEATURE:0cxx_delegating_constructors
    Feature record: CXX_FEATURE:0cxx_deleted_functions
    Feature record: CXX_FEATURE:0cxx_digit_separators
    Feature record: CXX_FEATURE:0cxx_enum_forward_declarations
    Feature record: CXX_FEATURE:0cxx_explicit_conversions
    Feature record: CXX_FEATURE:0cxx_extended_friend_declarations
    Feature record: CXX_FEATURE:0cxx_extern_templates
    Feature record: CXX_FEATURE:0cxx_final
    Feature record: CXX_FEATURE:0cxx_func_identifier
    Feature record: CXX_FEATURE:0cxx_generalized_initializers
    Feature record: CXX_FEATURE:0cxx_generic_lambdas
    Feature record: CXX_FEATURE:0cxx_inheriting_constructors
    Feature record: CXX_FEATURE:0cxx_inline_namespaces
    Feature record: CXX_FEATURE:0cxx_lambdas
    Feature record: CXX_FEATURE:0cxx_lambda_init_captures
    Feature record: CXX_FEATURE:0cxx_local_type_template_args
    Feature record: CXX_FEATURE:0cxx_long_long_type
    Feature record: CXX_FEATURE:0cxx_noexcept
    Feature record: CXX_FEATURE:0cxx_nonstatic_member_init
    Feature record: CXX_FEATURE:0cxx_nullptr
    Feature record: CXX_FEATURE:0cxx_override
    Feature record: CXX_FEATURE:0cxx_range_for
    Feature record: CXX_FEATURE:0cxx_raw_string_literals
    Feature record: CXX_FEATURE:0cxx_reference_qualified_functions
    Feature record: CXX_FEATURE:0cxx_relaxed_constexpr
    Feature record: CXX_FEATURE:0cxx_return_type_deduction
    Feature record: CXX_FEATURE:0cxx_right_angle_brackets
    Feature record: CXX_FEATURE:0cxx_rvalue_references
    Feature record: CXX_FEATURE:0cxx_sizeof_member
    Feature record: CXX_FEATURE:0cxx_static_assert
    Feature record: CXX_FEATURE:0cxx_strong_enums
    Feature record: CXX_FEATURE:1cxx_template_template_parameters
    Feature record: CXX_FEATURE:0cxx_thread_local
    Feature record: CXX_FEATURE:0cxx_trailing_return_types
    Feature record: CXX_FEATURE:0cxx_unicode_literals
    Feature record: CXX_FEATURE:0cxx_uniform_initialization
    Feature record: CXX_FEATURE:0cxx_unrestricted_unions
    Feature record: CXX_FEATURE:0cxx_user_literals
    Feature record: CXX_FEATURE:0cxx_variable_templates
    Feature record: CXX_FEATURE:0cxx_variadic_macros
    Feature record: CXX_FEATURE:0cxx_variadic_templates
Determining if the function dlopen exists in the dl passed with the following output:
Change Dir: /Users/syzn/Documents/Official_Linphone/linphone-iphone/WORK/ios-x86_64/Build/bellesip/CMakeFiles/CMakeTmp

Run Build Command:"/usr/bin/make" "cmTC_899bc/fast"
/Applications/Xcode.app/Contents/Developer/usr/bin/make -f CMakeFiles/cmTC_899bc.dir/build.make CMakeFiles/cmTC_899bc.dir/build
Building C object CMakeFiles/cmTC_899bc.dir/CheckFunctionExists.c.o
/Applications/Xcode.app/Contents/Developer/Toolchains/XcodeDefault.xctoolchain/usr/bin/clang  --target=x86_64-apple-darwin   -miphoneos-version-min=8.0 -DTARGET_OS_IPHONE=1 -D__IOS -fms-extensions -DCHECK_FUNCTION_EXISTS=dlopen -arch x86_64 -isysroot /Applications/Xcode.app/Contents/Developer/Platforms/iPhoneSimulator.platform/Developer/SDKs/iPhoneSimulator10.2.sdk   -o CMakeFiles/cmTC_899bc.dir/CheckFunctionExists.c.o   -c /usr/local/Cellar/cmake/3.7.2/share/cmake/Modules/CheckFunctionExists.c
Linking C executable cmTC_899bc
/usr/local/Cellar/cmake/3.7.2/bin/cmake -E cmake_link_script CMakeFiles/cmTC_899bc.dir/link.txt --verbose=1
/Applications/Xcode.app/Contents/Developer/Toolchains/XcodeDefault.xctoolchain/usr/bin/clang  --target=x86_64-apple-darwin  -miphoneos-version-min=8.0 -DTARGET_OS_IPHONE=1 -D__IOS -fms-extensions -DCHECK_FUNCTION_EXISTS=dlopen -arch x86_64 -isysroot /Applications/Xcode.app/Contents/Developer/Platforms/iPhoneSimulator.platform/Developer/SDKs/iPhoneSimulator10.2.sdk -Wl,-headerpad_max_install_names   CMakeFiles/cmTC_899bc.dir/CheckFunctionExists.c.o  -o cmTC_899bc  -ldl 


Determining if the res_ndestroy exist passed with the following output:
Change Dir: /Users/syzn/Documents/Official_Linphone/linphone-iphone/WORK/ios-x86_64/Build/bellesip/CMakeFiles/CMakeTmp

Run Build Command:"/usr/bin/make" "cmTC_20122/fast"
/Applications/Xcode.app/Contents/Developer/usr/bin/make -f CMakeFiles/cmTC_20122.dir/build.make CMakeFiles/cmTC_20122.dir/build
Building C object CMakeFiles/cmTC_20122.dir/CheckSymbolExists.c.o
/Applications/Xcode.app/Contents/Developer/Toolchains/XcodeDefault.xctoolchain/usr/bin/clang  --target=x86_64-apple-darwin   -miphoneos-version-min=8.0 -DTARGET_OS_IPHONE=1 -D__IOS -fms-extensions  -arch x86_64 -isysroot /Applications/Xcode.app/Contents/Developer/Platforms/iPhoneSimulator.platform/Developer/SDKs/iPhoneSimulator10.2.sdk   -o CMakeFiles/cmTC_20122.dir/CheckSymbolExists.c.o   -c /Users/syzn/Documents/Official_Linphone/linphone-iphone/WORK/ios-x86_64/Build/bellesip/CMakeFiles/CMakeTmp/CheckSymbolExists.c
Linking C executable cmTC_20122
/usr/local/Cellar/cmake/3.7.2/bin/cmake -E cmake_link_script CMakeFiles/cmTC_20122.dir/link.txt --verbose=1
/Applications/Xcode.app/Contents/Developer/Toolchains/XcodeDefault.xctoolchain/usr/bin/clang  --target=x86_64-apple-darwin  -miphoneos-version-min=8.0 -DTARGET_OS_IPHONE=1 -D__IOS -fms-extensions  -arch x86_64 -isysroot /Applications/Xcode.app/Contents/Developer/Platforms/iPhoneSimulator.platform/Developer/SDKs/iPhoneSimulator10.2.sdk -Wl,-headerpad_max_install_names   CMakeFiles/cmTC_20122.dir/CheckSymbolExists.c.o  -o cmTC_20122  

File /Users/syzn/Documents/Official_Linphone/linphone-iphone/WORK/ios-x86_64/Build/bellesip/CMakeFiles/CMakeTmp/CheckSymbolExists.c:
/* */
#include <resolv.h>

int main(int argc, char** argv)
{
  (void)argv;
#ifndef res_ndestroy
  return ((int*)(&res_ndestroy))[argc];
#else
  (void)argc;
  return 0;
#endif
}

Performing C SOURCE FILE Test HAVE_RES_GETSERVERS succeeded with the following output:
Change Dir: /Users/syzn/Documents/Official_Linphone/linphone-iphone/WORK/ios-x86_64/Build/bellesip/CMakeFiles/CMakeTmp

Run Build Command:"/usr/bin/make" "cmTC_f230a/fast"
/Applications/Xcode.app/Contents/Developer/usr/bin/make -f CMakeFiles/cmTC_f230a.dir/build.make CMakeFiles/cmTC_f230a.dir/build
Building C object CMakeFiles/cmTC_f230a.dir/src.c.o
/Applications/Xcode.app/Contents/Developer/Toolchains/XcodeDefault.xctoolchain/usr/bin/clang  --target=x86_64-apple-darwin   -miphoneos-version-min=8.0 -DTARGET_OS_IPHONE=1 -D__IOS -fms-extensions -DHAVE_RES_GETSERVERS -arch x86_64 -isysroot /Applications/Xcode.app/Contents/Developer/Platforms/iPhoneSimulator.platform/Developer/SDKs/iPhoneSimulator10.2.sdk   -o CMakeFiles/cmTC_f230a.dir/src.c.o   -c /Users/syzn/Documents/Official_Linphone/linphone-iphone/WORK/ios-x86_64/Build/bellesip/CMakeFiles/CMakeTmp/src.c
Linking C executable cmTC_f230a
/usr/local/Cellar/cmake/3.7.2/bin/cmake -E cmake_link_script CMakeFiles/cmTC_f230a.dir/link.txt --verbose=1
/Applications/Xcode.app/Contents/Developer/Toolchains/XcodeDefault.xctoolchain/usr/bin/clang  --target=x86_64-apple-darwin  -miphoneos-version-min=8.0 -DTARGET_OS_IPHONE=1 -D__IOS -fms-extensions -DHAVE_RES_GETSERVERS -arch x86_64 -isysroot /Applications/Xcode.app/Contents/Developer/Platforms/iPhoneSimulator.platform/Developer/SDKs/iPhoneSimulator10.2.sdk -Wl,-headerpad_max_install_names   CMakeFiles/cmTC_f230a.dir/src.c.o  -o cmTC_f230a  -lresolv 

Source file was:
#include <resolv.h>
int main(int argc, char *argv[]) {
res_getservers(NULL,NULL,0);
return 0;
}
Determining if the include file pthread.h exists passed with the following output:
Change Dir: /Users/syzn/Documents/Official_Linphone/linphone-iphone/WORK/ios-x86_64/Build/bellesip/CMakeFiles/CMakeTmp

Run Build Command:"/usr/bin/make" "cmTC_55542/fast"
/Applications/Xcode.app/Contents/Developer/usr/bin/make -f CMakeFiles/cmTC_55542.dir/build.make CMakeFiles/cmTC_55542.dir/build
Building C object CMakeFiles/cmTC_55542.dir/CheckIncludeFile.c.o
/Applications/Xcode.app/Contents/Developer/Toolchains/XcodeDefault.xctoolchain/usr/bin/clang  --target=x86_64-apple-darwin   -miphoneos-version-min=8.0 -DTARGET_OS_IPHONE=1 -D__IOS -fms-extensions  -arch x86_64 -isysroot /Applications/Xcode.app/Contents/Developer/Platforms/iPhoneSimulator.platform/Developer/SDKs/iPhoneSimulator10.2.sdk   -o CMakeFiles/cmTC_55542.dir/CheckIncludeFile.c.o   -c /Users/syzn/Documents/Official_Linphone/linphone-iphone/WORK/ios-x86_64/Build/bellesip/CMakeFiles/CMakeTmp/CheckIncludeFile.c
Linking C executable cmTC_55542
/usr/local/Cellar/cmake/3.7.2/bin/cmake -E cmake_link_script CMakeFiles/cmTC_55542.dir/link.txt --verbose=1
/Applications/Xcode.app/Contents/Developer/Toolchains/XcodeDefault.xctoolchain/usr/bin/clang  --target=x86_64-apple-darwin  -miphoneos-version-min=8.0 -DTARGET_OS_IPHONE=1 -D__IOS -fms-extensions  -arch x86_64 -isysroot /Applications/Xcode.app/Contents/Developer/Platforms/iPhoneSimulator.platform/Developer/SDKs/iPhoneSimulator10.2.sdk -Wl,-headerpad_max_install_names   CMakeFiles/cmTC_55542.dir/CheckIncludeFile.c.o  -o cmTC_55542  


Determining if the pthread_create exist passed with the following output:
Change Dir: /Users/syzn/Documents/Official_Linphone/linphone-iphone/WORK/ios-x86_64/Build/bellesip/CMakeFiles/CMakeTmp

Run Build Command:"/usr/bin/make" "cmTC_eaebd/fast"
/Applications/Xcode.app/Contents/Developer/usr/bin/make -f CMakeFiles/cmTC_eaebd.dir/build.make CMakeFiles/cmTC_eaebd.dir/build
Building C object CMakeFiles/cmTC_eaebd.dir/CheckSymbolExists.c.o
/Applications/Xcode.app/Contents/Developer/Toolchains/XcodeDefault.xctoolchain/usr/bin/clang  --target=x86_64-apple-darwin   -miphoneos-version-min=8.0 -DTARGET_OS_IPHONE=1 -D__IOS -fms-extensions  -arch x86_64 -isysroot /Applications/Xcode.app/Contents/Developer/Platforms/iPhoneSimulator.platform/Developer/SDKs/iPhoneSimulator10.2.sdk   -o CMakeFiles/cmTC_eaebd.dir/CheckSymbolExists.c.o   -c /Users/syzn/Documents/Official_Linphone/linphone-iphone/WORK/ios-x86_64/Build/bellesip/CMakeFiles/CMakeTmp/CheckSymbolExists.c
Linking C executable cmTC_eaebd
/usr/local/Cellar/cmake/3.7.2/bin/cmake -E cmake_link_script CMakeFiles/cmTC_eaebd.dir/link.txt --verbose=1
/Applications/Xcode.app/Contents/Developer/Toolchains/XcodeDefault.xctoolchain/usr/bin/clang  --target=x86_64-apple-darwin  -miphoneos-version-min=8.0 -DTARGET_OS_IPHONE=1 -D__IOS -fms-extensions  -arch x86_64 -isysroot /Applications/Xcode.app/Contents/Developer/Platforms/iPhoneSimulator.platform/Developer/SDKs/iPhoneSimulator10.2.sdk -Wl,-headerpad_max_install_names   CMakeFiles/cmTC_eaebd.dir/CheckSymbolExists.c.o  -o cmTC_eaebd  

File /Users/syzn/Documents/Official_Linphone/linphone-iphone/WORK/ios-x86_64/Build/bellesip/CMakeFiles/CMakeTmp/CheckSymbolExists.c:
/* */
#include <pthread.h>

int main(int argc, char** argv)
{
  (void)argv;
#ifndef pthread_create
  return ((int*)(&pthread_create))[argc];
#else
  (void)argc;
  return 0;
#endif
}

Determining if the antlr3StringStreamNew exist passed with the following output:
Change Dir: /Users/syzn/Documents/Official_Linphone/linphone-iphone/WORK/ios-x86_64/Build/bellesip/CMakeFiles/CMakeTmp

Run Build Command:"/usr/bin/make" "cmTC_3c09d/fast"
/Applications/Xcode.app/Contents/Developer/usr/bin/make -f CMakeFiles/cmTC_3c09d.dir/build.make CMakeFiles/cmTC_3c09d.dir/build
Building C object CMakeFiles/cmTC_3c09d.dir/CheckSymbolExists.c.o
/Applications/Xcode.app/Contents/Developer/Toolchains/XcodeDefault.xctoolchain/usr/bin/clang  --target=x86_64-apple-darwin  -I/Users/syzn/Documents/Official_Linphone/linphone-iphone/liblinphone-sdk/x86_64-apple-darwin.ios/include  -miphoneos-version-min=8.0 -DTARGET_OS_IPHONE=1 -D__IOS -fms-extensions  -arch x86_64 -isysroot /Applications/Xcode.app/Contents/Developer/Platforms/iPhoneSimulator.platform/Developer/SDKs/iPhoneSimulator10.2.sdk   -o CMakeFiles/cmTC_3c09d.dir/CheckSymbolExists.c.o   -c /Users/syzn/Documents/Official_Linphone/linphone-iphone/WORK/ios-x86_64/Build/bellesip/CMakeFiles/CMakeTmp/CheckSymbolExists.c
Linking C executable cmTC_3c09d
/usr/local/Cellar/cmake/3.7.2/bin/cmake -E cmake_link_script CMakeFiles/cmTC_3c09d.dir/link.txt --verbose=1
/Applications/Xcode.app/Contents/Developer/Toolchains/XcodeDefault.xctoolchain/usr/bin/clang  --target=x86_64-apple-darwin  -miphoneos-version-min=8.0 -DTARGET_OS_IPHONE=1 -D__IOS -fms-extensions  -arch x86_64 -isysroot /Applications/Xcode.app/Contents/Developer/Platforms/iPhoneSimulator.platform/Developer/SDKs/iPhoneSimulator10.2.sdk -Wl,-headerpad_max_install_names   CMakeFiles/cmTC_3c09d.dir/CheckSymbolExists.c.o  -o cmTC_3c09d  /Users/syzn/Documents/Official_Linphone/linphone-iphone/liblinphone-sdk/x86_64-apple-darwin.ios/lib/libantlr3c.a 

File /Users/syzn/Documents/Official_Linphone/linphone-iphone/WORK/ios-x86_64/Build/bellesip/CMakeFiles/CMakeTmp/CheckSymbolExists.c:
/* */
#include <antlr3.h>

int main(int argc, char** argv)
{
  (void)argv;
#ifndef antlr3StringStreamNew
  return ((int*)(&antlr3StringStreamNew))[argc];
#else
  (void)argc;
  return 0;
#endif
}

