Compiling the C compiler identification source file "CMakeCCompilerId.c" failed.
Compiler: /Applications/Xcode.app/Contents/Developer/Toolchains/XcodeDefault.xctoolchain/usr/bin/clang 
Build flags: ;-miphoneos-version-min=8.0;-DTARGET_OS_IPHONE=1;-D__IOS;-fms-extensions;-mcpu=cortex-a8;-fembed-bitcode
Id flags: 

The output was:
1
clang: warning: argument unused during compilation: '-mcpu=cortex-a8'
ld: building for iOS simulator, but linking against dylib built for OSX, file '/usr/lib/libSystem.dylib' for architecture x86_64
clang: error: linker command failed with exit code 1 (use -v to see invocation)


Compiling the CXX compiler identification source file "CMakeCXXCompilerId.cpp" failed.
Compiler: /Applications/Xcode.app/Contents/Developer/Toolchains/XcodeDefault.xctoolchain/usr/bin/clang++ 
Build flags: ;-miphoneos-version-min=8.0;-DTARGET_OS_IPHONE=1;-D__IOS;-fms-extensions;-mcpu=cortex-a8;-fembed-bitcode;;-stdlib=libc++
Id flags: 

The output was:
1
clang: warning: argument unused during compilation: '-mcpu=cortex-a8'
ld: building for iOS simulator, but linking against dylib built for OSX, file '/usr/lib/libSystem.dylib' for architecture x86_64
clang: error: linker command failed with exit code 1 (use -v to see invocation)


Determining if the include file sys/audio.h exists failed with the following output:
Change Dir: /Users/syzn/Documents/Official_Linphone/linphone-iphone/WORK/ios-armv7/Build/ortp/CMakeFiles/CMakeTmp

Run Build Command:"/usr/bin/make" "cmTC_caabf/fast"
/Applications/Xcode.app/Contents/Developer/usr/bin/make -f CMakeFiles/cmTC_caabf.dir/build.make CMakeFiles/cmTC_caabf.dir/build
Building C object CMakeFiles/cmTC_caabf.dir/CheckIncludeFile.c.o
/Applications/Xcode.app/Contents/Developer/Toolchains/XcodeDefault.xctoolchain/usr/bin/clang  --target=armv7-apple-darwin   -miphoneos-version-min=8.0 -DTARGET_OS_IPHONE=1 -D__IOS -fms-extensions -mcpu=cortex-a8 -fembed-bitcode  -arch armv7 -isysroot /Applications/Xcode.app/Contents/Developer/Platforms/iPhoneOS.platform/Developer/SDKs/iPhoneOS10.2.sdk   -o CMakeFiles/cmTC_caabf.dir/CheckIncludeFile.c.o   -c /Users/syzn/Documents/Official_Linphone/linphone-iphone/WORK/ios-armv7/Build/ortp/CMakeFiles/CMakeTmp/CheckIncludeFile.c
/Users/syzn/Documents/Official_Linphone/linphone-iphone/WORK/ios-armv7/Build/ortp/CMakeFiles/CMakeTmp/CheckIncludeFile.c:1:10: fatal error: 'sys/audio.h' file not found
#include <sys/audio.h>
         ^
1 error generated.
make[5]: *** [CMakeFiles/cmTC_caabf.dir/CheckIncludeFile.c.o] Error 1
make[4]: *** [cmTC_caabf/fast] Error 2


